-------------------------------------------------------------------------------
Test set: org.acme.graphql.BrandGraphQLResourceTest
-------------------------------------------------------------------------------
Tests run: 10, Failures: 0, Errors: 10, Skipped: 0, Time elapsed: 0.057 s <<< FAILURE! -- in org.acme.graphql.BrandGraphQLResourceTest
org.acme.graphql.BrandGraphQLResourceTest.testGetBrandsQuery -- Time elapsed: 0.008 s <<< ERROR!
org.hibernate.exception.ConstraintViolationException: 
JDBC exception executing SQL [delete from brands b1_0] [Referential integrity constraint violation: "FKA3A4MPSFDF4D2Y6R8RA3SC8MV: PUBLIC.PRODUCTS FOREIGN KEY(BRAND_ID) REFERENCES PUBLIC.BRANDS(ID) (CAST(7 AS BIGINT))"; SQL statement:
delete from brands b1_0 [23503-230]] [n/a]
	at org.hibernate.dialect.H2Dialect.lambda$buildSQLExceptionConversionDelegate$3(H2Dialect.java:829)
	at org.hibernate.exception.internal.StandardSQLExceptionConverter.convert(StandardSQLExceptionConverter.java:34)
	at org.hibernate.engine.jdbc.spi.SqlExceptionHelper.convert(SqlExceptionHelper.java:115)
	at org.hibernate.engine.jdbc.spi.SqlExceptionHelper.convert(SqlExceptionHelper.java:101)
	at org.hibernate.sql.exec.internal.StandardJdbcMutationExecutor.handleException(StandardJdbcMutationExecutor.java:102)
	at org.hibernate.sql.exec.internal.StandardJdbcMutationExecutor.execute(StandardJdbcMutationExecutor.java:91)
	at org.hibernate.query.sqm.internal.SimpleDeleteQueryPlan.executeUpdate(SimpleDeleteQueryPlan.java:181)
	at org.hibernate.query.sqm.internal.QuerySqmImpl.doExecuteUpdate(QuerySqmImpl.java:543)
	at org.hibernate.query.sqm.internal.QuerySqmImpl.executeUpdate(QuerySqmImpl.java:515)
	at io.quarkus.hibernate.orm.panache.common.runtime.AbstractJpaOperations.deleteAll(AbstractJpaOperations.java:400)
	at org.acme.entity.Brand.deleteAll(Brand.java)
	at org.acme.graphql.BrandGraphQLResourceTest.setUp(BrandGraphQLResourceTest.java:20)
	at org.acme.graphql.BrandGraphQLResourceTest_Subclass.setUp$$superforward(Unknown Source)
	at org.acme.graphql.BrandGraphQLResourceTest_Subclass$$function$$1.apply(Unknown Source)
	at io.quarkus.arc.impl.AroundInvokeInvocationContext.proceed(AroundInvokeInvocationContext.java:73)
	at io.quarkus.arc.impl.AroundInvokeInvocationContext.proceed(AroundInvokeInvocationContext.java:62)
	at io.quarkus.narayana.jta.runtime.interceptor.TransactionalInterceptorBase.invokeInOurTx(TransactionalInterceptorBase.java:136)
	at io.quarkus.narayana.jta.runtime.interceptor.TransactionalInterceptorBase.invokeInOurTx(TransactionalInterceptorBase.java:107)
	at io.quarkus.narayana.jta.runtime.interceptor.TransactionalInterceptorRequired.doIntercept(TransactionalInterceptorRequired.java:38)
	at io.quarkus.narayana.jta.runtime.interceptor.TransactionalInterceptorBase.intercept(TransactionalInterceptorBase.java:61)
	at io.quarkus.narayana.jta.runtime.interceptor.TransactionalInterceptorRequired.intercept(TransactionalInterceptorRequired.java:32)
	at io.quarkus.narayana.jta.runtime.interceptor.TransactionalInterceptorRequired_Bean.intercept(Unknown Source)
	at io.quarkus.arc.impl.InterceptorInvocation.invoke(InterceptorInvocation.java:42)
	at io.quarkus.arc.impl.AroundInvokeInvocationContext.perform(AroundInvokeInvocationContext.java:30)
	at io.quarkus.arc.impl.InvocationContexts.performAroundInvoke(InvocationContexts.java:27)
	at org.acme.graphql.BrandGraphQLResourceTest_Subclass.setUp(Unknown Source)
	at java.base/java.lang.reflect.Method.invoke(Method.java:580)
	at io.quarkus.test.junit.QuarkusTestExtension.runExtensionMethod(QuarkusTestExtension.java:1000)
	at io.quarkus.test.junit.QuarkusTestExtension.interceptBeforeEachMethod(QuarkusTestExtension.java:829)
	at java.base/java.util.ArrayList.forEach(ArrayList.java:1597)
	at java.base/java.util.ArrayList.forEach(ArrayList.java:1597)
Caused by: org.h2.jdbc.JdbcSQLIntegrityConstraintViolationException: Referential integrity constraint violation: "FKA3A4MPSFDF4D2Y6R8RA3SC8MV: PUBLIC.PRODUCTS FOREIGN KEY(BRAND_ID) REFERENCES PUBLIC.BRANDS(ID) (CAST(7 AS BIGINT))"; SQL statement:
delete from brands b1_0 [23503-230]
	at org.h2.message.DbException.getJdbcSQLException(DbException.java:520)
	at org.h2.message.DbException.getJdbcSQLException(DbException.java:489)
	at org.h2.message.DbException.get(DbException.java:223)
	at org.h2.message.DbException.get(DbException.java:199)
	at org.h2.constraint.ConstraintReferential.checkRow(ConstraintReferential.java:362)
	at org.h2.constraint.ConstraintReferential.checkRowRefTable(ConstraintReferential.java:379)
	at org.h2.constraint.ConstraintReferential.checkRow(ConstraintReferential.java:253)
	at org.h2.table.Table.fireConstraints(Table.java:1227)
	at org.h2.table.Table.fireAfterRow(Table.java:1245)
	at org.h2.command.dml.Delete.update(Delete.java:92)
	at org.h2.command.dml.DataChangeStatement.update(DataChangeStatement.java:74)
	at org.h2.command.CommandContainer.update(CommandContainer.java:139)
	at org.h2.command.Command.executeUpdate(Command.java:304)
	at org.h2.command.Command.executeUpdate(Command.java:248)
	at org.h2.jdbc.JdbcPreparedStatement.executeUpdateInternal(JdbcPreparedStatement.java:213)
	at org.h2.jdbc.JdbcPreparedStatement.executeUpdate(JdbcPreparedStatement.java:172)
	at io.agroal.pool.wrapper.PreparedStatementWrapper.executeUpdate(PreparedStatementWrapper.java:90)
	at org.hibernate.sql.exec.internal.StandardJdbcMutationExecutor.execute(StandardJdbcMutationExecutor.java:77)
	... 25 more

org.acme.graphql.BrandGraphQLResourceTest.testCreateBrandWithValidationError -- Time elapsed: 0.012 s <<< ERROR!
org.hibernate.exception.ConstraintViolationException: 
JDBC exception executing SQL [delete from brands b1_0] [Referential integrity constraint violation: "FKA3A4MPSFDF4D2Y6R8RA3SC8MV: PUBLIC.PRODUCTS FOREIGN KEY(BRAND_ID) REFERENCES PUBLIC.BRANDS(ID) (CAST(7 AS BIGINT))"; SQL statement:
delete from brands b1_0 [23503-230]] [n/a]
	at org.hibernate.dialect.H2Dialect.lambda$buildSQLExceptionConversionDelegate$3(H2Dialect.java:829)
	at org.hibernate.exception.internal.StandardSQLExceptionConverter.convert(StandardSQLExceptionConverter.java:34)
	at org.hibernate.engine.jdbc.spi.SqlExceptionHelper.convert(SqlExceptionHelper.java:115)
	at org.hibernate.engine.jdbc.spi.SqlExceptionHelper.convert(SqlExceptionHelper.java:101)
	at org.hibernate.sql.exec.internal.StandardJdbcMutationExecutor.handleException(StandardJdbcMutationExecutor.java:102)
	at org.hibernate.sql.exec.internal.StandardJdbcMutationExecutor.execute(StandardJdbcMutationExecutor.java:91)
	at org.hibernate.query.sqm.internal.SimpleDeleteQueryPlan.executeUpdate(SimpleDeleteQueryPlan.java:181)
	at org.hibernate.query.sqm.internal.QuerySqmImpl.doExecuteUpdate(QuerySqmImpl.java:543)
	at org.hibernate.query.sqm.internal.QuerySqmImpl.executeUpdate(QuerySqmImpl.java:515)
	at io.quarkus.hibernate.orm.panache.common.runtime.AbstractJpaOperations.deleteAll(AbstractJpaOperations.java:400)
	at org.acme.entity.Brand.deleteAll(Brand.java)
	at org.acme.graphql.BrandGraphQLResourceTest.setUp(BrandGraphQLResourceTest.java:20)
	at org.acme.graphql.BrandGraphQLResourceTest_Subclass.setUp$$superforward(Unknown Source)
	at org.acme.graphql.BrandGraphQLResourceTest_Subclass$$function$$1.apply(Unknown Source)
	at io.quarkus.arc.impl.AroundInvokeInvocationContext.proceed(AroundInvokeInvocationContext.java:73)
	at io.quarkus.arc.impl.AroundInvokeInvocationContext.proceed(AroundInvokeInvocationContext.java:62)
	at io.quarkus.narayana.jta.runtime.interceptor.TransactionalInterceptorBase.invokeInOurTx(TransactionalInterceptorBase.java:136)
	at io.quarkus.narayana.jta.runtime.interceptor.TransactionalInterceptorBase.invokeInOurTx(TransactionalInterceptorBase.java:107)
	at io.quarkus.narayana.jta.runtime.interceptor.TransactionalInterceptorRequired.doIntercept(TransactionalInterceptorRequired.java:38)
	at io.quarkus.narayana.jta.runtime.interceptor.TransactionalInterceptorBase.intercept(TransactionalInterceptorBase.java:61)
	at io.quarkus.narayana.jta.runtime.interceptor.TransactionalInterceptorRequired.intercept(TransactionalInterceptorRequired.java:32)
	at io.quarkus.narayana.jta.runtime.interceptor.TransactionalInterceptorRequired_Bean.intercept(Unknown Source)
	at io.quarkus.arc.impl.InterceptorInvocation.invoke(InterceptorInvocation.java:42)
	at io.quarkus.arc.impl.AroundInvokeInvocationContext.perform(AroundInvokeInvocationContext.java:30)
	at io.quarkus.arc.impl.InvocationContexts.performAroundInvoke(InvocationContexts.java:27)
	at org.acme.graphql.BrandGraphQLResourceTest_Subclass.setUp(Unknown Source)
	at java.base/java.lang.reflect.Method.invoke(Method.java:580)
	at io.quarkus.test.junit.QuarkusTestExtension.runExtensionMethod(QuarkusTestExtension.java:1000)
	at io.quarkus.test.junit.QuarkusTestExtension.interceptBeforeEachMethod(QuarkusTestExtension.java:829)
	at java.base/java.util.ArrayList.forEach(ArrayList.java:1597)
	at java.base/java.util.ArrayList.forEach(ArrayList.java:1597)
Caused by: org.h2.jdbc.JdbcSQLIntegrityConstraintViolationException: Referential integrity constraint violation: "FKA3A4MPSFDF4D2Y6R8RA3SC8MV: PUBLIC.PRODUCTS FOREIGN KEY(BRAND_ID) REFERENCES PUBLIC.BRANDS(ID) (CAST(7 AS BIGINT))"; SQL statement:
delete from brands b1_0 [23503-230]
	at org.h2.message.DbException.getJdbcSQLException(DbException.java:520)
	at org.h2.message.DbException.getJdbcSQLException(DbException.java:489)
	at org.h2.message.DbException.get(DbException.java:223)
	at org.h2.message.DbException.get(DbException.java:199)
	at org.h2.constraint.ConstraintReferential.checkRow(ConstraintReferential.java:362)
	at org.h2.constraint.ConstraintReferential.checkRowRefTable(ConstraintReferential.java:379)
	at org.h2.constraint.ConstraintReferential.checkRow(ConstraintReferential.java:253)
	at org.h2.table.Table.fireConstraints(Table.java:1227)
	at org.h2.table.Table.fireAfterRow(Table.java:1245)
	at org.h2.command.dml.Delete.update(Delete.java:92)
	at org.h2.command.dml.DataChangeStatement.update(DataChangeStatement.java:74)
	at org.h2.command.CommandContainer.update(CommandContainer.java:139)
	at org.h2.command.Command.executeUpdate(Command.java:304)
	at org.h2.command.Command.executeUpdate(Command.java:248)
	at org.h2.jdbc.JdbcPreparedStatement.executeUpdateInternal(JdbcPreparedStatement.java:213)
	at org.h2.jdbc.JdbcPreparedStatement.executeUpdate(JdbcPreparedStatement.java:172)
	at io.agroal.pool.wrapper.PreparedStatementWrapper.executeUpdate(PreparedStatementWrapper.java:90)
	at org.hibernate.sql.exec.internal.StandardJdbcMutationExecutor.execute(StandardJdbcMutationExecutor.java:77)
	... 25 more

org.acme.graphql.BrandGraphQLResourceTest.testDeleteBrandMutation -- Time elapsed: 0.007 s <<< ERROR!
org.hibernate.exception.ConstraintViolationException: 
JDBC exception executing SQL [delete from brands b1_0] [Referential integrity constraint violation: "FKA3A4MPSFDF4D2Y6R8RA3SC8MV: PUBLIC.PRODUCTS FOREIGN KEY(BRAND_ID) REFERENCES PUBLIC.BRANDS(ID) (CAST(7 AS BIGINT))"; SQL statement:
delete from brands b1_0 [23503-230]] [n/a]
	at org.hibernate.dialect.H2Dialect.lambda$buildSQLExceptionConversionDelegate$3(H2Dialect.java:829)
	at org.hibernate.exception.internal.StandardSQLExceptionConverter.convert(StandardSQLExceptionConverter.java:34)
	at org.hibernate.engine.jdbc.spi.SqlExceptionHelper.convert(SqlExceptionHelper.java:115)
	at org.hibernate.engine.jdbc.spi.SqlExceptionHelper.convert(SqlExceptionHelper.java:101)
	at org.hibernate.sql.exec.internal.StandardJdbcMutationExecutor.handleException(StandardJdbcMutationExecutor.java:102)
	at org.hibernate.sql.exec.internal.StandardJdbcMutationExecutor.execute(StandardJdbcMutationExecutor.java:91)
	at org.hibernate.query.sqm.internal.SimpleDeleteQueryPlan.executeUpdate(SimpleDeleteQueryPlan.java:181)
	at org.hibernate.query.sqm.internal.QuerySqmImpl.doExecuteUpdate(QuerySqmImpl.java:543)
	at org.hibernate.query.sqm.internal.QuerySqmImpl.executeUpdate(QuerySqmImpl.java:515)
	at io.quarkus.hibernate.orm.panache.common.runtime.AbstractJpaOperations.deleteAll(AbstractJpaOperations.java:400)
	at org.acme.entity.Brand.deleteAll(Brand.java)
	at org.acme.graphql.BrandGraphQLResourceTest.setUp(BrandGraphQLResourceTest.java:20)
	at org.acme.graphql.BrandGraphQLResourceTest_Subclass.setUp$$superforward(Unknown Source)
	at org.acme.graphql.BrandGraphQLResourceTest_Subclass$$function$$1.apply(Unknown Source)
	at io.quarkus.arc.impl.AroundInvokeInvocationContext.proceed(AroundInvokeInvocationContext.java:73)
	at io.quarkus.arc.impl.AroundInvokeInvocationContext.proceed(AroundInvokeInvocationContext.java:62)
	at io.quarkus.narayana.jta.runtime.interceptor.TransactionalInterceptorBase.invokeInOurTx(TransactionalInterceptorBase.java:136)
	at io.quarkus.narayana.jta.runtime.interceptor.TransactionalInterceptorBase.invokeInOurTx(TransactionalInterceptorBase.java:107)
	at io.quarkus.narayana.jta.runtime.interceptor.TransactionalInterceptorRequired.doIntercept(TransactionalInterceptorRequired.java:38)
	at io.quarkus.narayana.jta.runtime.interceptor.TransactionalInterceptorBase.intercept(TransactionalInterceptorBase.java:61)
	at io.quarkus.narayana.jta.runtime.interceptor.TransactionalInterceptorRequired.intercept(TransactionalInterceptorRequired.java:32)
	at io.quarkus.narayana.jta.runtime.interceptor.TransactionalInterceptorRequired_Bean.intercept(Unknown Source)
	at io.quarkus.arc.impl.InterceptorInvocation.invoke(InterceptorInvocation.java:42)
	at io.quarkus.arc.impl.AroundInvokeInvocationContext.perform(AroundInvokeInvocationContext.java:30)
	at io.quarkus.arc.impl.InvocationContexts.performAroundInvoke(InvocationContexts.java:27)
	at org.acme.graphql.BrandGraphQLResourceTest_Subclass.setUp(Unknown Source)
	at java.base/java.lang.reflect.Method.invoke(Method.java:580)
	at io.quarkus.test.junit.QuarkusTestExtension.runExtensionMethod(QuarkusTestExtension.java:1000)
	at io.quarkus.test.junit.QuarkusTestExtension.interceptBeforeEachMethod(QuarkusTestExtension.java:829)
	at java.base/java.util.ArrayList.forEach(ArrayList.java:1597)
	at java.base/java.util.ArrayList.forEach(ArrayList.java:1597)
Caused by: org.h2.jdbc.JdbcSQLIntegrityConstraintViolationException: Referential integrity constraint violation: "FKA3A4MPSFDF4D2Y6R8RA3SC8MV: PUBLIC.PRODUCTS FOREIGN KEY(BRAND_ID) REFERENCES PUBLIC.BRANDS(ID) (CAST(7 AS BIGINT))"; SQL statement:
delete from brands b1_0 [23503-230]
	at org.h2.message.DbException.getJdbcSQLException(DbException.java:520)
	at org.h2.message.DbException.getJdbcSQLException(DbException.java:489)
	at org.h2.message.DbException.get(DbException.java:223)
	at org.h2.message.DbException.get(DbException.java:199)
	at org.h2.constraint.ConstraintReferential.checkRow(ConstraintReferential.java:362)
	at org.h2.constraint.ConstraintReferential.checkRowRefTable(ConstraintReferential.java:379)
	at org.h2.constraint.ConstraintReferential.checkRow(ConstraintReferential.java:253)
	at org.h2.table.Table.fireConstraints(Table.java:1227)
	at org.h2.table.Table.fireAfterRow(Table.java:1245)
	at org.h2.command.dml.Delete.update(Delete.java:92)
	at org.h2.command.dml.DataChangeStatement.update(DataChangeStatement.java:74)
	at org.h2.command.CommandContainer.update(CommandContainer.java:139)
	at org.h2.command.Command.executeUpdate(Command.java:304)
	at org.h2.command.Command.executeUpdate(Command.java:248)
	at org.h2.jdbc.JdbcPreparedStatement.executeUpdateInternal(JdbcPreparedStatement.java:213)
	at org.h2.jdbc.JdbcPreparedStatement.executeUpdate(JdbcPreparedStatement.java:172)
	at io.agroal.pool.wrapper.PreparedStatementWrapper.executeUpdate(PreparedStatementWrapper.java:90)
	at org.hibernate.sql.exec.internal.StandardJdbcMutationExecutor.execute(StandardJdbcMutationExecutor.java:77)
	... 25 more

org.acme.graphql.BrandGraphQLResourceTest.testUpdateBrandMutation -- Time elapsed: 0.003 s <<< ERROR!
org.hibernate.exception.ConstraintViolationException: 
JDBC exception executing SQL [delete from brands b1_0] [Referential integrity constraint violation: "FKA3A4MPSFDF4D2Y6R8RA3SC8MV: PUBLIC.PRODUCTS FOREIGN KEY(BRAND_ID) REFERENCES PUBLIC.BRANDS(ID) (CAST(7 AS BIGINT))"; SQL statement:
delete from brands b1_0 [23503-230]] [n/a]
	at org.hibernate.dialect.H2Dialect.lambda$buildSQLExceptionConversionDelegate$3(H2Dialect.java:829)
	at org.hibernate.exception.internal.StandardSQLExceptionConverter.convert(StandardSQLExceptionConverter.java:34)
	at org.hibernate.engine.jdbc.spi.SqlExceptionHelper.convert(SqlExceptionHelper.java:115)
	at org.hibernate.engine.jdbc.spi.SqlExceptionHelper.convert(SqlExceptionHelper.java:101)
	at org.hibernate.sql.exec.internal.StandardJdbcMutationExecutor.handleException(StandardJdbcMutationExecutor.java:102)
	at org.hibernate.sql.exec.internal.StandardJdbcMutationExecutor.execute(StandardJdbcMutationExecutor.java:91)
	at org.hibernate.query.sqm.internal.SimpleDeleteQueryPlan.executeUpdate(SimpleDeleteQueryPlan.java:181)
	at org.hibernate.query.sqm.internal.QuerySqmImpl.doExecuteUpdate(QuerySqmImpl.java:543)
	at org.hibernate.query.sqm.internal.QuerySqmImpl.executeUpdate(QuerySqmImpl.java:515)
	at io.quarkus.hibernate.orm.panache.common.runtime.AbstractJpaOperations.deleteAll(AbstractJpaOperations.java:400)
	at org.acme.entity.Brand.deleteAll(Brand.java)
	at org.acme.graphql.BrandGraphQLResourceTest.setUp(BrandGraphQLResourceTest.java:20)
	at org.acme.graphql.BrandGraphQLResourceTest_Subclass.setUp$$superforward(Unknown Source)
	at org.acme.graphql.BrandGraphQLResourceTest_Subclass$$function$$1.apply(Unknown Source)
	at io.quarkus.arc.impl.AroundInvokeInvocationContext.proceed(AroundInvokeInvocationContext.java:73)
	at io.quarkus.arc.impl.AroundInvokeInvocationContext.proceed(AroundInvokeInvocationContext.java:62)
	at io.quarkus.narayana.jta.runtime.interceptor.TransactionalInterceptorBase.invokeInOurTx(TransactionalInterceptorBase.java:136)
	at io.quarkus.narayana.jta.runtime.interceptor.TransactionalInterceptorBase.invokeInOurTx(TransactionalInterceptorBase.java:107)
	at io.quarkus.narayana.jta.runtime.interceptor.TransactionalInterceptorRequired.doIntercept(TransactionalInterceptorRequired.java:38)
	at io.quarkus.narayana.jta.runtime.interceptor.TransactionalInterceptorBase.intercept(TransactionalInterceptorBase.java:61)
	at io.quarkus.narayana.jta.runtime.interceptor.TransactionalInterceptorRequired.intercept(TransactionalInterceptorRequired.java:32)
	at io.quarkus.narayana.jta.runtime.interceptor.TransactionalInterceptorRequired_Bean.intercept(Unknown Source)
	at io.quarkus.arc.impl.InterceptorInvocation.invoke(InterceptorInvocation.java:42)
	at io.quarkus.arc.impl.AroundInvokeInvocationContext.perform(AroundInvokeInvocationContext.java:30)
	at io.quarkus.arc.impl.InvocationContexts.performAroundInvoke(InvocationContexts.java:27)
	at org.acme.graphql.BrandGraphQLResourceTest_Subclass.setUp(Unknown Source)
	at java.base/java.lang.reflect.Method.invoke(Method.java:580)
	at io.quarkus.test.junit.QuarkusTestExtension.runExtensionMethod(QuarkusTestExtension.java:1000)
	at io.quarkus.test.junit.QuarkusTestExtension.interceptBeforeEachMethod(QuarkusTestExtension.java:829)
	at java.base/java.util.ArrayList.forEach(ArrayList.java:1597)
	at java.base/java.util.ArrayList.forEach(ArrayList.java:1597)
Caused by: org.h2.jdbc.JdbcSQLIntegrityConstraintViolationException: Referential integrity constraint violation: "FKA3A4MPSFDF4D2Y6R8RA3SC8MV: PUBLIC.PRODUCTS FOREIGN KEY(BRAND_ID) REFERENCES PUBLIC.BRANDS(ID) (CAST(7 AS BIGINT))"; SQL statement:
delete from brands b1_0 [23503-230]
	at org.h2.message.DbException.getJdbcSQLException(DbException.java:520)
	at org.h2.message.DbException.getJdbcSQLException(DbException.java:489)
	at org.h2.message.DbException.get(DbException.java:223)
	at org.h2.message.DbException.get(DbException.java:199)
	at org.h2.constraint.ConstraintReferential.checkRow(ConstraintReferential.java:362)
	at org.h2.constraint.ConstraintReferential.checkRowRefTable(ConstraintReferential.java:379)
	at org.h2.constraint.ConstraintReferential.checkRow(ConstraintReferential.java:253)
	at org.h2.table.Table.fireConstraints(Table.java:1227)
	at org.h2.table.Table.fireAfterRow(Table.java:1245)
	at org.h2.command.dml.Delete.update(Delete.java:92)
	at org.h2.command.dml.DataChangeStatement.update(DataChangeStatement.java:74)
	at org.h2.command.CommandContainer.update(CommandContainer.java:139)
	at org.h2.command.Command.executeUpdate(Command.java:304)
	at org.h2.command.Command.executeUpdate(Command.java:248)
	at org.h2.jdbc.JdbcPreparedStatement.executeUpdateInternal(JdbcPreparedStatement.java:213)
	at org.h2.jdbc.JdbcPreparedStatement.executeUpdate(JdbcPreparedStatement.java:172)
	at io.agroal.pool.wrapper.PreparedStatementWrapper.executeUpdate(PreparedStatementWrapper.java:90)
	at org.hibernate.sql.exec.internal.StandardJdbcMutationExecutor.execute(StandardJdbcMutationExecutor.java:77)
	... 25 more

org.acme.graphql.BrandGraphQLResourceTest.testActivateBrandMutation -- Time elapsed: 0.003 s <<< ERROR!
org.hibernate.exception.ConstraintViolationException: 
JDBC exception executing SQL [delete from brands b1_0] [Referential integrity constraint violation: "FKA3A4MPSFDF4D2Y6R8RA3SC8MV: PUBLIC.PRODUCTS FOREIGN KEY(BRAND_ID) REFERENCES PUBLIC.BRANDS(ID) (CAST(7 AS BIGINT))"; SQL statement:
delete from brands b1_0 [23503-230]] [n/a]
	at org.hibernate.dialect.H2Dialect.lambda$buildSQLExceptionConversionDelegate$3(H2Dialect.java:829)
	at org.hibernate.exception.internal.StandardSQLExceptionConverter.convert(StandardSQLExceptionConverter.java:34)
	at org.hibernate.engine.jdbc.spi.SqlExceptionHelper.convert(SqlExceptionHelper.java:115)
	at org.hibernate.engine.jdbc.spi.SqlExceptionHelper.convert(SqlExceptionHelper.java:101)
	at org.hibernate.sql.exec.internal.StandardJdbcMutationExecutor.handleException(StandardJdbcMutationExecutor.java:102)
	at org.hibernate.sql.exec.internal.StandardJdbcMutationExecutor.execute(StandardJdbcMutationExecutor.java:91)
	at org.hibernate.query.sqm.internal.SimpleDeleteQueryPlan.executeUpdate(SimpleDeleteQueryPlan.java:181)
	at org.hibernate.query.sqm.internal.QuerySqmImpl.doExecuteUpdate(QuerySqmImpl.java:543)
	at org.hibernate.query.sqm.internal.QuerySqmImpl.executeUpdate(QuerySqmImpl.java:515)
	at io.quarkus.hibernate.orm.panache.common.runtime.AbstractJpaOperations.deleteAll(AbstractJpaOperations.java:400)
	at org.acme.entity.Brand.deleteAll(Brand.java)
	at org.acme.graphql.BrandGraphQLResourceTest.setUp(BrandGraphQLResourceTest.java:20)
	at org.acme.graphql.BrandGraphQLResourceTest_Subclass.setUp$$superforward(Unknown Source)
	at org.acme.graphql.BrandGraphQLResourceTest_Subclass$$function$$1.apply(Unknown Source)
	at io.quarkus.arc.impl.AroundInvokeInvocationContext.proceed(AroundInvokeInvocationContext.java:73)
	at io.quarkus.arc.impl.AroundInvokeInvocationContext.proceed(AroundInvokeInvocationContext.java:62)
	at io.quarkus.narayana.jta.runtime.interceptor.TransactionalInterceptorBase.invokeInOurTx(TransactionalInterceptorBase.java:136)
	at io.quarkus.narayana.jta.runtime.interceptor.TransactionalInterceptorBase.invokeInOurTx(TransactionalInterceptorBase.java:107)
	at io.quarkus.narayana.jta.runtime.interceptor.TransactionalInterceptorRequired.doIntercept(TransactionalInterceptorRequired.java:38)
	at io.quarkus.narayana.jta.runtime.interceptor.TransactionalInterceptorBase.intercept(TransactionalInterceptorBase.java:61)
	at io.quarkus.narayana.jta.runtime.interceptor.TransactionalInterceptorRequired.intercept(TransactionalInterceptorRequired.java:32)
	at io.quarkus.narayana.jta.runtime.interceptor.TransactionalInterceptorRequired_Bean.intercept(Unknown Source)
	at io.quarkus.arc.impl.InterceptorInvocation.invoke(InterceptorInvocation.java:42)
	at io.quarkus.arc.impl.AroundInvokeInvocationContext.perform(AroundInvokeInvocationContext.java:30)
	at io.quarkus.arc.impl.InvocationContexts.performAroundInvoke(InvocationContexts.java:27)
	at org.acme.graphql.BrandGraphQLResourceTest_Subclass.setUp(Unknown Source)
	at java.base/java.lang.reflect.Method.invoke(Method.java:580)
	at io.quarkus.test.junit.QuarkusTestExtension.runExtensionMethod(QuarkusTestExtension.java:1000)
	at io.quarkus.test.junit.QuarkusTestExtension.interceptBeforeEachMethod(QuarkusTestExtension.java:829)
	at java.base/java.util.ArrayList.forEach(ArrayList.java:1597)
	at java.base/java.util.ArrayList.forEach(ArrayList.java:1597)
Caused by: org.h2.jdbc.JdbcSQLIntegrityConstraintViolationException: Referential integrity constraint violation: "FKA3A4MPSFDF4D2Y6R8RA3SC8MV: PUBLIC.PRODUCTS FOREIGN KEY(BRAND_ID) REFERENCES PUBLIC.BRANDS(ID) (CAST(7 AS BIGINT))"; SQL statement:
delete from brands b1_0 [23503-230]
	at org.h2.message.DbException.getJdbcSQLException(DbException.java:520)
	at org.h2.message.DbException.getJdbcSQLException(DbException.java:489)
	at org.h2.message.DbException.get(DbException.java:223)
	at org.h2.message.DbException.get(DbException.java:199)
	at org.h2.constraint.ConstraintReferential.checkRow(ConstraintReferential.java:362)
	at org.h2.constraint.ConstraintReferential.checkRowRefTable(ConstraintReferential.java:379)
	at org.h2.constraint.ConstraintReferential.checkRow(ConstraintReferential.java:253)
	at org.h2.table.Table.fireConstraints(Table.java:1227)
	at org.h2.table.Table.fireAfterRow(Table.java:1245)
	at org.h2.command.dml.Delete.update(Delete.java:92)
	at org.h2.command.dml.DataChangeStatement.update(DataChangeStatement.java:74)
	at org.h2.command.CommandContainer.update(CommandContainer.java:139)
	at org.h2.command.Command.executeUpdate(Command.java:304)
	at org.h2.command.Command.executeUpdate(Command.java:248)
	at org.h2.jdbc.JdbcPreparedStatement.executeUpdateInternal(JdbcPreparedStatement.java:213)
	at org.h2.jdbc.JdbcPreparedStatement.executeUpdate(JdbcPreparedStatement.java:172)
	at io.agroal.pool.wrapper.PreparedStatementWrapper.executeUpdate(PreparedStatementWrapper.java:90)
	at org.hibernate.sql.exec.internal.StandardJdbcMutationExecutor.execute(StandardJdbcMutationExecutor.java:77)
	... 25 more

org.acme.graphql.BrandGraphQLResourceTest.testSearchBrandsQuery -- Time elapsed: 0.002 s <<< ERROR!
org.hibernate.exception.ConstraintViolationException: 
JDBC exception executing SQL [delete from brands b1_0] [Referential integrity constraint violation: "FKA3A4MPSFDF4D2Y6R8RA3SC8MV: PUBLIC.PRODUCTS FOREIGN KEY(BRAND_ID) REFERENCES PUBLIC.BRANDS(ID) (CAST(7 AS BIGINT))"; SQL statement:
delete from brands b1_0 [23503-230]] [n/a]
	at org.hibernate.dialect.H2Dialect.lambda$buildSQLExceptionConversionDelegate$3(H2Dialect.java:829)
	at org.hibernate.exception.internal.StandardSQLExceptionConverter.convert(StandardSQLExceptionConverter.java:34)
	at org.hibernate.engine.jdbc.spi.SqlExceptionHelper.convert(SqlExceptionHelper.java:115)
	at org.hibernate.engine.jdbc.spi.SqlExceptionHelper.convert(SqlExceptionHelper.java:101)
	at org.hibernate.sql.exec.internal.StandardJdbcMutationExecutor.handleException(StandardJdbcMutationExecutor.java:102)
	at org.hibernate.sql.exec.internal.StandardJdbcMutationExecutor.execute(StandardJdbcMutationExecutor.java:91)
	at org.hibernate.query.sqm.internal.SimpleDeleteQueryPlan.executeUpdate(SimpleDeleteQueryPlan.java:181)
	at org.hibernate.query.sqm.internal.QuerySqmImpl.doExecuteUpdate(QuerySqmImpl.java:543)
	at org.hibernate.query.sqm.internal.QuerySqmImpl.executeUpdate(QuerySqmImpl.java:515)
	at io.quarkus.hibernate.orm.panache.common.runtime.AbstractJpaOperations.deleteAll(AbstractJpaOperations.java:400)
	at org.acme.entity.Brand.deleteAll(Brand.java)
	at org.acme.graphql.BrandGraphQLResourceTest.setUp(BrandGraphQLResourceTest.java:20)
	at org.acme.graphql.BrandGraphQLResourceTest_Subclass.setUp$$superforward(Unknown Source)
	at org.acme.graphql.BrandGraphQLResourceTest_Subclass$$function$$1.apply(Unknown Source)
	at io.quarkus.arc.impl.AroundInvokeInvocationContext.proceed(AroundInvokeInvocationContext.java:73)
	at io.quarkus.arc.impl.AroundInvokeInvocationContext.proceed(AroundInvokeInvocationContext.java:62)
	at io.quarkus.narayana.jta.runtime.interceptor.TransactionalInterceptorBase.invokeInOurTx(TransactionalInterceptorBase.java:136)
	at io.quarkus.narayana.jta.runtime.interceptor.TransactionalInterceptorBase.invokeInOurTx(TransactionalInterceptorBase.java:107)
	at io.quarkus.narayana.jta.runtime.interceptor.TransactionalInterceptorRequired.doIntercept(TransactionalInterceptorRequired.java:38)
	at io.quarkus.narayana.jta.runtime.interceptor.TransactionalInterceptorBase.intercept(TransactionalInterceptorBase.java:61)
	at io.quarkus.narayana.jta.runtime.interceptor.TransactionalInterceptorRequired.intercept(TransactionalInterceptorRequired.java:32)
	at io.quarkus.narayana.jta.runtime.interceptor.TransactionalInterceptorRequired_Bean.intercept(Unknown Source)
	at io.quarkus.arc.impl.InterceptorInvocation.invoke(InterceptorInvocation.java:42)
	at io.quarkus.arc.impl.AroundInvokeInvocationContext.perform(AroundInvokeInvocationContext.java:30)
	at io.quarkus.arc.impl.InvocationContexts.performAroundInvoke(InvocationContexts.java:27)
	at org.acme.graphql.BrandGraphQLResourceTest_Subclass.setUp(Unknown Source)
	at java.base/java.lang.reflect.Method.invoke(Method.java:580)
	at io.quarkus.test.junit.QuarkusTestExtension.runExtensionMethod(QuarkusTestExtension.java:1000)
	at io.quarkus.test.junit.QuarkusTestExtension.interceptBeforeEachMethod(QuarkusTestExtension.java:829)
	at java.base/java.util.ArrayList.forEach(ArrayList.java:1597)
	at java.base/java.util.ArrayList.forEach(ArrayList.java:1597)
Caused by: org.h2.jdbc.JdbcSQLIntegrityConstraintViolationException: Referential integrity constraint violation: "FKA3A4MPSFDF4D2Y6R8RA3SC8MV: PUBLIC.PRODUCTS FOREIGN KEY(BRAND_ID) REFERENCES PUBLIC.BRANDS(ID) (CAST(7 AS BIGINT))"; SQL statement:
delete from brands b1_0 [23503-230]
	at org.h2.message.DbException.getJdbcSQLException(DbException.java:520)
	at org.h2.message.DbException.getJdbcSQLException(DbException.java:489)
	at org.h2.message.DbException.get(DbException.java:223)
	at org.h2.message.DbException.get(DbException.java:199)
	at org.h2.constraint.ConstraintReferential.checkRow(ConstraintReferential.java:362)
	at org.h2.constraint.ConstraintReferential.checkRowRefTable(ConstraintReferential.java:379)
	at org.h2.constraint.ConstraintReferential.checkRow(ConstraintReferential.java:253)
	at org.h2.table.Table.fireConstraints(Table.java:1227)
	at org.h2.table.Table.fireAfterRow(Table.java:1245)
	at org.h2.command.dml.Delete.update(Delete.java:92)
	at org.h2.command.dml.DataChangeStatement.update(DataChangeStatement.java:74)
	at org.h2.command.CommandContainer.update(CommandContainer.java:139)
	at org.h2.command.Command.executeUpdate(Command.java:304)
	at org.h2.command.Command.executeUpdate(Command.java:248)
	at org.h2.jdbc.JdbcPreparedStatement.executeUpdateInternal(JdbcPreparedStatement.java:213)
	at org.h2.jdbc.JdbcPreparedStatement.executeUpdate(JdbcPreparedStatement.java:172)
	at io.agroal.pool.wrapper.PreparedStatementWrapper.executeUpdate(PreparedStatementWrapper.java:90)
	at org.hibernate.sql.exec.internal.StandardJdbcMutationExecutor.execute(StandardJdbcMutationExecutor.java:77)
	... 25 more

org.acme.graphql.BrandGraphQLResourceTest.testDeactivateBrandMutation -- Time elapsed: 0.002 s <<< ERROR!
org.hibernate.exception.ConstraintViolationException: 
JDBC exception executing SQL [delete from brands b1_0] [Referential integrity constraint violation: "FKA3A4MPSFDF4D2Y6R8RA3SC8MV: PUBLIC.PRODUCTS FOREIGN KEY(BRAND_ID) REFERENCES PUBLIC.BRANDS(ID) (CAST(7 AS BIGINT))"; SQL statement:
delete from brands b1_0 [23503-230]] [n/a]
	at org.hibernate.dialect.H2Dialect.lambda$buildSQLExceptionConversionDelegate$3(H2Dialect.java:829)
	at org.hibernate.exception.internal.StandardSQLExceptionConverter.convert(StandardSQLExceptionConverter.java:34)
	at org.hibernate.engine.jdbc.spi.SqlExceptionHelper.convert(SqlExceptionHelper.java:115)
	at org.hibernate.engine.jdbc.spi.SqlExceptionHelper.convert(SqlExceptionHelper.java:101)
	at org.hibernate.sql.exec.internal.StandardJdbcMutationExecutor.handleException(StandardJdbcMutationExecutor.java:102)
	at org.hibernate.sql.exec.internal.StandardJdbcMutationExecutor.execute(StandardJdbcMutationExecutor.java:91)
	at org.hibernate.query.sqm.internal.SimpleDeleteQueryPlan.executeUpdate(SimpleDeleteQueryPlan.java:181)
	at org.hibernate.query.sqm.internal.QuerySqmImpl.doExecuteUpdate(QuerySqmImpl.java:543)
	at org.hibernate.query.sqm.internal.QuerySqmImpl.executeUpdate(QuerySqmImpl.java:515)
	at io.quarkus.hibernate.orm.panache.common.runtime.AbstractJpaOperations.deleteAll(AbstractJpaOperations.java:400)
	at org.acme.entity.Brand.deleteAll(Brand.java)
	at org.acme.graphql.BrandGraphQLResourceTest.setUp(BrandGraphQLResourceTest.java:20)
	at org.acme.graphql.BrandGraphQLResourceTest_Subclass.setUp$$superforward(Unknown Source)
	at org.acme.graphql.BrandGraphQLResourceTest_Subclass$$function$$1.apply(Unknown Source)
	at io.quarkus.arc.impl.AroundInvokeInvocationContext.proceed(AroundInvokeInvocationContext.java:73)
	at io.quarkus.arc.impl.AroundInvokeInvocationContext.proceed(AroundInvokeInvocationContext.java:62)
	at io.quarkus.narayana.jta.runtime.interceptor.TransactionalInterceptorBase.invokeInOurTx(TransactionalInterceptorBase.java:136)
	at io.quarkus.narayana.jta.runtime.interceptor.TransactionalInterceptorBase.invokeInOurTx(TransactionalInterceptorBase.java:107)
	at io.quarkus.narayana.jta.runtime.interceptor.TransactionalInterceptorRequired.doIntercept(TransactionalInterceptorRequired.java:38)
	at io.quarkus.narayana.jta.runtime.interceptor.TransactionalInterceptorBase.intercept(TransactionalInterceptorBase.java:61)
	at io.quarkus.narayana.jta.runtime.interceptor.TransactionalInterceptorRequired.intercept(TransactionalInterceptorRequired.java:32)
	at io.quarkus.narayana.jta.runtime.interceptor.TransactionalInterceptorRequired_Bean.intercept(Unknown Source)
	at io.quarkus.arc.impl.InterceptorInvocation.invoke(InterceptorInvocation.java:42)
	at io.quarkus.arc.impl.AroundInvokeInvocationContext.perform(AroundInvokeInvocationContext.java:30)
	at io.quarkus.arc.impl.InvocationContexts.performAroundInvoke(InvocationContexts.java:27)
	at org.acme.graphql.BrandGraphQLResourceTest_Subclass.setUp(Unknown Source)
	at java.base/java.lang.reflect.Method.invoke(Method.java:580)
	at io.quarkus.test.junit.QuarkusTestExtension.runExtensionMethod(QuarkusTestExtension.java:1000)
	at io.quarkus.test.junit.QuarkusTestExtension.interceptBeforeEachMethod(QuarkusTestExtension.java:829)
	at java.base/java.util.ArrayList.forEach(ArrayList.java:1597)
	at java.base/java.util.ArrayList.forEach(ArrayList.java:1597)
Caused by: org.h2.jdbc.JdbcSQLIntegrityConstraintViolationException: Referential integrity constraint violation: "FKA3A4MPSFDF4D2Y6R8RA3SC8MV: PUBLIC.PRODUCTS FOREIGN KEY(BRAND_ID) REFERENCES PUBLIC.BRANDS(ID) (CAST(7 AS BIGINT))"; SQL statement:
delete from brands b1_0 [23503-230]
	at org.h2.message.DbException.getJdbcSQLException(DbException.java:520)
	at org.h2.message.DbException.getJdbcSQLException(DbException.java:489)
	at org.h2.message.DbException.get(DbException.java:223)
	at org.h2.message.DbException.get(DbException.java:199)
	at org.h2.constraint.ConstraintReferential.checkRow(ConstraintReferential.java:362)
	at org.h2.constraint.ConstraintReferential.checkRowRefTable(ConstraintReferential.java:379)
	at org.h2.constraint.ConstraintReferential.checkRow(ConstraintReferential.java:253)
	at org.h2.table.Table.fireConstraints(Table.java:1227)
	at org.h2.table.Table.fireAfterRow(Table.java:1245)
	at org.h2.command.dml.Delete.update(Delete.java:92)
	at org.h2.command.dml.DataChangeStatement.update(DataChangeStatement.java:74)
	at org.h2.command.CommandContainer.update(CommandContainer.java:139)
	at org.h2.command.Command.executeUpdate(Command.java:304)
	at org.h2.command.Command.executeUpdate(Command.java:248)
	at org.h2.jdbc.JdbcPreparedStatement.executeUpdateInternal(JdbcPreparedStatement.java:213)
	at org.h2.jdbc.JdbcPreparedStatement.executeUpdate(JdbcPreparedStatement.java:172)
	at io.agroal.pool.wrapper.PreparedStatementWrapper.executeUpdate(PreparedStatementWrapper.java:90)
	at org.hibernate.sql.exec.internal.StandardJdbcMutationExecutor.execute(StandardJdbcMutationExecutor.java:77)
	... 25 more

org.acme.graphql.BrandGraphQLResourceTest.testCreateBrandMutation -- Time elapsed: 0.001 s <<< ERROR!
org.hibernate.exception.ConstraintViolationException: 
JDBC exception executing SQL [delete from brands b1_0] [Referential integrity constraint violation: "FKA3A4MPSFDF4D2Y6R8RA3SC8MV: PUBLIC.PRODUCTS FOREIGN KEY(BRAND_ID) REFERENCES PUBLIC.BRANDS(ID) (CAST(7 AS BIGINT))"; SQL statement:
delete from brands b1_0 [23503-230]] [n/a]
	at org.hibernate.dialect.H2Dialect.lambda$buildSQLExceptionConversionDelegate$3(H2Dialect.java:829)
	at org.hibernate.exception.internal.StandardSQLExceptionConverter.convert(StandardSQLExceptionConverter.java:34)
	at org.hibernate.engine.jdbc.spi.SqlExceptionHelper.convert(SqlExceptionHelper.java:115)
	at org.hibernate.engine.jdbc.spi.SqlExceptionHelper.convert(SqlExceptionHelper.java:101)
	at org.hibernate.sql.exec.internal.StandardJdbcMutationExecutor.handleException(StandardJdbcMutationExecutor.java:102)
	at org.hibernate.sql.exec.internal.StandardJdbcMutationExecutor.execute(StandardJdbcMutationExecutor.java:91)
	at org.hibernate.query.sqm.internal.SimpleDeleteQueryPlan.executeUpdate(SimpleDeleteQueryPlan.java:181)
	at org.hibernate.query.sqm.internal.QuerySqmImpl.doExecuteUpdate(QuerySqmImpl.java:543)
	at org.hibernate.query.sqm.internal.QuerySqmImpl.executeUpdate(QuerySqmImpl.java:515)
	at io.quarkus.hibernate.orm.panache.common.runtime.AbstractJpaOperations.deleteAll(AbstractJpaOperations.java:400)
	at org.acme.entity.Brand.deleteAll(Brand.java)
	at org.acme.graphql.BrandGraphQLResourceTest.setUp(BrandGraphQLResourceTest.java:20)
	at org.acme.graphql.BrandGraphQLResourceTest_Subclass.setUp$$superforward(Unknown Source)
	at org.acme.graphql.BrandGraphQLResourceTest_Subclass$$function$$1.apply(Unknown Source)
	at io.quarkus.arc.impl.AroundInvokeInvocationContext.proceed(AroundInvokeInvocationContext.java:73)
	at io.quarkus.arc.impl.AroundInvokeInvocationContext.proceed(AroundInvokeInvocationContext.java:62)
	at io.quarkus.narayana.jta.runtime.interceptor.TransactionalInterceptorBase.invokeInOurTx(TransactionalInterceptorBase.java:136)
	at io.quarkus.narayana.jta.runtime.interceptor.TransactionalInterceptorBase.invokeInOurTx(TransactionalInterceptorBase.java:107)
	at io.quarkus.narayana.jta.runtime.interceptor.TransactionalInterceptorRequired.doIntercept(TransactionalInterceptorRequired.java:38)
	at io.quarkus.narayana.jta.runtime.interceptor.TransactionalInterceptorBase.intercept(TransactionalInterceptorBase.java:61)
	at io.quarkus.narayana.jta.runtime.interceptor.TransactionalInterceptorRequired.intercept(TransactionalInterceptorRequired.java:32)
	at io.quarkus.narayana.jta.runtime.interceptor.TransactionalInterceptorRequired_Bean.intercept(Unknown Source)
	at io.quarkus.arc.impl.InterceptorInvocation.invoke(InterceptorInvocation.java:42)
	at io.quarkus.arc.impl.AroundInvokeInvocationContext.perform(AroundInvokeInvocationContext.java:30)
	at io.quarkus.arc.impl.InvocationContexts.performAroundInvoke(InvocationContexts.java:27)
	at org.acme.graphql.BrandGraphQLResourceTest_Subclass.setUp(Unknown Source)
	at java.base/java.lang.reflect.Method.invoke(Method.java:580)
	at io.quarkus.test.junit.QuarkusTestExtension.runExtensionMethod(QuarkusTestExtension.java:1000)
	at io.quarkus.test.junit.QuarkusTestExtension.interceptBeforeEachMethod(QuarkusTestExtension.java:829)
	at java.base/java.util.ArrayList.forEach(ArrayList.java:1597)
	at java.base/java.util.ArrayList.forEach(ArrayList.java:1597)
Caused by: org.h2.jdbc.JdbcSQLIntegrityConstraintViolationException: Referential integrity constraint violation: "FKA3A4MPSFDF4D2Y6R8RA3SC8MV: PUBLIC.PRODUCTS FOREIGN KEY(BRAND_ID) REFERENCES PUBLIC.BRANDS(ID) (CAST(7 AS BIGINT))"; SQL statement:
delete from brands b1_0 [23503-230]
	at org.h2.message.DbException.getJdbcSQLException(DbException.java:520)
	at org.h2.message.DbException.getJdbcSQLException(DbException.java:489)
	at org.h2.message.DbException.get(DbException.java:223)
	at org.h2.message.DbException.get(DbException.java:199)
	at org.h2.constraint.ConstraintReferential.checkRow(ConstraintReferential.java:362)
	at org.h2.constraint.ConstraintReferential.checkRowRefTable(ConstraintReferential.java:379)
	at org.h2.constraint.ConstraintReferential.checkRow(ConstraintReferential.java:253)
	at org.h2.table.Table.fireConstraints(Table.java:1227)
	at org.h2.table.Table.fireAfterRow(Table.java:1245)
	at org.h2.command.dml.Delete.update(Delete.java:92)
	at org.h2.command.dml.DataChangeStatement.update(DataChangeStatement.java:74)
	at org.h2.command.CommandContainer.update(CommandContainer.java:139)
	at org.h2.command.Command.executeUpdate(Command.java:304)
	at org.h2.command.Command.executeUpdate(Command.java:248)
	at org.h2.jdbc.JdbcPreparedStatement.executeUpdateInternal(JdbcPreparedStatement.java:213)
	at org.h2.jdbc.JdbcPreparedStatement.executeUpdate(JdbcPreparedStatement.java:172)
	at io.agroal.pool.wrapper.PreparedStatementWrapper.executeUpdate(PreparedStatementWrapper.java:90)
	at org.hibernate.sql.exec.internal.StandardJdbcMutationExecutor.execute(StandardJdbcMutationExecutor.java:77)
	... 25 more

org.acme.graphql.BrandGraphQLResourceTest.testGetBrandStatisticsQuery -- Time elapsed: 0.002 s <<< ERROR!
org.hibernate.exception.ConstraintViolationException: 
JDBC exception executing SQL [delete from brands b1_0] [Referential integrity constraint violation: "FKA3A4MPSFDF4D2Y6R8RA3SC8MV: PUBLIC.PRODUCTS FOREIGN KEY(BRAND_ID) REFERENCES PUBLIC.BRANDS(ID) (CAST(7 AS BIGINT))"; SQL statement:
delete from brands b1_0 [23503-230]] [n/a]
	at org.hibernate.dialect.H2Dialect.lambda$buildSQLExceptionConversionDelegate$3(H2Dialect.java:829)
	at org.hibernate.exception.internal.StandardSQLExceptionConverter.convert(StandardSQLExceptionConverter.java:34)
	at org.hibernate.engine.jdbc.spi.SqlExceptionHelper.convert(SqlExceptionHelper.java:115)
	at org.hibernate.engine.jdbc.spi.SqlExceptionHelper.convert(SqlExceptionHelper.java:101)
	at org.hibernate.sql.exec.internal.StandardJdbcMutationExecutor.handleException(StandardJdbcMutationExecutor.java:102)
	at org.hibernate.sql.exec.internal.StandardJdbcMutationExecutor.execute(StandardJdbcMutationExecutor.java:91)
	at org.hibernate.query.sqm.internal.SimpleDeleteQueryPlan.executeUpdate(SimpleDeleteQueryPlan.java:181)
	at org.hibernate.query.sqm.internal.QuerySqmImpl.doExecuteUpdate(QuerySqmImpl.java:543)
	at org.hibernate.query.sqm.internal.QuerySqmImpl.executeUpdate(QuerySqmImpl.java:515)
	at io.quarkus.hibernate.orm.panache.common.runtime.AbstractJpaOperations.deleteAll(AbstractJpaOperations.java:400)
	at org.acme.entity.Brand.deleteAll(Brand.java)
	at org.acme.graphql.BrandGraphQLResourceTest.setUp(BrandGraphQLResourceTest.java:20)
	at org.acme.graphql.BrandGraphQLResourceTest_Subclass.setUp$$superforward(Unknown Source)
	at org.acme.graphql.BrandGraphQLResourceTest_Subclass$$function$$1.apply(Unknown Source)
	at io.quarkus.arc.impl.AroundInvokeInvocationContext.proceed(AroundInvokeInvocationContext.java:73)
	at io.quarkus.arc.impl.AroundInvokeInvocationContext.proceed(AroundInvokeInvocationContext.java:62)
	at io.quarkus.narayana.jta.runtime.interceptor.TransactionalInterceptorBase.invokeInOurTx(TransactionalInterceptorBase.java:136)
	at io.quarkus.narayana.jta.runtime.interceptor.TransactionalInterceptorBase.invokeInOurTx(TransactionalInterceptorBase.java:107)
	at io.quarkus.narayana.jta.runtime.interceptor.TransactionalInterceptorRequired.doIntercept(TransactionalInterceptorRequired.java:38)
	at io.quarkus.narayana.jta.runtime.interceptor.TransactionalInterceptorBase.intercept(TransactionalInterceptorBase.java:61)
	at io.quarkus.narayana.jta.runtime.interceptor.TransactionalInterceptorRequired.intercept(TransactionalInterceptorRequired.java:32)
	at io.quarkus.narayana.jta.runtime.interceptor.TransactionalInterceptorRequired_Bean.intercept(Unknown Source)
	at io.quarkus.arc.impl.InterceptorInvocation.invoke(InterceptorInvocation.java:42)
	at io.quarkus.arc.impl.AroundInvokeInvocationContext.perform(AroundInvokeInvocationContext.java:30)
	at io.quarkus.arc.impl.InvocationContexts.performAroundInvoke(InvocationContexts.java:27)
	at org.acme.graphql.BrandGraphQLResourceTest_Subclass.setUp(Unknown Source)
	at java.base/java.lang.reflect.Method.invoke(Method.java:580)
	at io.quarkus.test.junit.QuarkusTestExtension.runExtensionMethod(QuarkusTestExtension.java:1000)
	at io.quarkus.test.junit.QuarkusTestExtension.interceptBeforeEachMethod(QuarkusTestExtension.java:829)
	at java.base/java.util.ArrayList.forEach(ArrayList.java:1597)
	at java.base/java.util.ArrayList.forEach(ArrayList.java:1597)
Caused by: org.h2.jdbc.JdbcSQLIntegrityConstraintViolationException: Referential integrity constraint violation: "FKA3A4MPSFDF4D2Y6R8RA3SC8MV: PUBLIC.PRODUCTS FOREIGN KEY(BRAND_ID) REFERENCES PUBLIC.BRANDS(ID) (CAST(7 AS BIGINT))"; SQL statement:
delete from brands b1_0 [23503-230]
	at org.h2.message.DbException.getJdbcSQLException(DbException.java:520)
	at org.h2.message.DbException.getJdbcSQLException(DbException.java:489)
	at org.h2.message.DbException.get(DbException.java:223)
	at org.h2.message.DbException.get(DbException.java:199)
	at org.h2.constraint.ConstraintReferential.checkRow(ConstraintReferential.java:362)
	at org.h2.constraint.ConstraintReferential.checkRowRefTable(ConstraintReferential.java:379)
	at org.h2.constraint.ConstraintReferential.checkRow(ConstraintReferential.java:253)
	at org.h2.table.Table.fireConstraints(Table.java:1227)
	at org.h2.table.Table.fireAfterRow(Table.java:1245)
	at org.h2.command.dml.Delete.update(Delete.java:92)
	at org.h2.command.dml.DataChangeStatement.update(DataChangeStatement.java:74)
	at org.h2.command.CommandContainer.update(CommandContainer.java:139)
	at org.h2.command.Command.executeUpdate(Command.java:304)
	at org.h2.command.Command.executeUpdate(Command.java:248)
	at org.h2.jdbc.JdbcPreparedStatement.executeUpdateInternal(JdbcPreparedStatement.java:213)
	at org.h2.jdbc.JdbcPreparedStatement.executeUpdate(JdbcPreparedStatement.java:172)
	at io.agroal.pool.wrapper.PreparedStatementWrapper.executeUpdate(PreparedStatementWrapper.java:90)
	at org.hibernate.sql.exec.internal.StandardJdbcMutationExecutor.execute(StandardJdbcMutationExecutor.java:77)
	... 25 more

org.acme.graphql.BrandGraphQLResourceTest.testGetBrandByIdQuery -- Time elapsed: 0.002 s <<< ERROR!
org.hibernate.exception.ConstraintViolationException: 
JDBC exception executing SQL [delete from brands b1_0] [Referential integrity constraint violation: "FKA3A4MPSFDF4D2Y6R8RA3SC8MV: PUBLIC.PRODUCTS FOREIGN KEY(BRAND_ID) REFERENCES PUBLIC.BRANDS(ID) (CAST(7 AS BIGINT))"; SQL statement:
delete from brands b1_0 [23503-230]] [n/a]
	at org.hibernate.dialect.H2Dialect.lambda$buildSQLExceptionConversionDelegate$3(H2Dialect.java:829)
	at org.hibernate.exception.internal.StandardSQLExceptionConverter.convert(StandardSQLExceptionConverter.java:34)
	at org.hibernate.engine.jdbc.spi.SqlExceptionHelper.convert(SqlExceptionHelper.java:115)
	at org.hibernate.engine.jdbc.spi.SqlExceptionHelper.convert(SqlExceptionHelper.java:101)
	at org.hibernate.sql.exec.internal.StandardJdbcMutationExecutor.handleException(StandardJdbcMutationExecutor.java:102)
	at org.hibernate.sql.exec.internal.StandardJdbcMutationExecutor.execute(StandardJdbcMutationExecutor.java:91)
	at org.hibernate.query.sqm.internal.SimpleDeleteQueryPlan.executeUpdate(SimpleDeleteQueryPlan.java:181)
	at org.hibernate.query.sqm.internal.QuerySqmImpl.doExecuteUpdate(QuerySqmImpl.java:543)
	at org.hibernate.query.sqm.internal.QuerySqmImpl.executeUpdate(QuerySqmImpl.java:515)
	at io.quarkus.hibernate.orm.panache.common.runtime.AbstractJpaOperations.deleteAll(AbstractJpaOperations.java:400)
	at org.acme.entity.Brand.deleteAll(Brand.java)
	at org.acme.graphql.BrandGraphQLResourceTest.setUp(BrandGraphQLResourceTest.java:20)
	at org.acme.graphql.BrandGraphQLResourceTest_Subclass.setUp$$superforward(Unknown Source)
	at org.acme.graphql.BrandGraphQLResourceTest_Subclass$$function$$1.apply(Unknown Source)
	at io.quarkus.arc.impl.AroundInvokeInvocationContext.proceed(AroundInvokeInvocationContext.java:73)
	at io.quarkus.arc.impl.AroundInvokeInvocationContext.proceed(AroundInvokeInvocationContext.java:62)
	at io.quarkus.narayana.jta.runtime.interceptor.TransactionalInterceptorBase.invokeInOurTx(TransactionalInterceptorBase.java:136)
	at io.quarkus.narayana.jta.runtime.interceptor.TransactionalInterceptorBase.invokeInOurTx(TransactionalInterceptorBase.java:107)
	at io.quarkus.narayana.jta.runtime.interceptor.TransactionalInterceptorRequired.doIntercept(TransactionalInterceptorRequired.java:38)
	at io.quarkus.narayana.jta.runtime.interceptor.TransactionalInterceptorBase.intercept(TransactionalInterceptorBase.java:61)
	at io.quarkus.narayana.jta.runtime.interceptor.TransactionalInterceptorRequired.intercept(TransactionalInterceptorRequired.java:32)
	at io.quarkus.narayana.jta.runtime.interceptor.TransactionalInterceptorRequired_Bean.intercept(Unknown Source)
	at io.quarkus.arc.impl.InterceptorInvocation.invoke(InterceptorInvocation.java:42)
	at io.quarkus.arc.impl.AroundInvokeInvocationContext.perform(AroundInvokeInvocationContext.java:30)
	at io.quarkus.arc.impl.InvocationContexts.performAroundInvoke(InvocationContexts.java:27)
	at org.acme.graphql.BrandGraphQLResourceTest_Subclass.setUp(Unknown Source)
	at java.base/java.lang.reflect.Method.invoke(Method.java:580)
	at io.quarkus.test.junit.QuarkusTestExtension.runExtensionMethod(QuarkusTestExtension.java:1000)
	at io.quarkus.test.junit.QuarkusTestExtension.interceptBeforeEachMethod(QuarkusTestExtension.java:829)
	at java.base/java.util.ArrayList.forEach(ArrayList.java:1597)
	at java.base/java.util.ArrayList.forEach(ArrayList.java:1597)
Caused by: org.h2.jdbc.JdbcSQLIntegrityConstraintViolationException: Referential integrity constraint violation: "FKA3A4MPSFDF4D2Y6R8RA3SC8MV: PUBLIC.PRODUCTS FOREIGN KEY(BRAND_ID) REFERENCES PUBLIC.BRANDS(ID) (CAST(7 AS BIGINT))"; SQL statement:
delete from brands b1_0 [23503-230]
	at org.h2.message.DbException.getJdbcSQLException(DbException.java:520)
	at org.h2.message.DbException.getJdbcSQLException(DbException.java:489)
	at org.h2.message.DbException.get(DbException.java:223)
	at org.h2.message.DbException.get(DbException.java:199)
	at org.h2.constraint.ConstraintReferential.checkRow(ConstraintReferential.java:362)
	at org.h2.constraint.ConstraintReferential.checkRowRefTable(ConstraintReferential.java:379)
	at org.h2.constraint.ConstraintReferential.checkRow(ConstraintReferential.java:253)
	at org.h2.table.Table.fireConstraints(Table.java:1227)
	at org.h2.table.Table.fireAfterRow(Table.java:1245)
	at org.h2.command.dml.Delete.update(Delete.java:92)
	at org.h2.command.dml.DataChangeStatement.update(DataChangeStatement.java:74)
	at org.h2.command.CommandContainer.update(CommandContainer.java:139)
	at org.h2.command.Command.executeUpdate(Command.java:304)
	at org.h2.command.Command.executeUpdate(Command.java:248)
	at org.h2.jdbc.JdbcPreparedStatement.executeUpdateInternal(JdbcPreparedStatement.java:213)
	at org.h2.jdbc.JdbcPreparedStatement.executeUpdate(JdbcPreparedStatement.java:172)
	at io.agroal.pool.wrapper.PreparedStatementWrapper.executeUpdate(PreparedStatementWrapper.java:90)
	at org.hibernate.sql.exec.internal.StandardJdbcMutationExecutor.execute(StandardJdbcMutationExecutor.java:77)
	... 25 more

