-------------------------------------------------------------------------------
Test set: org.acme.EcommerceIntegrationTest
-------------------------------------------------------------------------------
Tests run: 4, Failures: 1, Errors: 2, Skipped: 0, Time elapsed: 2.354 s <<< FAILURE! -- in org.acme.EcommerceIntegrationTest
org.acme.EcommerceIntegrationTest.testSearchFunctionality -- Time elapsed: 1.110 s <<< FAILURE!
java.lang.AssertionError: 
1 expectation failed.
JSON path data.searchProducts doesn't match.
Expected: a collection with size <1>
  Actual: null

	at java.base/jdk.internal.reflect.DirectConstructorHandleAccessor.newInstance(DirectConstructorHandleAccessor.java:62)
	at java.base/java.lang.reflect.Constructor.newInstanceWithCaller(Constructor.java:501)
	at java.base/java.lang.reflect.Constructor.newInstance(Constructor.java:485)
	at org.codehaus.groovy.reflection.CachedConstructor.invoke(CachedConstructor.java:73)
	at org.codehaus.groovy.runtime.callsite.ConstructorSite$ConstructorSiteNoUnwrapNoCoerce.callConstructor(ConstructorSite.java:108)
	at org.codehaus.groovy.runtime.callsite.CallSiteArray.defaultCallConstructor(CallSiteArray.java:57)
	at org.codehaus.groovy.runtime.callsite.AbstractCallSite.callConstructor(AbstractCallSite.java:263)
	at org.codehaus.groovy.runtime.callsite.AbstractCallSite.callConstructor(AbstractCallSite.java:277)
	at io.restassured.internal.ResponseSpecificationImpl$HamcrestAssertionClosure.validate(ResponseSpecificationImpl.groovy:512)
	at io.restassured.internal.ResponseSpecificationImpl$HamcrestAssertionClosure$validate$1.call(Unknown Source)
	at io.restassured.internal.ResponseSpecificationImpl.validateResponseIfRequired(ResponseSpecificationImpl.groovy:696)
	at io.restassured.internal.ResponseSpecificationImpl.this$2$validateResponseIfRequired(ResponseSpecificationImpl.groovy)
	at java.base/jdk.internal.reflect.DirectMethodHandleAccessor.invoke(DirectMethodHandleAccessor.java:103)
	at java.base/java.lang.reflect.Method.invoke(Method.java:580)
	at org.codehaus.groovy.runtime.callsite.PlainObjectMetaMethodSite.doInvoke(PlainObjectMetaMethodSite.java:43)
	at org.codehaus.groovy.runtime.callsite.PogoMetaMethodSite$PogoCachedMethodSiteNoUnwrapNoCoerce.invoke(PogoMetaMethodSite.java:198)
	at org.codehaus.groovy.runtime.callsite.PogoMetaMethodSite.callCurrent(PogoMetaMethodSite.java:62)
	at org.codehaus.groovy.runtime.callsite.CallSiteArray.defaultCallCurrent(CallSiteArray.java:49)
	at org.codehaus.groovy.runtime.callsite.AbstractCallSite.callCurrent(AbstractCallSite.java:171)
	at org.codehaus.groovy.runtime.callsite.AbstractCallSite.callCurrent(AbstractCallSite.java:185)
	at io.restassured.internal.ResponseSpecificationImpl.body(ResponseSpecificationImpl.groovy:270)
	at io.restassured.specification.ResponseSpecification$body$2.callCurrent(Unknown Source)
	at org.codehaus.groovy.runtime.callsite.CallSiteArray.defaultCallCurrent(CallSiteArray.java:49)
	at org.codehaus.groovy.runtime.callsite.AbstractCallSite.callCurrent(AbstractCallSite.java:171)
	at org.codehaus.groovy.runtime.callsite.AbstractCallSite.callCurrent(AbstractCallSite.java:212)
	at io.restassured.internal.ResponseSpecificationImpl.body(ResponseSpecificationImpl.groovy:117)
	at io.restassured.internal.ValidatableResponseOptionsImpl.body(ValidatableResponseOptionsImpl.java:244)
	at org.acme.EcommerceIntegrationTest.testSearchFunctionality(EcommerceIntegrationTest.java:421)
	at java.base/java.lang.reflect.Method.invoke(Method.java:580)
	at io.quarkus.test.junit.QuarkusTestExtension.runExtensionMethod(QuarkusTestExtension.java:1000)
	at io.quarkus.test.junit.QuarkusTestExtension.interceptTestMethod(QuarkusTestExtension.java:848)
	at java.base/java.util.ArrayList.forEach(ArrayList.java:1597)
	at java.base/java.util.ArrayList.forEach(ArrayList.java:1597)
	Suppressed: java.lang.IllegalArgumentException: No parameter labelled '?2' in query with ordinal parameters [1]
		at org.hibernate.query.internal.ParameterMetadataImpl.getQueryParameter(ParameterMetadataImpl.java:307)
		at org.hibernate.query.internal.QueryParameterBindingsImpl.getBinding(QueryParameterBindingsImpl.java:146)
		at org.hibernate.query.spi.AbstractCommonQueryContract.setParameter(AbstractCommonQueryContract.java:840)
		at org.hibernate.query.spi.AbstractSelectionQuery.setParameter(AbstractSelectionQuery.java:638)
		at org.hibernate.query.sqm.internal.SqmSelectionQueryImpl.setParameter(SqmSelectionQueryImpl.java:741)
		at org.hibernate.query.sqm.internal.SqmSelectionQueryImpl.setParameter(SqmSelectionQueryImpl.java:92)
		at io.quarkus.hibernate.orm.panache.common.runtime.AbstractJpaOperations.bindParameters(AbstractJpaOperations.java:157)
		at io.quarkus.hibernate.orm.panache.common.runtime.CommonPanacheQueryImpl.createBaseQuery(CommonPanacheQueryImpl.java:394)
		at io.quarkus.hibernate.orm.panache.common.runtime.CommonPanacheQueryImpl.createQuery(CommonPanacheQueryImpl.java:346)
		at io.quarkus.hibernate.orm.panache.common.runtime.CommonPanacheQueryImpl.list(CommonPanacheQueryImpl.java:299)
		at io.quarkus.hibernate.orm.panache.runtime.PanacheQueryImpl.list(PanacheQueryImpl.java:150)
		at org.acme.repository.ProductRepository.findByNameContaining(ProductRepository.java:110)
		at org.acme.repository.ProductRepository_ClientProxy.findByNameContaining(Unknown Source)
		at org.acme.service.ProductService.searchProductsByName(ProductService.java:164)
		at org.acme.service.ProductService_Subclass.searchProductsByName$$superforward(Unknown Source)
		at org.acme.service.ProductService_Subclass$$function$$7.apply(Unknown Source)
		at io.quarkus.arc.impl.AroundInvokeInvocationContext.proceed(AroundInvokeInvocationContext.java:73)
		at io.quarkus.arc.impl.AroundInvokeInvocationContext.proceed(AroundInvokeInvocationContext.java:62)
		at io.quarkus.hibernate.validator.runtime.interceptor.AbstractMethodValidationInterceptor.validateMethodInvocation(AbstractMethodValidationInterceptor.java:71)
		at io.quarkus.hibernate.validator.runtime.interceptor.MethodValidationInterceptor.validateMethodInvocation(MethodValidationInterceptor.java:17)
		at io.quarkus.hibernate.validator.runtime.interceptor.MethodValidationInterceptor_Bean.intercept(Unknown Source)
		at io.quarkus.arc.impl.InterceptorInvocation.invoke(InterceptorInvocation.java:42)
		at io.quarkus.arc.impl.AroundInvokeInvocationContext.perform(AroundInvokeInvocationContext.java:30)
		at io.quarkus.arc.impl.InvocationContexts.performAroundInvoke(InvocationContexts.java:27)
		at org.acme.service.ProductService_Subclass.searchProductsByName(Unknown Source)
		at org.acme.service.ProductService_ClientProxy.searchProductsByName(Unknown Source)
		at org.acme.graphql.ProductGraphQLResource.searchProducts(ProductGraphQLResource.java:106)
		at java.base/java.lang.reflect.Method.invoke(Method.java:580)
		at io.smallrye.graphql.execution.datafetcher.helper.ReflectionInvoker.invoke(ReflectionInvoker.java:97)
		at io.quarkus.smallrye.graphql.runtime.spi.datafetcher.QuarkusDefaultDataFetcher.lambda$invokeAndTransformBlocking$0(QuarkusDefaultDataFetcher.java:84)
		at io.smallrye.context.impl.wrappers.SlowContextualCallable.call(SlowContextualCallable.java:21)
		at io.vertx.core.impl.ContextImpl.lambda$executeBlocking$4(ContextImpl.java:192)
		at io.vertx.core.impl.ContextInternal.dispatch(ContextInternal.java:270)
		at io.vertx.core.impl.ContextImpl$1.execute(ContextImpl.java:221)
		at io.vertx.core.impl.WorkerTask.run(WorkerTask.java:56)
		at io.vertx.core.impl.TaskQueue.run(TaskQueue.java:81)
		at io.quarkus.vertx.core.runtime.VertxCoreRecorder$15.runWith(VertxCoreRecorder.java:637)
		at org.jboss.threads.EnhancedQueueExecutor$Task.doRunWith(EnhancedQueueExecutor.java:2651)
		at org.jboss.threads.EnhancedQueueExecutor$Task.run(EnhancedQueueExecutor.java:2630)
		at org.jboss.threads.EnhancedQueueExecutor.runThreadBody(EnhancedQueueExecutor.java:1622)
		at org.jboss.threads.EnhancedQueueExecutor$ThreadBody.run(EnhancedQueueExecutor.java:1589)
		at org.jboss.threads.DelegatingRunnable.run(DelegatingRunnable.java:11)
		at org.jboss.threads.ThreadLocalResettingRunnable.run(ThreadLocalResettingRunnable.java:11)
		at io.netty.util.concurrent.FastThreadLocalRunnable.run(FastThreadLocalRunnable.java:30)
		at java.base/java.lang.Thread.run(Thread.java:1575)
	Caused by: org.hibernate.query.UnknownParameterException: No parameter labelled '?2' in query with ordinal parameters [1]
		... 45 more

org.acme.EcommerceIntegrationTest.testCategoryHierarchy -- Time elapsed: 0.036 s <<< ERROR!
java.lang.ClassCastException: class java.lang.Integer cannot be cast to class java.lang.Long (java.lang.Integer and java.lang.Long are in module java.base of loader 'bootstrap')
	at org.acme.EcommerceIntegrationTest.testCategoryHierarchy(EcommerceIntegrationTest.java:259)
	at java.base/java.lang.reflect.Method.invoke(Method.java:580)
	at io.quarkus.test.junit.QuarkusTestExtension.runExtensionMethod(QuarkusTestExtension.java:1000)
	at io.quarkus.test.junit.QuarkusTestExtension.interceptTestMethod(QuarkusTestExtension.java:848)
	at java.base/java.util.ArrayList.forEach(ArrayList.java:1597)
	at java.base/java.util.ArrayList.forEach(ArrayList.java:1597)

org.acme.EcommerceIntegrationTest.testCompleteEcommerceWorkflow -- Time elapsed: 0.051 s <<< ERROR!
java.lang.ClassCastException: class java.lang.Integer cannot be cast to class java.lang.Long (java.lang.Integer and java.lang.Long are in module java.base of loader 'bootstrap')
	at org.acme.EcommerceIntegrationTest.testCompleteEcommerceWorkflow(EcommerceIntegrationTest.java:104)
	at java.base/java.lang.reflect.Method.invoke(Method.java:580)
	at io.quarkus.test.junit.QuarkusTestExtension.runExtensionMethod(QuarkusTestExtension.java:1000)
	at io.quarkus.test.junit.QuarkusTestExtension.interceptTestMethod(QuarkusTestExtension.java:848)
	at java.base/java.util.ArrayList.forEach(ArrayList.java:1597)
	at java.base/java.util.ArrayList.forEach(ArrayList.java:1597)

