<?xml version="1.0" encoding="UTF-8"?>
<testsuite xmlns:xsi="http://www.w3.org/2001/XMLSchema-instance" xsi:noNamespaceSchemaLocation="https://maven.apache.org/surefire/maven-surefire-plugin/xsd/surefire-test-report.xsd" version="3.0.2" name="org.acme.EcommerceIntegrationTest" time="2.354" tests="4" errors="2" skipped="0" failures="1">
  <properties>
[...]
</properties>
  <testcase name="testSearchFunctionality" classname="org.acme.EcommerceIntegrationTest" time="1.11">
    <failure message="1 expectation failed.&#10;JSON path data.searchProducts doesn&apos;t match.&#10;Expected: a collection with size &lt;1&gt;&#10;  Actual: null&#10;" type="java.lang.AssertionError"><![CDATA[java.lang.AssertionError: 
1 expectation failed.
JSON path data.searchProducts doesn't match.
Expected: a collection with size <1>
  Actual: null

	at java.base/jdk.internal.reflect.DirectConstructorHandleAccessor.newInstance(DirectConstructorHandleAccessor.java:62)
	at java.base/java.lang.reflect.Constructor.newInstanceWithCaller(Constructor.java:501)
	at java.base/java.lang.reflect.Constructor.newInstance(Constructor.java:485)
	at org.codehaus.groovy.reflection.CachedConstructor.invoke(CachedConstructor.java:73)
	at org.codehaus.groovy.runtime.callsite.ConstructorSite$ConstructorSiteNoUnwrapNoCoerce.callConstructor(ConstructorSite.java:108)
	at org.codehaus.groovy.runtime.callsite.CallSiteArray.defaultCallConstructor(CallSiteArray.java:57)
	at org.codehaus.groovy.runtime.callsite.AbstractCallSite.callConstructor(AbstractCallSite.java:263)
	at org.codehaus.groovy.runtime.callsite.AbstractCallSite.callConstructor(AbstractCallSite.java:277)
	at io.restassured.internal.ResponseSpecificationImpl$HamcrestAssertionClosure.validate(ResponseSpecificationImpl.groovy:512)
	at io.restassured.internal.ResponseSpecificationImpl$HamcrestAssertionClosure$validate$1.call(Unknown Source)
	at io.restassured.internal.ResponseSpecificationImpl.validateResponseIfRequired(ResponseSpecificationImpl.groovy:696)
	at io.restassured.internal.ResponseSpecificationImpl.this$2$validateResponseIfRequired(ResponseSpecificationImpl.groovy)
	at java.base/jdk.internal.reflect.DirectMethodHandleAccessor.invoke(DirectMethodHandleAccessor.java:103)
	at java.base/java.lang.reflect.Method.invoke(Method.java:580)
	at org.codehaus.groovy.runtime.callsite.PlainObjectMetaMethodSite.doInvoke(PlainObjectMetaMethodSite.java:43)
	at org.codehaus.groovy.runtime.callsite.PogoMetaMethodSite$PogoCachedMethodSiteNoUnwrapNoCoerce.invoke(PogoMetaMethodSite.java:198)
	at org.codehaus.groovy.runtime.callsite.PogoMetaMethodSite.callCurrent(PogoMetaMethodSite.java:62)
	at org.codehaus.groovy.runtime.callsite.CallSiteArray.defaultCallCurrent(CallSiteArray.java:49)
	at org.codehaus.groovy.runtime.callsite.AbstractCallSite.callCurrent(AbstractCallSite.java:171)
	at org.codehaus.groovy.runtime.callsite.AbstractCallSite.callCurrent(AbstractCallSite.java:185)
	at io.restassured.internal.ResponseSpecificationImpl.body(ResponseSpecificationImpl.groovy:270)
	at io.restassured.specification.ResponseSpecification$body$2.callCurrent(Unknown Source)
	at org.codehaus.groovy.runtime.callsite.CallSiteArray.defaultCallCurrent(CallSiteArray.java:49)
	at org.codehaus.groovy.runtime.callsite.AbstractCallSite.callCurrent(AbstractCallSite.java:171)
	at org.codehaus.groovy.runtime.callsite.AbstractCallSite.callCurrent(AbstractCallSite.java:212)
	at io.restassured.internal.ResponseSpecificationImpl.body(ResponseSpecificationImpl.groovy:117)
	at io.restassured.internal.ValidatableResponseOptionsImpl.body(ValidatableResponseOptionsImpl.java:244)
	at org.acme.EcommerceIntegrationTest.testSearchFunctionality(EcommerceIntegrationTest.java:421)
	at java.base/java.lang.reflect.Method.invoke(Method.java:580)
	at io.quarkus.test.junit.QuarkusTestExtension.runExtensionMethod(QuarkusTestExtension.java:1000)
	at io.quarkus.test.junit.QuarkusTestExtension.interceptTestMethod(QuarkusTestExtension.java:848)
	at java.base/java.util.ArrayList.forEach(ArrayList.java:1597)
	at java.base/java.util.ArrayList.forEach(ArrayList.java:1597)
	Suppressed: java.lang.IllegalArgumentException: No parameter labelled '?2' in query with ordinal parameters [1]
		at org.hibernate.query.internal.ParameterMetadataImpl.getQueryParameter(ParameterMetadataImpl.java:307)
		at org.hibernate.query.internal.QueryParameterBindingsImpl.getBinding(QueryParameterBindingsImpl.java:146)
		at org.hibernate.query.spi.AbstractCommonQueryContract.setParameter(AbstractCommonQueryContract.java:840)
		at org.hibernate.query.spi.AbstractSelectionQuery.setParameter(AbstractSelectionQuery.java:638)
		at org.hibernate.query.sqm.internal.SqmSelectionQueryImpl.setParameter(SqmSelectionQueryImpl.java:741)
		at org.hibernate.query.sqm.internal.SqmSelectionQueryImpl.setParameter(SqmSelectionQueryImpl.java:92)
		at io.quarkus.hibernate.orm.panache.common.runtime.AbstractJpaOperations.bindParameters(AbstractJpaOperations.java:157)
		at io.quarkus.hibernate.orm.panache.common.runtime.CommonPanacheQueryImpl.createBaseQuery(CommonPanacheQueryImpl.java:394)
		at io.quarkus.hibernate.orm.panache.common.runtime.CommonPanacheQueryImpl.createQuery(CommonPanacheQueryImpl.java:346)
		at io.quarkus.hibernate.orm.panache.common.runtime.CommonPanacheQueryImpl.list(CommonPanacheQueryImpl.java:299)
		at io.quarkus.hibernate.orm.panache.runtime.PanacheQueryImpl.list(PanacheQueryImpl.java:150)
		at org.acme.repository.ProductRepository.findByNameContaining(ProductRepository.java:110)
		at org.acme.repository.ProductRepository_ClientProxy.findByNameContaining(Unknown Source)
		at org.acme.service.ProductService.searchProductsByName(ProductService.java:164)
		at org.acme.service.ProductService_Subclass.searchProductsByName$$superforward(Unknown Source)
		at org.acme.service.ProductService_Subclass$$function$$7.apply(Unknown Source)
		at io.quarkus.arc.impl.AroundInvokeInvocationContext.proceed(AroundInvokeInvocationContext.java:73)
		at io.quarkus.arc.impl.AroundInvokeInvocationContext.proceed(AroundInvokeInvocationContext.java:62)
		at io.quarkus.hibernate.validator.runtime.interceptor.AbstractMethodValidationInterceptor.validateMethodInvocation(AbstractMethodValidationInterceptor.java:71)
		at io.quarkus.hibernate.validator.runtime.interceptor.MethodValidationInterceptor.validateMethodInvocation(MethodValidationInterceptor.java:17)
		at io.quarkus.hibernate.validator.runtime.interceptor.MethodValidationInterceptor_Bean.intercept(Unknown Source)
		at io.quarkus.arc.impl.InterceptorInvocation.invoke(InterceptorInvocation.java:42)
		at io.quarkus.arc.impl.AroundInvokeInvocationContext.perform(AroundInvokeInvocationContext.java:30)
		at io.quarkus.arc.impl.InvocationContexts.performAroundInvoke(InvocationContexts.java:27)
		at org.acme.service.ProductService_Subclass.searchProductsByName(Unknown Source)
		at org.acme.service.ProductService_ClientProxy.searchProductsByName(Unknown Source)
		at org.acme.graphql.ProductGraphQLResource.searchProducts(ProductGraphQLResource.java:106)
		at java.base/java.lang.reflect.Method.invoke(Method.java:580)
		at io.smallrye.graphql.execution.datafetcher.helper.ReflectionInvoker.invoke(ReflectionInvoker.java:97)
		at io.quarkus.smallrye.graphql.runtime.spi.datafetcher.QuarkusDefaultDataFetcher.lambda$invokeAndTransformBlocking$0(QuarkusDefaultDataFetcher.java:84)
		at io.smallrye.context.impl.wrappers.SlowContextualCallable.call(SlowContextualCallable.java:21)
		at io.vertx.core.impl.ContextImpl.lambda$executeBlocking$4(ContextImpl.java:192)
		at io.vertx.core.impl.ContextInternal.dispatch(ContextInternal.java:270)
		at io.vertx.core.impl.ContextImpl$1.execute(ContextImpl.java:221)
		at io.vertx.core.impl.WorkerTask.run(WorkerTask.java:56)
		at io.vertx.core.impl.TaskQueue.run(TaskQueue.java:81)
		at io.quarkus.vertx.core.runtime.VertxCoreRecorder$15.runWith(VertxCoreRecorder.java:637)
		at org.jboss.threads.EnhancedQueueExecutor$Task.doRunWith(EnhancedQueueExecutor.java:2651)
		at org.jboss.threads.EnhancedQueueExecutor$Task.run(EnhancedQueueExecutor.java:2630)
		at org.jboss.threads.EnhancedQueueExecutor.runThreadBody(EnhancedQueueExecutor.java:1622)
		at org.jboss.threads.EnhancedQueueExecutor$ThreadBody.run(EnhancedQueueExecutor.java:1589)
		at org.jboss.threads.DelegatingRunnable.run(DelegatingRunnable.java:11)
		at org.jboss.threads.ThreadLocalResettingRunnable.run(ThreadLocalResettingRunnable.java:11)
		at io.netty.util.concurrent.FastThreadLocalRunnable.run(FastThreadLocalRunnable.java:30)
		at java.base/java.lang.Thread.run(Thread.java:1575)
	Caused by: org.hibernate.query.UnknownParameterException: No parameter labelled '?2' in query with ordinal parameters [1]
		... 45 more
]]></failure>
    <system-out><![CDATA[2025-07-02 14:26:54,282 WARN  [io.qua.qui.dep.QuinoaProcessor] (build-36) Quinoa is disabled by default in tests.
2025-07-02 14:26:54,667 WARN  [io.qua.run.log.LoggingSetupRecorder] (build-24) Log level TRACE for category 'org.hibernate.type.descriptor.sql.BasicBinder' set below minimum logging level DEBUG, promoting it to DEBUG. Set the build time configuration property 'quarkus.log.category."org.hibernate.type.descriptor.sql.BasicBinder".min-level' to 'TRACE' to avoid this warning
2025-07-02 14:26:55,333 WARN  [io.qua.run.log.LoggingSetupRecorder] (main) Log level TRACE for category 'org.hibernate.type.descriptor.sql.BasicBinder' set below minimum logging level DEBUG, promoting it to DEBUG. Set the build time configuration property 'quarkus.log.category."org.hibernate.type.descriptor.sql.BasicBinder".min-level' to 'TRACE' to avoid this warning
2025-07-02 14:26:55,940 WARN  [io.qua.config] (main) Unrecognized configuration key "quarkus.jsonb.property-naming-strategy" was provided; it will be ignored; verify that the dependency extension for this configuration is set or that you did not make a typo
2025-07-02 14:26:55,941 WARN  [io.qua.config] (main) Unrecognized configuration key "quarkus.swagger-ui.always-include" was provided; it will be ignored; verify that the dependency extension for this configuration is set or that you did not make a typo
2025-07-02 14:26:55,941 WARN  [io.qua.config] (main) Unrecognized configuration key "quarkus.smallrye-graphql.print-data-fetcher-results" was provided; it will be ignored; verify that the dependency extension for this configuration is set or that you did not make a typo
2025-07-02 14:26:55,941 WARN  [io.qua.config] (main) Unrecognized configuration key "quarkus.dev.ui.enabled" was provided; it will be ignored; verify that the dependency extension for this configuration is set or that you did not make a typo
2025-07-02 14:26:56,001 WARN  [io.qua.run.log.LoggingSetupRecorder] (main) Log level TRACE for category 'org.hibernate.type.descriptor.sql.BasicBinder' set below minimum logging level DEBUG, promoting it to DEBUG. Set the build time configuration property 'quarkus.log.category."org.hibernate.type.descriptor.sql.BasicBinder".min-level' to 'TRACE' to avoid this warning
2025-07-02 14:26:56,283 DEBUG [org.hib.SQL] (JPA Startup Thread) create global temporary table HTE_products(active boolean, compare_at_price numeric(12,2), featured boolean, low_stock_threshold integer, price numeric(12,2), rn_ integer not null, stock_quantity integer, track_inventory boolean, weight numeric(11,3), brand_id bigint, category_id bigint, created_at timestamp(6), id bigint, updated_at timestamp(6), weight_unit varchar(50), sku varchar(100), slug varchar(100), name varchar(200), description varchar(2000), primary key (rn_)) TRANSACTIONAL
2025-07-02 14:26:56,289 DEBUG [org.hib.SQL] (JPA Startup Thread) create global temporary table HTE_categories(active boolean, rn_ integer not null, sort_order integer, created_at timestamp(6), id bigint, parent_id bigint, updated_at timestamp(6), name varchar(100), slug varchar(100), description varchar(500), image_url varchar(255), primary key (rn_)) TRANSACTIONAL
2025-07-02 14:26:56,290 DEBUG [org.hib.SQL] (JPA Startup Thread) create global temporary table HTE_brands(active boolean, rn_ integer not null, created_at timestamp(6), id bigint, updated_at timestamp(6), name varchar(100), description varchar(500), logo_url varchar(255), website_url varchar(255), primary key (rn_)) TRANSACTIONAL
2025-07-02 14:26:56,356 DEBUG [org.hib.SQL] (JPA Startup Thread) drop table if exists brands cascade 
2025-07-02 14:26:56,357 DEBUG [org.hib.SQL] (JPA Startup Thread) drop table if exists categories cascade 
2025-07-02 14:26:56,357 DEBUG [org.hib.SQL] (JPA Startup Thread) drop table if exists product_images cascade 
2025-07-02 14:26:56,357 DEBUG [org.hib.SQL] (JPA Startup Thread) drop table if exists product_tags cascade 
2025-07-02 14:26:56,358 DEBUG [org.hib.SQL] (JPA Startup Thread) drop table if exists products cascade 
2025-07-02 14:26:56,358 DEBUG [org.hib.SQL] (JPA Startup Thread) drop sequence if exists brands_SEQ
2025-07-02 14:26:56,358 DEBUG [org.hib.SQL] (JPA Startup Thread) drop sequence if exists categories_SEQ
2025-07-02 14:26:56,358 DEBUG [org.hib.SQL] (JPA Startup Thread) drop sequence if exists products_SEQ
2025-07-02 14:26:56,360 DEBUG [org.hib.SQL] (JPA Startup Thread) create sequence brands_SEQ start with 1 increment by 50
2025-07-02 14:26:56,361 DEBUG [org.hib.SQL] (JPA Startup Thread) create sequence categories_SEQ start with 1 increment by 50
2025-07-02 14:26:56,361 DEBUG [org.hib.SQL] (JPA Startup Thread) create sequence products_SEQ start with 1 increment by 50
2025-07-02 14:26:56,362 DEBUG [org.hib.SQL] (JPA Startup Thread) create table brands (active boolean not null, created_at timestamp(6) not null, id bigint not null, updated_at timestamp(6) not null, name varchar(100) not null unique, description varchar(500), logo_url varchar(255), website_url varchar(255), primary key (id))
2025-07-02 14:26:56,363 DEBUG [org.hib.SQL] (JPA Startup Thread) create table categories (active boolean not null, sort_order integer, created_at timestamp(6) not null, id bigint not null, parent_id bigint, updated_at timestamp(6) not null, name varchar(100) not null, slug varchar(100) unique, description varchar(500), image_url varchar(255), primary key (id))
2025-07-02 14:26:56,364 DEBUG [org.hib.SQL] (JPA Startup Thread) create table product_images (product_id bigint not null, image_url varchar(255))
2025-07-02 14:26:56,364 DEBUG [org.hib.SQL] (JPA Startup Thread) create table product_tags (product_id bigint not null, tag varchar(255))
2025-07-02 14:26:56,365 DEBUG [org.hib.SQL] (JPA Startup Thread) create table products (active boolean not null, compare_at_price numeric(12,2), featured boolean not null, low_stock_threshold integer check (low_stock_threshold>=0), price numeric(12,2) not null, stock_quantity integer not null check (stock_quantity>=0), track_inventory boolean not null, weight numeric(11,3), brand_id bigint, category_id bigint, created_at timestamp(6) not null, id bigint not null, updated_at timestamp(6) not null, weight_unit varchar(50), sku varchar(100) unique, slug varchar(100) unique, name varchar(200) not null, description varchar(2000), primary key (id))
2025-07-02 14:26:56,367 DEBUG [org.hib.SQL] (JPA Startup Thread) alter table if exists categories add constraint FKsaok720gsu4u2wrgbk10b5n8d foreign key (parent_id) references categories
2025-07-02 14:26:56,371 DEBUG [org.hib.SQL] (JPA Startup Thread) alter table if exists product_images add constraint FKqnq71xsohugpqwf3c9gxmsuy foreign key (product_id) references products
2025-07-02 14:26:56,372 DEBUG [org.hib.SQL] (JPA Startup Thread) alter table if exists product_tags add constraint FK5rk6s19k3risy7q7wqdr41uss foreign key (product_id) references products
2025-07-02 14:26:56,372 DEBUG [org.hib.SQL] (JPA Startup Thread) alter table if exists products add constraint FKa3a4mpsfdf4d2y6r8ra3sc8mv foreign key (brand_id) references brands
2025-07-02 14:26:56,374 DEBUG [org.hib.SQL] (JPA Startup Thread) alter table if exists products add constraint FKog2rp4qthbtt2lfyhfo32lsw9 foreign key (category_id) references categories
2025-07-02 14:26:56,391 DEBUG [org.hib.SQL] (JPA Startup Thread) INSERT INTO brands (id, name, description, active, created_at, updated_at) VALUES  (1, 'Test Brand 1', 'Test brand description 1', true, CURRENT_TIMESTAMP, CURRENT_TIMESTAMP), (2, 'Test Brand 2', 'Test brand description 2', true, CURRENT_TIMESTAMP, CURRENT_TIMESTAMP)
2025-07-02 14:26:56,392 DEBUG [org.hib.SQL] (JPA Startup Thread) INSERT INTO categories (id, name, description, slug, active, sort_order, parent_id, created_at, updated_at) VALUES  (1, 'Test Category 1', 'Test category description 1', 'test-category-1', true, 1, null, CURRENT_TIMESTAMP, CURRENT_TIMESTAMP), (2, 'Test Category 2', 'Test category description 2', 'test-category-2', true, 2, null, CURRENT_TIMESTAMP, CURRENT_TIMESTAMP), (3, 'Test Subcategory 1', 'Test subcategory description 1', 'test-subcategory-1', true, 1, 1, CURRENT_TIMESTAMP, CURRENT_TIMESTAMP)
2025-07-02 14:26:56,393 DEBUG [org.hib.SQL] (JPA Startup Thread) INSERT INTO products (id, name, description, sku, slug, price, stock_quantity, active, featured, track_inventory, brand_id, category_id, created_at, updated_at) VALUES  (1, 'Test Product 1', 'Test product description 1', 'TEST-PROD-1', 'test-product-1', 99.99, 10, true, true, true, 1, 1, CURRENT_TIMESTAMP, CURRENT_TIMESTAMP), (2, 'Test Product 2', 'Test product description 2', 'TEST-PROD-2', 'test-product-2', 149.99, 5, true, false, true, 2, 2, CURRENT_TIMESTAMP, CURRENT_TIMESTAMP)
2025-07-02 14:26:56,393 DEBUG [org.hib.SQL] (JPA Startup Thread) ALTER SEQUENCE brands_seq RESTART WITH 3
2025-07-02 14:26:56,394 DEBUG [org.hib.SQL] (JPA Startup Thread) ALTER SEQUENCE categories_seq RESTART WITH 4
2025-07-02 14:26:56,394 DEBUG [org.hib.SQL] (JPA Startup Thread) ALTER SEQUENCE products_seq RESTART WITH 3
2025-07-02 14:26:56,742 DEBUG [org.hib.SQL] (main) delete from product_images to_delete_
2025-07-02 14:26:56,752 DEBUG [org.hib.SQL] (main) delete from product_tags to_delete_
2025-07-02 14:26:56,753 DEBUG [org.hib.SQL] (main) delete from products p1_0
2025-07-02 14:26:56,753 DEBUG [org.hib.SQL] (main) delete from categories c1_0
2025-07-02 14:26:56,754 DEBUG [org.hib.SQL] (main) delete from brands b1_0
2025-07-02 14:26:56,852 DEBUG [org.hib.SQL] (main) select count(*) from brands b1_0 where lower(b1_0.name)=lower(?)
2025-07-02 14:26:56,853 TRACE [org.hib.orm.jdb.bind] (main) binding parameter (1:VARCHAR) <- [Test Brand]
2025-07-02 14:26:56,866 DEBUG [org.hib.SQL] (main) select next value for brands_SEQ
2025-07-02 14:26:56,876 DEBUG [org.hib.SQL] (main) select count(*) from categories c1_0 where c1_0.slug=?
2025-07-02 14:26:56,876 TRACE [org.hib.orm.jdb.bind] (main) binding parameter (1:VARCHAR) <- [test-category]
2025-07-02 14:26:56,877 DEBUG [org.hib.SQL] (main) select count(*) from categories c1_0 where lower(c1_0.name)=lower(?)
2025-07-02 14:26:56,877 TRACE [org.hib.orm.jdb.bind] (main) binding parameter (1:VARCHAR) <- [Test Category]
2025-07-02 14:26:56,878 DEBUG [org.hib.SQL] (main) select next value for categories_SEQ
2025-07-02 14:26:56,882 DEBUG [org.hib.SQL] (main) insert into brands (active,created_at,description,logo_url,name,updated_at,website_url,id) values (?,?,?,?,?,?,?,?)
2025-07-02 14:26:56,882 TRACE [org.hib.orm.jdb.bind] (main) binding parameter (1:BOOLEAN) <- [true]
2025-07-02 14:26:56,882 TRACE [org.hib.orm.jdb.bind] (main) binding parameter (2:TIMESTAMP) <- [2025-07-02T14:26:56.880105]
2025-07-02 14:26:56,883 TRACE [org.hib.orm.jdb.bind] (main) binding parameter (3:VARCHAR) <- [Test Brand Description]
2025-07-02 14:26:56,883 TRACE [org.hib.orm.jdb.bind] (main) binding parameter (4:VARCHAR) <- [null]
2025-07-02 14:26:56,883 TRACE [org.hib.orm.jdb.bind] (main) binding parameter (5:VARCHAR) <- [Test Brand]
2025-07-02 14:26:56,883 TRACE [org.hib.orm.jdb.bind] (main) binding parameter (6:TIMESTAMP) <- [2025-07-02T14:26:56.880127]
2025-07-02 14:26:56,883 TRACE [org.hib.orm.jdb.bind] (main) binding parameter (7:VARCHAR) <- [null]
2025-07-02 14:26:56,883 TRACE [org.hib.orm.jdb.bind] (main) binding parameter (8:BIGINT) <- [3]
2025-07-02 14:26:56,884 DEBUG [org.hib.SQL] (main) insert into categories (active,created_at,description,image_url,name,parent_id,slug,sort_order,updated_at,id) values (?,?,?,?,?,?,?,?,?,?)
2025-07-02 14:26:56,884 TRACE [org.hib.orm.jdb.bind] (main) binding parameter (1:BOOLEAN) <- [true]
2025-07-02 14:26:56,884 TRACE [org.hib.orm.jdb.bind] (main) binding parameter (2:TIMESTAMP) <- [2025-07-02T14:26:56.884299]
2025-07-02 14:26:56,884 TRACE [org.hib.orm.jdb.bind] (main) binding parameter (3:VARCHAR) <- [Test Category Description]
2025-07-02 14:26:56,884 TRACE [org.hib.orm.jdb.bind] (main) binding parameter (4:VARCHAR) <- [null]
2025-07-02 14:26:56,884 TRACE [org.hib.orm.jdb.bind] (main) binding parameter (5:VARCHAR) <- [Test Category]
2025-07-02 14:26:56,884 TRACE [org.hib.orm.jdb.bind] (main) binding parameter (6:BIGINT) <- [null]
2025-07-02 14:26:56,884 TRACE [org.hib.orm.jdb.bind] (main) binding parameter (7:VARCHAR) <- [test-category]
2025-07-02 14:26:56,884 TRACE [org.hib.orm.jdb.bind] (main) binding parameter (8:INTEGER) <- [0]
2025-07-02 14:26:56,884 TRACE [org.hib.orm.jdb.bind] (main) binding parameter (9:TIMESTAMP) <- [2025-07-02T14:26:56.884307]
2025-07-02 14:26:56,884 TRACE [org.hib.orm.jdb.bind] (main) binding parameter (10:BIGINT) <- [4]
2025-07-02 14:26:57,304 DEBUG [org.hib.SQL] (executor-thread-1) select count(*) from products p1_0 where p1_0.sku=?
2025-07-02 14:26:57,305 TRACE [org.hib.orm.jdb.bind] (executor-thread-1) binding parameter (1:VARCHAR) <- [IPHONE-15-PRO]
2025-07-02 14:26:57,307 DEBUG [org.hib.SQL] (executor-thread-1) select c1_0.id,c1_0.active,c1_0.created_at,c1_0.description,c1_0.image_url,c1_0.name,c1_0.parent_id,c1_0.slug,c1_0.sort_order,c1_0.updated_at from categories c1_0 where c1_0.id=?
2025-07-02 14:26:57,307 TRACE [org.hib.orm.jdb.bind] (executor-thread-1) binding parameter (1:BIGINT) <- [4]
2025-07-02 14:26:57,314 DEBUG [org.hib.SQL] (executor-thread-1) select b1_0.id,b1_0.active,b1_0.created_at,b1_0.description,b1_0.logo_url,b1_0.name,b1_0.updated_at,b1_0.website_url from brands b1_0 where b1_0.id=?
2025-07-02 14:26:57,314 TRACE [org.hib.orm.jdb.bind] (executor-thread-1) binding parameter (1:BIGINT) <- [3]
2025-07-02 14:26:57,315 DEBUG [org.hib.SQL] (executor-thread-1) select next value for products_SEQ
2025-07-02 14:26:57,317 DEBUG [org.hib.SQL] (executor-thread-1) insert into products (active,brand_id,category_id,compare_at_price,created_at,description,featured,low_stock_threshold,name,price,sku,slug,stock_quantity,track_inventory,updated_at,weight,weight_unit,id) values (?,?,?,?,?,?,?,?,?,?,?,?,?,?,?,?,?,?)
2025-07-02 14:26:57,317 TRACE [org.hib.orm.jdb.bind] (executor-thread-1) binding parameter (1:BOOLEAN) <- [true]
2025-07-02 14:26:57,317 TRACE [org.hib.orm.jdb.bind] (executor-thread-1) binding parameter (2:BIGINT) <- [3]
2025-07-02 14:26:57,317 TRACE [org.hib.orm.jdb.bind] (executor-thread-1) binding parameter (3:BIGINT) <- [4]
2025-07-02 14:26:57,317 TRACE [org.hib.orm.jdb.bind] (executor-thread-1) binding parameter (4:NUMERIC) <- [null]
2025-07-02 14:26:57,317 TRACE [org.hib.orm.jdb.bind] (executor-thread-1) binding parameter (5:TIMESTAMP) <- [2025-07-02T14:26:57.317416]
2025-07-02 14:26:57,317 TRACE [org.hib.orm.jdb.bind] (executor-thread-1) binding parameter (6:VARCHAR) <- [Latest iPhone model]
2025-07-02 14:26:57,318 TRACE [org.hib.orm.jdb.bind] (executor-thread-1) binding parameter (7:BOOLEAN) <- [false]
2025-07-02 14:26:57,318 TRACE [org.hib.orm.jdb.bind] (executor-thread-1) binding parameter (8:INTEGER) <- [5]
2025-07-02 14:26:57,318 TRACE [org.hib.orm.jdb.bind] (executor-thread-1) binding parameter (9:VARCHAR) <- [iPhone 15 Pro]
2025-07-02 14:26:57,318 TRACE [org.hib.orm.jdb.bind] (executor-thread-1) binding parameter (10:NUMERIC) <- [999.99]
2025-07-02 14:26:57,318 TRACE [org.hib.orm.jdb.bind] (executor-thread-1) binding parameter (11:VARCHAR) <- [IPHONE-15-PRO]
2025-07-02 14:26:57,318 TRACE [org.hib.orm.jdb.bind] (executor-thread-1) binding parameter (12:VARCHAR) <- [iphone-15-pro]
2025-07-02 14:26:57,318 TRACE [org.hib.orm.jdb.bind] (executor-thread-1) binding parameter (13:INTEGER) <- [0]
2025-07-02 14:26:57,318 TRACE [org.hib.orm.jdb.bind] (executor-thread-1) binding parameter (14:BOOLEAN) <- [true]
2025-07-02 14:26:57,318 TRACE [org.hib.orm.jdb.bind] (executor-thread-1) binding parameter (15:TIMESTAMP) <- [2025-07-02T14:26:57.317424]
2025-07-02 14:26:57,318 TRACE [org.hib.orm.jdb.bind] (executor-thread-1) binding parameter (16:NUMERIC) <- [null]
2025-07-02 14:26:57,318 TRACE [org.hib.orm.jdb.bind] (executor-thread-1) binding parameter (17:VARCHAR) <- [kg]
2025-07-02 14:26:57,319 TRACE [org.hib.orm.jdb.bind] (executor-thread-1) binding parameter (18:BIGINT) <- [3]
2025-07-02 14:26:57,351 DEBUG [org.hib.SQL] (executor-thread-1) select count(*) from products p1_0 where p1_0.sku=?
2025-07-02 14:26:57,351 TRACE [org.hib.orm.jdb.bind] (executor-thread-1) binding parameter (1:VARCHAR) <- [GALAXY-S24]
2025-07-02 14:26:57,351 DEBUG [org.hib.SQL] (executor-thread-1) select c1_0.id,c1_0.active,c1_0.created_at,c1_0.description,c1_0.image_url,c1_0.name,c1_0.parent_id,c1_0.slug,c1_0.sort_order,c1_0.updated_at from categories c1_0 where c1_0.id=?
2025-07-02 14:26:57,351 TRACE [org.hib.orm.jdb.bind] (executor-thread-1) binding parameter (1:BIGINT) <- [4]
2025-07-02 14:26:57,352 DEBUG [org.hib.SQL] (executor-thread-1) select b1_0.id,b1_0.active,b1_0.created_at,b1_0.description,b1_0.logo_url,b1_0.name,b1_0.updated_at,b1_0.website_url from brands b1_0 where b1_0.id=?
2025-07-02 14:26:57,352 TRACE [org.hib.orm.jdb.bind] (executor-thread-1) binding parameter (1:BIGINT) <- [3]
2025-07-02 14:26:57,354 DEBUG [org.hib.SQL] (executor-thread-1) insert into products (active,brand_id,category_id,compare_at_price,created_at,description,featured,low_stock_threshold,name,price,sku,slug,stock_quantity,track_inventory,updated_at,weight,weight_unit,id) values (?,?,?,?,?,?,?,?,?,?,?,?,?,?,?,?,?,?)
2025-07-02 14:26:57,354 TRACE [org.hib.orm.jdb.bind] (executor-thread-1) binding parameter (1:BOOLEAN) <- [true]
2025-07-02 14:26:57,354 TRACE [org.hib.orm.jdb.bind] (executor-thread-1) binding parameter (2:BIGINT) <- [3]
2025-07-02 14:26:57,354 TRACE [org.hib.orm.jdb.bind] (executor-thread-1) binding parameter (3:BIGINT) <- [4]
2025-07-02 14:26:57,354 TRACE [org.hib.orm.jdb.bind] (executor-thread-1) binding parameter (4:NUMERIC) <- [null]
2025-07-02 14:26:57,354 TRACE [org.hib.orm.jdb.bind] (executor-thread-1) binding parameter (5:TIMESTAMP) <- [2025-07-02T14:26:57.354146]
2025-07-02 14:26:57,354 TRACE [org.hib.orm.jdb.bind] (executor-thread-1) binding parameter (6:VARCHAR) <- [Latest Samsung phone]
2025-07-02 14:26:57,354 TRACE [org.hib.orm.jdb.bind] (executor-thread-1) binding parameter (7:BOOLEAN) <- [false]
2025-07-02 14:26:57,354 TRACE [org.hib.orm.jdb.bind] (executor-thread-1) binding parameter (8:INTEGER) <- [5]
2025-07-02 14:26:57,354 TRACE [org.hib.orm.jdb.bind] (executor-thread-1) binding parameter (9:VARCHAR) <- [Samsung Galaxy S24]
2025-07-02 14:26:57,354 TRACE [org.hib.orm.jdb.bind] (executor-thread-1) binding parameter (10:NUMERIC) <- [899.99]
2025-07-02 14:26:57,354 TRACE [org.hib.orm.jdb.bind] (executor-thread-1) binding parameter (11:VARCHAR) <- [GALAXY-S24]
2025-07-02 14:26:57,354 TRACE [org.hib.orm.jdb.bind] (executor-thread-1) binding parameter (12:VARCHAR) <- [samsung-galaxy-s24]
2025-07-02 14:26:57,354 TRACE [org.hib.orm.jdb.bind] (executor-thread-1) binding parameter (13:INTEGER) <- [0]
2025-07-02 14:26:57,354 TRACE [org.hib.orm.jdb.bind] (executor-thread-1) binding parameter (14:BOOLEAN) <- [true]
2025-07-02 14:26:57,354 TRACE [org.hib.orm.jdb.bind] (executor-thread-1) binding parameter (15:TIMESTAMP) <- [2025-07-02T14:26:57.354152]
2025-07-02 14:26:57,354 TRACE [org.hib.orm.jdb.bind] (executor-thread-1) binding parameter (16:NUMERIC) <- [null]
2025-07-02 14:26:57,354 TRACE [org.hib.orm.jdb.bind] (executor-thread-1) binding parameter (17:VARCHAR) <- [kg]
2025-07-02 14:26:57,354 TRACE [org.hib.orm.jdb.bind] (executor-thread-1) binding parameter (18:BIGINT) <- [4]
2025-07-02 14:26:57,385 ERROR [io.sma.graphql] (vert.x-eventloop-thread-0) SRGQL012000: Data Fetching Error: java.lang.IllegalArgumentException: No parameter labelled '?2' in query with ordinal parameters [1]
	at org.hibernate.query.internal.ParameterMetadataImpl.getQueryParameter(ParameterMetadataImpl.java:307)
	at org.hibernate.query.internal.QueryParameterBindingsImpl.getBinding(QueryParameterBindingsImpl.java:146)
	at org.hibernate.query.spi.AbstractCommonQueryContract.setParameter(AbstractCommonQueryContract.java:840)
	at org.hibernate.query.spi.AbstractSelectionQuery.setParameter(AbstractSelectionQuery.java:638)
	at org.hibernate.query.sqm.internal.SqmSelectionQueryImpl.setParameter(SqmSelectionQueryImpl.java:741)
	at org.hibernate.query.sqm.internal.SqmSelectionQueryImpl.setParameter(SqmSelectionQueryImpl.java:92)
	at io.quarkus.hibernate.orm.panache.common.runtime.AbstractJpaOperations.bindParameters(AbstractJpaOperations.java:157)
	at io.quarkus.hibernate.orm.panache.common.runtime.CommonPanacheQueryImpl.createBaseQuery(CommonPanacheQueryImpl.java:394)
	at io.quarkus.hibernate.orm.panache.common.runtime.CommonPanacheQueryImpl.createQuery(CommonPanacheQueryImpl.java:346)
	at io.quarkus.hibernate.orm.panache.common.runtime.CommonPanacheQueryImpl.list(CommonPanacheQueryImpl.java:299)
	at io.quarkus.hibernate.orm.panache.runtime.PanacheQueryImpl.list(PanacheQueryImpl.java:150)
	at org.acme.repository.ProductRepository.findByNameContaining(ProductRepository.java:110)
	at org.acme.repository.ProductRepository_ClientProxy.findByNameContaining(Unknown Source)
	at org.acme.service.ProductService.searchProductsByName(ProductService.java:164)
	at org.acme.service.ProductService_Subclass.searchProductsByName$$superforward(Unknown Source)
	at org.acme.service.ProductService_Subclass$$function$$7.apply(Unknown Source)
	at io.quarkus.arc.impl.AroundInvokeInvocationContext.proceed(AroundInvokeInvocationContext.java:73)
	at io.quarkus.arc.impl.AroundInvokeInvocationContext.proceed(AroundInvokeInvocationContext.java:62)
	at io.quarkus.hibernate.validator.runtime.interceptor.AbstractMethodValidationInterceptor.validateMethodInvocation(AbstractMethodValidationInterceptor.java:71)
	at io.quarkus.hibernate.validator.runtime.interceptor.MethodValidationInterceptor.validateMethodInvocation(MethodValidationInterceptor.java:17)
	at io.quarkus.hibernate.validator.runtime.interceptor.MethodValidationInterceptor_Bean.intercept(Unknown Source)
	at io.quarkus.arc.impl.InterceptorInvocation.invoke(InterceptorInvocation.java:42)
	at io.quarkus.arc.impl.AroundInvokeInvocationContext.perform(AroundInvokeInvocationContext.java:30)
	at io.quarkus.arc.impl.InvocationContexts.performAroundInvoke(InvocationContexts.java:27)
	at org.acme.service.ProductService_Subclass.searchProductsByName(Unknown Source)
	at org.acme.service.ProductService_ClientProxy.searchProductsByName(Unknown Source)
	at org.acme.graphql.ProductGraphQLResource.searchProducts(ProductGraphQLResource.java:106)
	at java.base/jdk.internal.reflect.DirectMethodHandleAccessor.invoke(DirectMethodHandleAccessor.java:103)
	at java.base/java.lang.reflect.Method.invoke(Method.java:580)
	at io.smallrye.graphql.execution.datafetcher.helper.ReflectionInvoker.invoke(ReflectionInvoker.java:97)
	at io.quarkus.smallrye.graphql.runtime.spi.datafetcher.QuarkusDefaultDataFetcher.lambda$invokeAndTransformBlocking$0(QuarkusDefaultDataFetcher.java:84)
	at io.smallrye.context.impl.wrappers.SlowContextualCallable.call(SlowContextualCallable.java:21)
	at io.vertx.core.impl.ContextImpl.lambda$executeBlocking$4(ContextImpl.java:192)
	at io.vertx.core.impl.ContextInternal.dispatch(ContextInternal.java:270)
	at io.vertx.core.impl.ContextImpl$1.execute(ContextImpl.java:221)
	at io.vertx.core.impl.WorkerTask.run(WorkerTask.java:56)
	at io.vertx.core.impl.TaskQueue.run(TaskQueue.java:81)
	at io.quarkus.vertx.core.runtime.VertxCoreRecorder$15.runWith(VertxCoreRecorder.java:637)
	at org.jboss.threads.EnhancedQueueExecutor$Task.doRunWith(EnhancedQueueExecutor.java:2651)
	at org.jboss.threads.EnhancedQueueExecutor$Task.run(EnhancedQueueExecutor.java:2630)
	at org.jboss.threads.EnhancedQueueExecutor.runThreadBody(EnhancedQueueExecutor.java:1622)
	at org.jboss.threads.EnhancedQueueExecutor$ThreadBody.run(EnhancedQueueExecutor.java:1589)
	at org.jboss.threads.DelegatingRunnable.run(DelegatingRunnable.java:11)
	at org.jboss.threads.ThreadLocalResettingRunnable.run(ThreadLocalResettingRunnable.java:11)
	at io.netty.util.concurrent.FastThreadLocalRunnable.run(FastThreadLocalRunnable.java:30)
	at java.base/java.lang.Thread.run(Thread.java:1575)
Caused by: org.hibernate.query.UnknownParameterException: No parameter labelled '?2' in query with ordinal parameters [1]
	... 46 more

Request method:	POST
Request URI:	http://localhost:8081/graphql
Proxy:			<none>
Request params:	<none>
Query params:	<none>
Form params:	<none>
Path params:	<none>
Headers:		Accept=*/*
				Content-Type=application/json
Cookies:		<none>
Multiparts:		<none>
Body:
{
    "query": "query {\n    searchProducts(namePattern: \"iPhone\") {\n        id\n        name\n    }\n}\n"
}

HTTP/1.1 200 OK
content-type: application/graphql-response+json; charset=UTF-8
content-length: 188

{
    "errors": [
        {
            "message": "System error",
            "locations": [
                {
                    "line": 2,
                    "column": 5
                }
            ],
            "path": [
                "searchProducts"
            ],
            "extensions": {
                "classification": "DataFetchingException"
            }
        }
    ],
    "data": {
        "searchProducts": null
    }
}
]]></system-out>
  </testcase>
  <testcase name="testServiceLayerIntegration" classname="org.acme.EcommerceIntegrationTest" time="0.023">
    <system-out><![CDATA[2025-07-02 14:26:57,581 DEBUG [org.hib.SQL] (main) delete from product_images to_delete_
2025-07-02 14:26:57,582 DEBUG [org.hib.SQL] (main) delete from product_tags to_delete_
2025-07-02 14:26:57,582 DEBUG [org.hib.SQL] (main) delete from products p1_0
2025-07-02 14:26:57,582 DEBUG [org.hib.SQL] (main) delete from categories c1_0
2025-07-02 14:26:57,582 DEBUG [org.hib.SQL] (main) delete from brands b1_0
2025-07-02 14:26:57,583 DEBUG [org.hib.SQL] (main) select count(*) from brands b1_0 where lower(b1_0.name)=lower(?)
2025-07-02 14:26:57,583 TRACE [org.hib.orm.jdb.bind] (main) binding parameter (1:VARCHAR) <- [Test Brand]
2025-07-02 14:26:57,584 DEBUG [org.hib.SQL] (main) select count(*) from categories c1_0 where c1_0.slug=?
2025-07-02 14:26:57,584 TRACE [org.hib.orm.jdb.bind] (main) binding parameter (1:VARCHAR) <- [test-category]
2025-07-02 14:26:57,585 DEBUG [org.hib.SQL] (main) select count(*) from categories c1_0 where lower(c1_0.name)=lower(?)
2025-07-02 14:26:57,585 TRACE [org.hib.orm.jdb.bind] (main) binding parameter (1:VARCHAR) <- [Test Category]
2025-07-02 14:26:57,585 DEBUG [org.hib.SQL] (main) insert into brands (active,created_at,description,logo_url,name,updated_at,website_url,id) values (?,?,?,?,?,?,?,?)
2025-07-02 14:26:57,586 TRACE [org.hib.orm.jdb.bind] (main) binding parameter (1:BOOLEAN) <- [true]
2025-07-02 14:26:57,586 TRACE [org.hib.orm.jdb.bind] (main) binding parameter (2:TIMESTAMP) <- [2025-07-02T14:26:57.585834]
2025-07-02 14:26:57,586 TRACE [org.hib.orm.jdb.bind] (main) binding parameter (3:VARCHAR) <- [Test Brand Description]
2025-07-02 14:26:57,586 TRACE [org.hib.orm.jdb.bind] (main) binding parameter (4:VARCHAR) <- [null]
2025-07-02 14:26:57,586 TRACE [org.hib.orm.jdb.bind] (main) binding parameter (5:VARCHAR) <- [Test Brand]
2025-07-02 14:26:57,586 TRACE [org.hib.orm.jdb.bind] (main) binding parameter (6:TIMESTAMP) <- [2025-07-02T14:26:57.585841]
2025-07-02 14:26:57,586 TRACE [org.hib.orm.jdb.bind] (main) binding parameter (7:VARCHAR) <- [null]
2025-07-02 14:26:57,586 TRACE [org.hib.orm.jdb.bind] (main) binding parameter (8:BIGINT) <- [4]
2025-07-02 14:26:57,587 DEBUG [org.hib.SQL] (main) insert into categories (active,created_at,description,image_url,name,parent_id,slug,sort_order,updated_at,id) values (?,?,?,?,?,?,?,?,?,?)
2025-07-02 14:26:57,587 TRACE [org.hib.orm.jdb.bind] (main) binding parameter (1:BOOLEAN) <- [true]
2025-07-02 14:26:57,587 TRACE [org.hib.orm.jdb.bind] (main) binding parameter (2:TIMESTAMP) <- [2025-07-02T14:26:57.587160]
2025-07-02 14:26:57,587 TRACE [org.hib.orm.jdb.bind] (main) binding parameter (3:VARCHAR) <- [Test Category Description]
2025-07-02 14:26:57,587 TRACE [org.hib.orm.jdb.bind] (main) binding parameter (4:VARCHAR) <- [null]
2025-07-02 14:26:57,587 TRACE [org.hib.orm.jdb.bind] (main) binding parameter (5:VARCHAR) <- [Test Category]
2025-07-02 14:26:57,587 TRACE [org.hib.orm.jdb.bind] (main) binding parameter (6:BIGINT) <- [null]
2025-07-02 14:26:57,587 TRACE [org.hib.orm.jdb.bind] (main) binding parameter (7:VARCHAR) <- [test-category]
2025-07-02 14:26:57,587 TRACE [org.hib.orm.jdb.bind] (main) binding parameter (8:INTEGER) <- [0]
2025-07-02 14:26:57,587 TRACE [org.hib.orm.jdb.bind] (main) binding parameter (9:TIMESTAMP) <- [2025-07-02T14:26:57.587205]
2025-07-02 14:26:57,588 TRACE [org.hib.orm.jdb.bind] (main) binding parameter (10:BIGINT) <- [5]
2025-07-02 14:26:57,589 DEBUG [org.hib.SQL] (main) select count(*) from brands b1_0 where lower(b1_0.name)=lower(?)
2025-07-02 14:26:57,589 TRACE [org.hib.orm.jdb.bind] (main) binding parameter (1:VARCHAR) <- [Service Brand]
2025-07-02 14:26:57,590 DEBUG [org.hib.SQL] (main) select count(*) from categories c1_0 where c1_0.slug=?
2025-07-02 14:26:57,590 TRACE [org.hib.orm.jdb.bind] (main) binding parameter (1:VARCHAR) <- [service-category]
2025-07-02 14:26:57,590 DEBUG [org.hib.SQL] (main) select count(*) from categories c1_0 where lower(c1_0.name)=lower(?)
2025-07-02 14:26:57,590 TRACE [org.hib.orm.jdb.bind] (main) binding parameter (1:VARCHAR) <- [Service Category]
2025-07-02 14:26:57,591 DEBUG [org.hib.SQL] (main) select count(*) from products p1_0 where p1_0.slug=?
2025-07-02 14:26:57,592 TRACE [org.hib.orm.jdb.bind] (main) binding parameter (1:VARCHAR) <- [service-product]
2025-07-02 14:26:57,592 DEBUG [org.hib.SQL] (main) select count(*) from products p1_0 where p1_0.sku=?
2025-07-02 14:26:57,593 TRACE [org.hib.orm.jdb.bind] (main) binding parameter (1:VARCHAR) <- [SERVICE-PROD-001]
2025-07-02 14:26:57,597 DEBUG [org.hib.SQL] (main) insert into brands (active,created_at,description,logo_url,name,updated_at,website_url,id) values (?,?,?,?,?,?,?,?)
2025-07-02 14:26:57,597 TRACE [org.hib.orm.jdb.bind] (main) binding parameter (1:BOOLEAN) <- [true]
2025-07-02 14:26:57,597 TRACE [org.hib.orm.jdb.bind] (main) binding parameter (2:TIMESTAMP) <- [2025-07-02T14:26:57.597485]
2025-07-02 14:26:57,597 TRACE [org.hib.orm.jdb.bind] (main) binding parameter (3:VARCHAR) <- [Created via service]
2025-07-02 14:26:57,597 TRACE [org.hib.orm.jdb.bind] (main) binding parameter (4:VARCHAR) <- [null]
2025-07-02 14:26:57,597 TRACE [org.hib.orm.jdb.bind] (main) binding parameter (5:VARCHAR) <- [Service Brand]
2025-07-02 14:26:57,597 TRACE [org.hib.orm.jdb.bind] (main) binding parameter (6:TIMESTAMP) <- [2025-07-02T14:26:57.597495]
2025-07-02 14:26:57,597 TRACE [org.hib.orm.jdb.bind] (main) binding parameter (7:VARCHAR) <- [null]
2025-07-02 14:26:57,597 TRACE [org.hib.orm.jdb.bind] (main) binding parameter (8:BIGINT) <- [5]
2025-07-02 14:26:57,598 DEBUG [org.hib.SQL] (main) insert into categories (active,created_at,description,image_url,name,parent_id,slug,sort_order,updated_at,id) values (?,?,?,?,?,?,?,?,?,?)
2025-07-02 14:26:57,598 TRACE [org.hib.orm.jdb.bind] (main) binding parameter (1:BOOLEAN) <- [true]
2025-07-02 14:26:57,598 TRACE [org.hib.orm.jdb.bind] (main) binding parameter (2:TIMESTAMP) <- [2025-07-02T14:26:57.598096]
2025-07-02 14:26:57,598 TRACE [org.hib.orm.jdb.bind] (main) binding parameter (3:VARCHAR) <- [Created via service]
2025-07-02 14:26:57,598 TRACE [org.hib.orm.jdb.bind] (main) binding parameter (4:VARCHAR) <- [null]
2025-07-02 14:26:57,598 TRACE [org.hib.orm.jdb.bind] (main) binding parameter (5:VARCHAR) <- [Service Category]
2025-07-02 14:26:57,598 TRACE [org.hib.orm.jdb.bind] (main) binding parameter (6:BIGINT) <- [null]
2025-07-02 14:26:57,598 TRACE [org.hib.orm.jdb.bind] (main) binding parameter (7:VARCHAR) <- [service-category]
2025-07-02 14:26:57,598 TRACE [org.hib.orm.jdb.bind] (main) binding parameter (8:INTEGER) <- [0]
2025-07-02 14:26:57,599 TRACE [org.hib.orm.jdb.bind] (main) binding parameter (9:TIMESTAMP) <- [2025-07-02T14:26:57.598102]
2025-07-02 14:26:57,599 TRACE [org.hib.orm.jdb.bind] (main) binding parameter (10:BIGINT) <- [6]
2025-07-02 14:26:57,599 DEBUG [org.hib.SQL] (main) insert into products (active,brand_id,category_id,compare_at_price,created_at,description,featured,low_stock_threshold,name,price,sku,slug,stock_quantity,track_inventory,updated_at,weight,weight_unit,id) values (?,?,?,?,?,?,?,?,?,?,?,?,?,?,?,?,?,?)
2025-07-02 14:26:57,599 TRACE [org.hib.orm.jdb.bind] (main) binding parameter (1:BOOLEAN) <- [true]
2025-07-02 14:26:57,599 TRACE [org.hib.orm.jdb.bind] (main) binding parameter (2:BIGINT) <- [5]
2025-07-02 14:26:57,599 TRACE [org.hib.orm.jdb.bind] (main) binding parameter (3:BIGINT) <- [6]
2025-07-02 14:26:57,599 TRACE [org.hib.orm.jdb.bind] (main) binding parameter (4:NUMERIC) <- [null]
2025-07-02 14:26:57,599 TRACE [org.hib.orm.jdb.bind] (main) binding parameter (5:TIMESTAMP) <- [2025-07-02T14:26:57.599445]
2025-07-02 14:26:57,599 TRACE [org.hib.orm.jdb.bind] (main) binding parameter (6:VARCHAR) <- [Created via service]
2025-07-02 14:26:57,599 TRACE [org.hib.orm.jdb.bind] (main) binding parameter (7:BOOLEAN) <- [false]
2025-07-02 14:26:57,599 TRACE [org.hib.orm.jdb.bind] (main) binding parameter (8:INTEGER) <- [5]
2025-07-02 14:26:57,599 TRACE [org.hib.orm.jdb.bind] (main) binding parameter (9:VARCHAR) <- [Service Product]
2025-07-02 14:26:57,600 TRACE [org.hib.orm.jdb.bind] (main) binding parameter (10:NUMERIC) <- [199.99]
2025-07-02 14:26:57,600 TRACE [org.hib.orm.jdb.bind] (main) binding parameter (11:VARCHAR) <- [SERVICE-PROD-001]
2025-07-02 14:26:57,600 TRACE [org.hib.orm.jdb.bind] (main) binding parameter (12:VARCHAR) <- [service-product]
2025-07-02 14:26:57,600 TRACE [org.hib.orm.jdb.bind] (main) binding parameter (13:INTEGER) <- [100]
2025-07-02 14:26:57,600 TRACE [org.hib.orm.jdb.bind] (main) binding parameter (14:BOOLEAN) <- [true]
2025-07-02 14:26:57,600 TRACE [org.hib.orm.jdb.bind] (main) binding parameter (15:TIMESTAMP) <- [2025-07-02T14:26:57.599456]
2025-07-02 14:26:57,600 TRACE [org.hib.orm.jdb.bind] (main) binding parameter (16:NUMERIC) <- [null]
2025-07-02 14:26:57,600 TRACE [org.hib.orm.jdb.bind] (main) binding parameter (17:VARCHAR) <- [kg]
2025-07-02 14:26:57,600 TRACE [org.hib.orm.jdb.bind] (main) binding parameter (18:BIGINT) <- [5]
2025-07-02 14:26:57,601 DEBUG [org.hib.SQL] (main) update products set active=?,brand_id=?,category_id=?,compare_at_price=?,description=?,featured=?,low_stock_threshold=?,name=?,price=?,sku=?,slug=?,stock_quantity=?,track_inventory=?,updated_at=?,weight=?,weight_unit=? where id=?
2025-07-02 14:26:57,602 TRACE [org.hib.orm.jdb.bind] (main) binding parameter (1:BOOLEAN) <- [true]
2025-07-02 14:26:57,602 TRACE [org.hib.orm.jdb.bind] (main) binding parameter (2:BIGINT) <- [5]
2025-07-02 14:26:57,602 TRACE [org.hib.orm.jdb.bind] (main) binding parameter (3:BIGINT) <- [6]
2025-07-02 14:26:57,602 TRACE [org.hib.orm.jdb.bind] (main) binding parameter (4:NUMERIC) <- [null]
2025-07-02 14:26:57,602 TRACE [org.hib.orm.jdb.bind] (main) binding parameter (5:VARCHAR) <- [Created via service]
2025-07-02 14:26:57,602 TRACE [org.hib.orm.jdb.bind] (main) binding parameter (6:BOOLEAN) <- [false]
2025-07-02 14:26:57,602 TRACE [org.hib.orm.jdb.bind] (main) binding parameter (7:INTEGER) <- [5]
2025-07-02 14:26:57,602 TRACE [org.hib.orm.jdb.bind] (main) binding parameter (8:VARCHAR) <- [Service Product]
2025-07-02 14:26:57,603 TRACE [org.hib.orm.jdb.bind] (main) binding parameter (9:NUMERIC) <- [199.99]
2025-07-02 14:26:57,603 TRACE [org.hib.orm.jdb.bind] (main) binding parameter (10:VARCHAR) <- [SERVICE-PROD-001]
2025-07-02 14:26:57,603 TRACE [org.hib.orm.jdb.bind] (main) binding parameter (11:VARCHAR) <- [service-product]
2025-07-02 14:26:57,603 TRACE [org.hib.orm.jdb.bind] (main) binding parameter (12:INTEGER) <- [25]
2025-07-02 14:26:57,603 TRACE [org.hib.orm.jdb.bind] (main) binding parameter (13:BOOLEAN) <- [true]
2025-07-02 14:26:57,603 TRACE [org.hib.orm.jdb.bind] (main) binding parameter (14:TIMESTAMP) <- [2025-07-02T14:26:57.600705]
2025-07-02 14:26:57,603 TRACE [org.hib.orm.jdb.bind] (main) binding parameter (15:NUMERIC) <- [null]
2025-07-02 14:26:57,603 TRACE [org.hib.orm.jdb.bind] (main) binding parameter (16:VARCHAR) <- [kg]
2025-07-02 14:26:57,603 TRACE [org.hib.orm.jdb.bind] (main) binding parameter (17:BIGINT) <- [5]
]]></system-out>
  </testcase>
  <testcase name="testCategoryHierarchy" classname="org.acme.EcommerceIntegrationTest" time="0.036">
    <error message="class java.lang.Integer cannot be cast to class java.lang.Long (java.lang.Integer and java.lang.Long are in module java.base of loader &apos;bootstrap&apos;)" type="java.lang.ClassCastException"><![CDATA[java.lang.ClassCastException: class java.lang.Integer cannot be cast to class java.lang.Long (java.lang.Integer and java.lang.Long are in module java.base of loader 'bootstrap')
	at org.acme.EcommerceIntegrationTest.testCategoryHierarchy(EcommerceIntegrationTest.java:259)
	at java.base/java.lang.reflect.Method.invoke(Method.java:580)
	at io.quarkus.test.junit.QuarkusTestExtension.runExtensionMethod(QuarkusTestExtension.java:1000)
	at io.quarkus.test.junit.QuarkusTestExtension.interceptTestMethod(QuarkusTestExtension.java:848)
	at java.base/java.util.ArrayList.forEach(ArrayList.java:1597)
	at java.base/java.util.ArrayList.forEach(ArrayList.java:1597)
]]></error>
    <system-out><![CDATA[2025-07-02 14:26:57,606 DEBUG [org.hib.SQL] (main) delete from product_images to_delete_
2025-07-02 14:26:57,606 DEBUG [org.hib.SQL] (main) delete from product_tags to_delete_
2025-07-02 14:26:57,606 DEBUG [org.hib.SQL] (main) delete from products p1_0
2025-07-02 14:26:57,607 DEBUG [org.hib.SQL] (main) delete from categories c1_0
2025-07-02 14:26:57,607 DEBUG [org.hib.SQL] (main) delete from brands b1_0
2025-07-02 14:26:57,607 DEBUG [org.hib.SQL] (main) select count(*) from brands b1_0 where lower(b1_0.name)=lower(?)
2025-07-02 14:26:57,608 TRACE [org.hib.orm.jdb.bind] (main) binding parameter (1:VARCHAR) <- [Test Brand]
2025-07-02 14:26:57,608 DEBUG [org.hib.SQL] (main) select count(*) from categories c1_0 where c1_0.slug=?
2025-07-02 14:26:57,608 TRACE [org.hib.orm.jdb.bind] (main) binding parameter (1:VARCHAR) <- [test-category]
2025-07-02 14:26:57,609 DEBUG [org.hib.SQL] (main) select count(*) from categories c1_0 where lower(c1_0.name)=lower(?)
2025-07-02 14:26:57,609 TRACE [org.hib.orm.jdb.bind] (main) binding parameter (1:VARCHAR) <- [Test Category]
2025-07-02 14:26:57,609 DEBUG [org.hib.SQL] (main) insert into brands (active,created_at,description,logo_url,name,updated_at,website_url,id) values (?,?,?,?,?,?,?,?)
2025-07-02 14:26:57,609 TRACE [org.hib.orm.jdb.bind] (main) binding parameter (1:BOOLEAN) <- [true]
2025-07-02 14:26:57,609 TRACE [org.hib.orm.jdb.bind] (main) binding parameter (2:TIMESTAMP) <- [2025-07-02T14:26:57.609804]
2025-07-02 14:26:57,610 TRACE [org.hib.orm.jdb.bind] (main) binding parameter (3:VARCHAR) <- [Test Brand Description]
2025-07-02 14:26:57,610 TRACE [org.hib.orm.jdb.bind] (main) binding parameter (4:VARCHAR) <- [null]
2025-07-02 14:26:57,610 TRACE [org.hib.orm.jdb.bind] (main) binding parameter (5:VARCHAR) <- [Test Brand]
2025-07-02 14:26:57,610 TRACE [org.hib.orm.jdb.bind] (main) binding parameter (6:TIMESTAMP) <- [2025-07-02T14:26:57.609809]
2025-07-02 14:26:57,610 TRACE [org.hib.orm.jdb.bind] (main) binding parameter (7:VARCHAR) <- [null]
2025-07-02 14:26:57,610 TRACE [org.hib.orm.jdb.bind] (main) binding parameter (8:BIGINT) <- [6]
2025-07-02 14:26:57,610 DEBUG [org.hib.SQL] (main) insert into categories (active,created_at,description,image_url,name,parent_id,slug,sort_order,updated_at,id) values (?,?,?,?,?,?,?,?,?,?)
2025-07-02 14:26:57,610 TRACE [org.hib.orm.jdb.bind] (main) binding parameter (1:BOOLEAN) <- [true]
2025-07-02 14:26:57,610 TRACE [org.hib.orm.jdb.bind] (main) binding parameter (2:TIMESTAMP) <- [2025-07-02T14:26:57.610384]
2025-07-02 14:26:57,610 TRACE [org.hib.orm.jdb.bind] (main) binding parameter (3:VARCHAR) <- [Test Category Description]
2025-07-02 14:26:57,610 TRACE [org.hib.orm.jdb.bind] (main) binding parameter (4:VARCHAR) <- [null]
2025-07-02 14:26:57,610 TRACE [org.hib.orm.jdb.bind] (main) binding parameter (5:VARCHAR) <- [Test Category]
2025-07-02 14:26:57,610 TRACE [org.hib.orm.jdb.bind] (main) binding parameter (6:BIGINT) <- [null]
2025-07-02 14:26:57,610 TRACE [org.hib.orm.jdb.bind] (main) binding parameter (7:VARCHAR) <- [test-category]
2025-07-02 14:26:57,610 TRACE [org.hib.orm.jdb.bind] (main) binding parameter (8:INTEGER) <- [0]
2025-07-02 14:26:57,610 TRACE [org.hib.orm.jdb.bind] (main) binding parameter (9:TIMESTAMP) <- [2025-07-02T14:26:57.610388]
2025-07-02 14:26:57,610 TRACE [org.hib.orm.jdb.bind] (main) binding parameter (10:BIGINT) <- [7]
2025-07-02 14:26:57,623 DEBUG [org.hib.SQL] (executor-thread-1) select count(*) from categories c1_0 where c1_0.slug=?
2025-07-02 14:26:57,623 TRACE [org.hib.orm.jdb.bind] (executor-thread-1) binding parameter (1:VARCHAR) <- [electronics]
2025-07-02 14:26:57,624 DEBUG [org.hib.SQL] (executor-thread-1) select count(*) from categories c1_0 where lower(c1_0.name)=lower(?)
2025-07-02 14:26:57,624 TRACE [org.hib.orm.jdb.bind] (executor-thread-1) binding parameter (1:VARCHAR) <- [Electronics]
2025-07-02 14:26:57,624 DEBUG [org.hib.SQL] (executor-thread-1) insert into categories (active,created_at,description,image_url,name,parent_id,slug,sort_order,updated_at,id) values (?,?,?,?,?,?,?,?,?,?)
2025-07-02 14:26:57,624 TRACE [org.hib.orm.jdb.bind] (executor-thread-1) binding parameter (1:BOOLEAN) <- [true]
2025-07-02 14:26:57,624 TRACE [org.hib.orm.jdb.bind] (executor-thread-1) binding parameter (2:TIMESTAMP) <- [2025-07-02T14:26:57.624590]
2025-07-02 14:26:57,624 TRACE [org.hib.orm.jdb.bind] (executor-thread-1) binding parameter (3:VARCHAR) <- [Electronic devices]
2025-07-02 14:26:57,624 TRACE [org.hib.orm.jdb.bind] (executor-thread-1) binding parameter (4:VARCHAR) <- [null]
2025-07-02 14:26:57,624 TRACE [org.hib.orm.jdb.bind] (executor-thread-1) binding parameter (5:VARCHAR) <- [Electronics]
2025-07-02 14:26:57,624 TRACE [org.hib.orm.jdb.bind] (executor-thread-1) binding parameter (6:BIGINT) <- [null]
2025-07-02 14:26:57,625 TRACE [org.hib.orm.jdb.bind] (executor-thread-1) binding parameter (7:VARCHAR) <- [electronics]
2025-07-02 14:26:57,625 TRACE [org.hib.orm.jdb.bind] (executor-thread-1) binding parameter (8:INTEGER) <- [0]
2025-07-02 14:26:57,625 TRACE [org.hib.orm.jdb.bind] (executor-thread-1) binding parameter (9:TIMESTAMP) <- [2025-07-02T14:26:57.624595]
2025-07-02 14:26:57,625 TRACE [org.hib.orm.jdb.bind] (executor-thread-1) binding parameter (10:BIGINT) <- [8]
]]></system-out>
  </testcase>
  <testcase name="testCompleteEcommerceWorkflow" classname="org.acme.EcommerceIntegrationTest" time="0.051">
    <error message="class java.lang.Integer cannot be cast to class java.lang.Long (java.lang.Integer and java.lang.Long are in module java.base of loader &apos;bootstrap&apos;)" type="java.lang.ClassCastException"><![CDATA[java.lang.ClassCastException: class java.lang.Integer cannot be cast to class java.lang.Long (java.lang.Integer and java.lang.Long are in module java.base of loader 'bootstrap')
	at org.acme.EcommerceIntegrationTest.testCompleteEcommerceWorkflow(EcommerceIntegrationTest.java:104)
	at java.base/java.lang.reflect.Method.invoke(Method.java:580)
	at io.quarkus.test.junit.QuarkusTestExtension.runExtensionMethod(QuarkusTestExtension.java:1000)
	at io.quarkus.test.junit.QuarkusTestExtension.interceptTestMethod(QuarkusTestExtension.java:848)
	at java.base/java.util.ArrayList.forEach(ArrayList.java:1597)
	at java.base/java.util.ArrayList.forEach(ArrayList.java:1597)
]]></error>
    <system-out><![CDATA[2025-07-02 14:26:57,643 DEBUG [org.hib.SQL] (main) delete from product_images to_delete_
2025-07-02 14:26:57,643 DEBUG [org.hib.SQL] (main) delete from product_tags to_delete_
2025-07-02 14:26:57,643 DEBUG [org.hib.SQL] (main) delete from products p1_0
2025-07-02 14:26:57,643 DEBUG [org.hib.SQL] (main) delete from categories c1_0
2025-07-02 14:26:57,643 DEBUG [org.hib.SQL] (main) delete from brands b1_0
2025-07-02 14:26:57,644 DEBUG [org.hib.SQL] (main) select count(*) from brands b1_0 where lower(b1_0.name)=lower(?)
2025-07-02 14:26:57,644 TRACE [org.hib.orm.jdb.bind] (main) binding parameter (1:VARCHAR) <- [Test Brand]
2025-07-02 14:26:57,645 DEBUG [org.hib.SQL] (main) select count(*) from categories c1_0 where c1_0.slug=?
2025-07-02 14:26:57,645 TRACE [org.hib.orm.jdb.bind] (main) binding parameter (1:VARCHAR) <- [test-category]
2025-07-02 14:26:57,645 DEBUG [org.hib.SQL] (main) select count(*) from categories c1_0 where lower(c1_0.name)=lower(?)
2025-07-02 14:26:57,645 TRACE [org.hib.orm.jdb.bind] (main) binding parameter (1:VARCHAR) <- [Test Category]
2025-07-02 14:26:57,646 DEBUG [org.hib.SQL] (main) insert into brands (active,created_at,description,logo_url,name,updated_at,website_url,id) values (?,?,?,?,?,?,?,?)
2025-07-02 14:26:57,646 TRACE [org.hib.orm.jdb.bind] (main) binding parameter (1:BOOLEAN) <- [true]
2025-07-02 14:26:57,646 TRACE [org.hib.orm.jdb.bind] (main) binding parameter (2:TIMESTAMP) <- [2025-07-02T14:26:57.646303]
2025-07-02 14:26:57,646 TRACE [org.hib.orm.jdb.bind] (main) binding parameter (3:VARCHAR) <- [Test Brand Description]
2025-07-02 14:26:57,646 TRACE [org.hib.orm.jdb.bind] (main) binding parameter (4:VARCHAR) <- [null]
2025-07-02 14:26:57,646 TRACE [org.hib.orm.jdb.bind] (main) binding parameter (5:VARCHAR) <- [Test Brand]
2025-07-02 14:26:57,646 TRACE [org.hib.orm.jdb.bind] (main) binding parameter (6:TIMESTAMP) <- [2025-07-02T14:26:57.646309]
2025-07-02 14:26:57,646 TRACE [org.hib.orm.jdb.bind] (main) binding parameter (7:VARCHAR) <- [null]
2025-07-02 14:26:57,646 TRACE [org.hib.orm.jdb.bind] (main) binding parameter (8:BIGINT) <- [7]
2025-07-02 14:26:57,646 DEBUG [org.hib.SQL] (main) insert into categories (active,created_at,description,image_url,name,parent_id,slug,sort_order,updated_at,id) values (?,?,?,?,?,?,?,?,?,?)
2025-07-02 14:26:57,646 TRACE [org.hib.orm.jdb.bind] (main) binding parameter (1:BOOLEAN) <- [true]
2025-07-02 14:26:57,646 TRACE [org.hib.orm.jdb.bind] (main) binding parameter (2:TIMESTAMP) <- [2025-07-02T14:26:57.646813]
2025-07-02 14:26:57,646 TRACE [org.hib.orm.jdb.bind] (main) binding parameter (3:VARCHAR) <- [Test Category Description]
2025-07-02 14:26:57,647 TRACE [org.hib.orm.jdb.bind] (main) binding parameter (4:VARCHAR) <- [null]
2025-07-02 14:26:57,647 TRACE [org.hib.orm.jdb.bind] (main) binding parameter (5:VARCHAR) <- [Test Category]
2025-07-02 14:26:57,647 TRACE [org.hib.orm.jdb.bind] (main) binding parameter (6:BIGINT) <- [null]
2025-07-02 14:26:57,647 TRACE [org.hib.orm.jdb.bind] (main) binding parameter (7:VARCHAR) <- [test-category]
2025-07-02 14:26:57,647 TRACE [org.hib.orm.jdb.bind] (main) binding parameter (8:INTEGER) <- [0]
2025-07-02 14:26:57,647 TRACE [org.hib.orm.jdb.bind] (main) binding parameter (9:TIMESTAMP) <- [2025-07-02T14:26:57.646817]
2025-07-02 14:26:57,647 TRACE [org.hib.orm.jdb.bind] (main) binding parameter (10:BIGINT) <- [9]
2025-07-02 14:26:57,658 DEBUG [org.hib.SQL] (executor-thread-1) select count(*) from products p1_0 where p1_0.sku=?
2025-07-02 14:26:57,658 TRACE [org.hib.orm.jdb.bind] (executor-thread-1) binding parameter (1:VARCHAR) <- [TEST-PROD-001]
2025-07-02 14:26:57,658 DEBUG [org.hib.SQL] (executor-thread-1) select c1_0.id,c1_0.active,c1_0.created_at,c1_0.description,c1_0.image_url,c1_0.name,c1_0.parent_id,c1_0.slug,c1_0.sort_order,c1_0.updated_at from categories c1_0 where c1_0.id=?
2025-07-02 14:26:57,658 TRACE [org.hib.orm.jdb.bind] (executor-thread-1) binding parameter (1:BIGINT) <- [9]
2025-07-02 14:26:57,659 DEBUG [org.hib.SQL] (executor-thread-1) select b1_0.id,b1_0.active,b1_0.created_at,b1_0.description,b1_0.logo_url,b1_0.name,b1_0.updated_at,b1_0.website_url from brands b1_0 where b1_0.id=?
2025-07-02 14:26:57,659 TRACE [org.hib.orm.jdb.bind] (executor-thread-1) binding parameter (1:BIGINT) <- [7]
2025-07-02 14:26:57,659 DEBUG [org.hib.SQL] (executor-thread-1) insert into products (active,brand_id,category_id,compare_at_price,created_at,description,featured,low_stock_threshold,name,price,sku,slug,stock_quantity,track_inventory,updated_at,weight,weight_unit,id) values (?,?,?,?,?,?,?,?,?,?,?,?,?,?,?,?,?,?)
2025-07-02 14:26:57,660 TRACE [org.hib.orm.jdb.bind] (executor-thread-1) binding parameter (1:BOOLEAN) <- [true]
2025-07-02 14:26:57,660 TRACE [org.hib.orm.jdb.bind] (executor-thread-1) binding parameter (2:BIGINT) <- [7]
2025-07-02 14:26:57,660 TRACE [org.hib.orm.jdb.bind] (executor-thread-1) binding parameter (3:BIGINT) <- [9]
2025-07-02 14:26:57,660 TRACE [org.hib.orm.jdb.bind] (executor-thread-1) binding parameter (4:NUMERIC) <- [null]
2025-07-02 14:26:57,660 TRACE [org.hib.orm.jdb.bind] (executor-thread-1) binding parameter (5:TIMESTAMP) <- [2025-07-02T14:26:57.659909]
2025-07-02 14:26:57,660 TRACE [org.hib.orm.jdb.bind] (executor-thread-1) binding parameter (6:VARCHAR) <- [Test Product Description]
2025-07-02 14:26:57,660 TRACE [org.hib.orm.jdb.bind] (executor-thread-1) binding parameter (7:BOOLEAN) <- [true]
2025-07-02 14:26:57,660 TRACE [org.hib.orm.jdb.bind] (executor-thread-1) binding parameter (8:INTEGER) <- [5]
2025-07-02 14:26:57,660 TRACE [org.hib.orm.jdb.bind] (executor-thread-1) binding parameter (9:VARCHAR) <- [Test Product]
2025-07-02 14:26:57,660 TRACE [org.hib.orm.jdb.bind] (executor-thread-1) binding parameter (10:NUMERIC) <- [99.99]
2025-07-02 14:26:57,660 TRACE [org.hib.orm.jdb.bind] (executor-thread-1) binding parameter (11:VARCHAR) <- [TEST-PROD-001]
2025-07-02 14:26:57,660 TRACE [org.hib.orm.jdb.bind] (executor-thread-1) binding parameter (12:VARCHAR) <- [test-product]
2025-07-02 14:26:57,660 TRACE [org.hib.orm.jdb.bind] (executor-thread-1) binding parameter (13:INTEGER) <- [50]
2025-07-02 14:26:57,660 TRACE [org.hib.orm.jdb.bind] (executor-thread-1) binding parameter (14:BOOLEAN) <- [true]
2025-07-02 14:26:57,660 TRACE [org.hib.orm.jdb.bind] (executor-thread-1) binding parameter (15:TIMESTAMP) <- [2025-07-02T14:26:57.659914]
2025-07-02 14:26:57,660 TRACE [org.hib.orm.jdb.bind] (executor-thread-1) binding parameter (16:NUMERIC) <- [null]
2025-07-02 14:26:57,660 TRACE [org.hib.orm.jdb.bind] (executor-thread-1) binding parameter (17:VARCHAR) <- [kg]
2025-07-02 14:26:57,660 TRACE [org.hib.orm.jdb.bind] (executor-thread-1) binding parameter (18:BIGINT) <- [6]
]]></system-out>
  </testcase>
</testsuite>