<?xml version="1.0" encoding="UTF-8"?>
<testsuite xmlns:xsi="http://www.w3.org/2001/XMLSchema-instance" xsi:noNamespaceSchemaLocation="https://maven.apache.org/surefire/maven-surefire-plugin/xsd/surefire-test-report.xsd" version="3.0.2" name="org.acme.service.BrandServiceTest" time="0.044" tests="16" errors="16" skipped="0" failures="0">
  <properties>
[...]
</properties>
  <testcase name="testDeactivateBrand" classname="org.acme.service.BrandServiceTest" time="0.002">
    <error message="JDBC exception executing SQL [delete from brands b1_0] [Referential integrity constraint violation: &quot;FKA3A4MPSFDF4D2Y6R8RA3SC8MV: PUBLIC.PRODUCTS FOREIGN KEY(BRAND_ID) REFERENCES PUBLIC.BRANDS(ID) (CAST(7 AS BIGINT))&quot;; SQL statement:&#10;delete from brands b1_0 [23503-230]] [n/a]" type="org.hibernate.exception.ConstraintViolationException"><![CDATA[org.hibernate.exception.ConstraintViolationException: 
JDBC exception executing SQL [delete from brands b1_0] [Referential integrity constraint violation: "FKA3A4MPSFDF4D2Y6R8RA3SC8MV: PUBLIC.PRODUCTS FOREIGN KEY(BRAND_ID) REFERENCES PUBLIC.BRANDS(ID) (CAST(7 AS BIGINT))"; SQL statement:
delete from brands b1_0 [23503-230]] [n/a]
	at org.hibernate.dialect.H2Dialect.lambda$buildSQLExceptionConversionDelegate$3(H2Dialect.java:829)
	at org.hibernate.exception.internal.StandardSQLExceptionConverter.convert(StandardSQLExceptionConverter.java:34)
	at org.hibernate.engine.jdbc.spi.SqlExceptionHelper.convert(SqlExceptionHelper.java:115)
	at org.hibernate.engine.jdbc.spi.SqlExceptionHelper.convert(SqlExceptionHelper.java:101)
	at org.hibernate.sql.exec.internal.StandardJdbcMutationExecutor.handleException(StandardJdbcMutationExecutor.java:102)
	at org.hibernate.sql.exec.internal.StandardJdbcMutationExecutor.execute(StandardJdbcMutationExecutor.java:91)
	at org.hibernate.query.sqm.internal.SimpleDeleteQueryPlan.executeUpdate(SimpleDeleteQueryPlan.java:181)
	at org.hibernate.query.sqm.internal.QuerySqmImpl.doExecuteUpdate(QuerySqmImpl.java:543)
	at org.hibernate.query.sqm.internal.QuerySqmImpl.executeUpdate(QuerySqmImpl.java:515)
	at io.quarkus.hibernate.orm.panache.common.runtime.AbstractJpaOperations.deleteAll(AbstractJpaOperations.java:400)
	at org.acme.entity.Brand.deleteAll(Brand.java)
	at org.acme.service.BrandServiceTest.setUp(BrandServiceTest.java:29)
	at org.acme.service.BrandServiceTest_Subclass.setUp$$superforward(Unknown Source)
	at org.acme.service.BrandServiceTest_Subclass$$function$$1.apply(Unknown Source)
	at io.quarkus.arc.impl.AroundInvokeInvocationContext.proceed(AroundInvokeInvocationContext.java:73)
	at io.quarkus.arc.impl.AroundInvokeInvocationContext.proceed(AroundInvokeInvocationContext.java:62)
	at io.quarkus.narayana.jta.runtime.interceptor.TransactionalInterceptorBase.invokeInOurTx(TransactionalInterceptorBase.java:136)
	at io.quarkus.narayana.jta.runtime.interceptor.TransactionalInterceptorBase.invokeInOurTx(TransactionalInterceptorBase.java:107)
	at io.quarkus.narayana.jta.runtime.interceptor.TransactionalInterceptorRequired.doIntercept(TransactionalInterceptorRequired.java:38)
	at io.quarkus.narayana.jta.runtime.interceptor.TransactionalInterceptorBase.intercept(TransactionalInterceptorBase.java:61)
	at io.quarkus.narayana.jta.runtime.interceptor.TransactionalInterceptorRequired.intercept(TransactionalInterceptorRequired.java:32)
	at io.quarkus.narayana.jta.runtime.interceptor.TransactionalInterceptorRequired_Bean.intercept(Unknown Source)
	at io.quarkus.arc.impl.InterceptorInvocation.invoke(InterceptorInvocation.java:42)
	at io.quarkus.arc.impl.AroundInvokeInvocationContext.perform(AroundInvokeInvocationContext.java:30)
	at io.quarkus.arc.impl.InvocationContexts.performAroundInvoke(InvocationContexts.java:27)
	at org.acme.service.BrandServiceTest_Subclass.setUp(Unknown Source)
	at java.base/java.lang.reflect.Method.invoke(Method.java:580)
	at io.quarkus.test.junit.QuarkusTestExtension.runExtensionMethod(QuarkusTestExtension.java:1000)
	at io.quarkus.test.junit.QuarkusTestExtension.interceptBeforeEachMethod(QuarkusTestExtension.java:829)
	at java.base/java.util.ArrayList.forEach(ArrayList.java:1597)
	at java.base/java.util.ArrayList.forEach(ArrayList.java:1597)
Caused by: org.h2.jdbc.JdbcSQLIntegrityConstraintViolationException: Referential integrity constraint violation: "FKA3A4MPSFDF4D2Y6R8RA3SC8MV: PUBLIC.PRODUCTS FOREIGN KEY(BRAND_ID) REFERENCES PUBLIC.BRANDS(ID) (CAST(7 AS BIGINT))"; SQL statement:
delete from brands b1_0 [23503-230]
	at org.h2.message.DbException.getJdbcSQLException(DbException.java:520)
	at org.h2.message.DbException.getJdbcSQLException(DbException.java:489)
	at org.h2.message.DbException.get(DbException.java:223)
	at org.h2.message.DbException.get(DbException.java:199)
	at org.h2.constraint.ConstraintReferential.checkRow(ConstraintReferential.java:362)
	at org.h2.constraint.ConstraintReferential.checkRowRefTable(ConstraintReferential.java:379)
	at org.h2.constraint.ConstraintReferential.checkRow(ConstraintReferential.java:253)
	at org.h2.table.Table.fireConstraints(Table.java:1227)
	at org.h2.table.Table.fireAfterRow(Table.java:1245)
	at org.h2.command.dml.Delete.update(Delete.java:92)
	at org.h2.command.dml.DataChangeStatement.update(DataChangeStatement.java:74)
	at org.h2.command.CommandContainer.update(CommandContainer.java:139)
	at org.h2.command.Command.executeUpdate(Command.java:304)
	at org.h2.command.Command.executeUpdate(Command.java:248)
	at org.h2.jdbc.JdbcPreparedStatement.executeUpdateInternal(JdbcPreparedStatement.java:213)
	at org.h2.jdbc.JdbcPreparedStatement.executeUpdate(JdbcPreparedStatement.java:172)
	at io.agroal.pool.wrapper.PreparedStatementWrapper.executeUpdate(PreparedStatementWrapper.java:90)
	at org.hibernate.sql.exec.internal.StandardJdbcMutationExecutor.execute(StandardJdbcMutationExecutor.java:77)
	... 25 more
]]></error>
    <system-out><![CDATA[2025-07-02 14:26:57,777 DEBUG [org.hib.SQL] (main) delete from brands b1_0
2025-07-02 14:26:57,778 WARN  [org.hib.orm.jdb.error] (main) HHH000247: ErrorCode: 23503, SQLState: 23503
2025-07-02 14:26:57,778 WARN  [org.hib.orm.jdb.error] (main) Referential integrity constraint violation: "FKA3A4MPSFDF4D2Y6R8RA3SC8MV: PUBLIC.PRODUCTS FOREIGN KEY(BRAND_ID) REFERENCES PUBLIC.BRANDS(ID) (CAST(7 AS BIGINT))"; SQL statement:
delete from brands b1_0 [23503-230]
]]></system-out>
  </testcase>
  <testcase name="testDeleteBrand" classname="org.acme.service.BrandServiceTest" time="0.002">
    <error message="JDBC exception executing SQL [delete from brands b1_0] [Referential integrity constraint violation: &quot;FKA3A4MPSFDF4D2Y6R8RA3SC8MV: PUBLIC.PRODUCTS FOREIGN KEY(BRAND_ID) REFERENCES PUBLIC.BRANDS(ID) (CAST(7 AS BIGINT))&quot;; SQL statement:&#10;delete from brands b1_0 [23503-230]] [n/a]" type="org.hibernate.exception.ConstraintViolationException"><![CDATA[org.hibernate.exception.ConstraintViolationException: 
JDBC exception executing SQL [delete from brands b1_0] [Referential integrity constraint violation: "FKA3A4MPSFDF4D2Y6R8RA3SC8MV: PUBLIC.PRODUCTS FOREIGN KEY(BRAND_ID) REFERENCES PUBLIC.BRANDS(ID) (CAST(7 AS BIGINT))"; SQL statement:
delete from brands b1_0 [23503-230]] [n/a]
	at org.hibernate.dialect.H2Dialect.lambda$buildSQLExceptionConversionDelegate$3(H2Dialect.java:829)
	at org.hibernate.exception.internal.StandardSQLExceptionConverter.convert(StandardSQLExceptionConverter.java:34)
	at org.hibernate.engine.jdbc.spi.SqlExceptionHelper.convert(SqlExceptionHelper.java:115)
	at org.hibernate.engine.jdbc.spi.SqlExceptionHelper.convert(SqlExceptionHelper.java:101)
	at org.hibernate.sql.exec.internal.StandardJdbcMutationExecutor.handleException(StandardJdbcMutationExecutor.java:102)
	at org.hibernate.sql.exec.internal.StandardJdbcMutationExecutor.execute(StandardJdbcMutationExecutor.java:91)
	at org.hibernate.query.sqm.internal.SimpleDeleteQueryPlan.executeUpdate(SimpleDeleteQueryPlan.java:181)
	at org.hibernate.query.sqm.internal.QuerySqmImpl.doExecuteUpdate(QuerySqmImpl.java:543)
	at org.hibernate.query.sqm.internal.QuerySqmImpl.executeUpdate(QuerySqmImpl.java:515)
	at io.quarkus.hibernate.orm.panache.common.runtime.AbstractJpaOperations.deleteAll(AbstractJpaOperations.java:400)
	at org.acme.entity.Brand.deleteAll(Brand.java)
	at org.acme.service.BrandServiceTest.setUp(BrandServiceTest.java:29)
	at org.acme.service.BrandServiceTest_Subclass.setUp$$superforward(Unknown Source)
	at org.acme.service.BrandServiceTest_Subclass$$function$$1.apply(Unknown Source)
	at io.quarkus.arc.impl.AroundInvokeInvocationContext.proceed(AroundInvokeInvocationContext.java:73)
	at io.quarkus.arc.impl.AroundInvokeInvocationContext.proceed(AroundInvokeInvocationContext.java:62)
	at io.quarkus.narayana.jta.runtime.interceptor.TransactionalInterceptorBase.invokeInOurTx(TransactionalInterceptorBase.java:136)
	at io.quarkus.narayana.jta.runtime.interceptor.TransactionalInterceptorBase.invokeInOurTx(TransactionalInterceptorBase.java:107)
	at io.quarkus.narayana.jta.runtime.interceptor.TransactionalInterceptorRequired.doIntercept(TransactionalInterceptorRequired.java:38)
	at io.quarkus.narayana.jta.runtime.interceptor.TransactionalInterceptorBase.intercept(TransactionalInterceptorBase.java:61)
	at io.quarkus.narayana.jta.runtime.interceptor.TransactionalInterceptorRequired.intercept(TransactionalInterceptorRequired.java:32)
	at io.quarkus.narayana.jta.runtime.interceptor.TransactionalInterceptorRequired_Bean.intercept(Unknown Source)
	at io.quarkus.arc.impl.InterceptorInvocation.invoke(InterceptorInvocation.java:42)
	at io.quarkus.arc.impl.AroundInvokeInvocationContext.perform(AroundInvokeInvocationContext.java:30)
	at io.quarkus.arc.impl.InvocationContexts.performAroundInvoke(InvocationContexts.java:27)
	at org.acme.service.BrandServiceTest_Subclass.setUp(Unknown Source)
	at java.base/java.lang.reflect.Method.invoke(Method.java:580)
	at io.quarkus.test.junit.QuarkusTestExtension.runExtensionMethod(QuarkusTestExtension.java:1000)
	at io.quarkus.test.junit.QuarkusTestExtension.interceptBeforeEachMethod(QuarkusTestExtension.java:829)
	at java.base/java.util.ArrayList.forEach(ArrayList.java:1597)
	at java.base/java.util.ArrayList.forEach(ArrayList.java:1597)
Caused by: org.h2.jdbc.JdbcSQLIntegrityConstraintViolationException: Referential integrity constraint violation: "FKA3A4MPSFDF4D2Y6R8RA3SC8MV: PUBLIC.PRODUCTS FOREIGN KEY(BRAND_ID) REFERENCES PUBLIC.BRANDS(ID) (CAST(7 AS BIGINT))"; SQL statement:
delete from brands b1_0 [23503-230]
	at org.h2.message.DbException.getJdbcSQLException(DbException.java:520)
	at org.h2.message.DbException.getJdbcSQLException(DbException.java:489)
	at org.h2.message.DbException.get(DbException.java:223)
	at org.h2.message.DbException.get(DbException.java:199)
	at org.h2.constraint.ConstraintReferential.checkRow(ConstraintReferential.java:362)
	at org.h2.constraint.ConstraintReferential.checkRowRefTable(ConstraintReferential.java:379)
	at org.h2.constraint.ConstraintReferential.checkRow(ConstraintReferential.java:253)
	at org.h2.table.Table.fireConstraints(Table.java:1227)
	at org.h2.table.Table.fireAfterRow(Table.java:1245)
	at org.h2.command.dml.Delete.update(Delete.java:92)
	at org.h2.command.dml.DataChangeStatement.update(DataChangeStatement.java:74)
	at org.h2.command.CommandContainer.update(CommandContainer.java:139)
	at org.h2.command.Command.executeUpdate(Command.java:304)
	at org.h2.command.Command.executeUpdate(Command.java:248)
	at org.h2.jdbc.JdbcPreparedStatement.executeUpdateInternal(JdbcPreparedStatement.java:213)
	at org.h2.jdbc.JdbcPreparedStatement.executeUpdate(JdbcPreparedStatement.java:172)
	at io.agroal.pool.wrapper.PreparedStatementWrapper.executeUpdate(PreparedStatementWrapper.java:90)
	at org.hibernate.sql.exec.internal.StandardJdbcMutationExecutor.execute(StandardJdbcMutationExecutor.java:77)
	... 25 more
]]></error>
    <system-out><![CDATA[2025-07-02 14:26:57,780 DEBUG [org.hib.SQL] (main) delete from brands b1_0
2025-07-02 14:26:57,781 WARN  [org.hib.orm.jdb.error] (main) HHH000247: ErrorCode: 23503, SQLState: 23503
2025-07-02 14:26:57,781 WARN  [org.hib.orm.jdb.error] (main) Referential integrity constraint violation: "FKA3A4MPSFDF4D2Y6R8RA3SC8MV: PUBLIC.PRODUCTS FOREIGN KEY(BRAND_ID) REFERENCES PUBLIC.BRANDS(ID) (CAST(7 AS BIGINT))"; SQL statement:
delete from brands b1_0 [23503-230]
]]></system-out>
  </testcase>
  <testcase name="testGetAllActiveBrands" classname="org.acme.service.BrandServiceTest" time="0.002">
    <error message="JDBC exception executing SQL [delete from brands b1_0] [Referential integrity constraint violation: &quot;FKA3A4MPSFDF4D2Y6R8RA3SC8MV: PUBLIC.PRODUCTS FOREIGN KEY(BRAND_ID) REFERENCES PUBLIC.BRANDS(ID) (CAST(7 AS BIGINT))&quot;; SQL statement:&#10;delete from brands b1_0 [23503-230]] [n/a]" type="org.hibernate.exception.ConstraintViolationException"><![CDATA[org.hibernate.exception.ConstraintViolationException: 
JDBC exception executing SQL [delete from brands b1_0] [Referential integrity constraint violation: "FKA3A4MPSFDF4D2Y6R8RA3SC8MV: PUBLIC.PRODUCTS FOREIGN KEY(BRAND_ID) REFERENCES PUBLIC.BRANDS(ID) (CAST(7 AS BIGINT))"; SQL statement:
delete from brands b1_0 [23503-230]] [n/a]
	at org.hibernate.dialect.H2Dialect.lambda$buildSQLExceptionConversionDelegate$3(H2Dialect.java:829)
	at org.hibernate.exception.internal.StandardSQLExceptionConverter.convert(StandardSQLExceptionConverter.java:34)
	at org.hibernate.engine.jdbc.spi.SqlExceptionHelper.convert(SqlExceptionHelper.java:115)
	at org.hibernate.engine.jdbc.spi.SqlExceptionHelper.convert(SqlExceptionHelper.java:101)
	at org.hibernate.sql.exec.internal.StandardJdbcMutationExecutor.handleException(StandardJdbcMutationExecutor.java:102)
	at org.hibernate.sql.exec.internal.StandardJdbcMutationExecutor.execute(StandardJdbcMutationExecutor.java:91)
	at org.hibernate.query.sqm.internal.SimpleDeleteQueryPlan.executeUpdate(SimpleDeleteQueryPlan.java:181)
	at org.hibernate.query.sqm.internal.QuerySqmImpl.doExecuteUpdate(QuerySqmImpl.java:543)
	at org.hibernate.query.sqm.internal.QuerySqmImpl.executeUpdate(QuerySqmImpl.java:515)
	at io.quarkus.hibernate.orm.panache.common.runtime.AbstractJpaOperations.deleteAll(AbstractJpaOperations.java:400)
	at org.acme.entity.Brand.deleteAll(Brand.java)
	at org.acme.service.BrandServiceTest.setUp(BrandServiceTest.java:29)
	at org.acme.service.BrandServiceTest_Subclass.setUp$$superforward(Unknown Source)
	at org.acme.service.BrandServiceTest_Subclass$$function$$1.apply(Unknown Source)
	at io.quarkus.arc.impl.AroundInvokeInvocationContext.proceed(AroundInvokeInvocationContext.java:73)
	at io.quarkus.arc.impl.AroundInvokeInvocationContext.proceed(AroundInvokeInvocationContext.java:62)
	at io.quarkus.narayana.jta.runtime.interceptor.TransactionalInterceptorBase.invokeInOurTx(TransactionalInterceptorBase.java:136)
	at io.quarkus.narayana.jta.runtime.interceptor.TransactionalInterceptorBase.invokeInOurTx(TransactionalInterceptorBase.java:107)
	at io.quarkus.narayana.jta.runtime.interceptor.TransactionalInterceptorRequired.doIntercept(TransactionalInterceptorRequired.java:38)
	at io.quarkus.narayana.jta.runtime.interceptor.TransactionalInterceptorBase.intercept(TransactionalInterceptorBase.java:61)
	at io.quarkus.narayana.jta.runtime.interceptor.TransactionalInterceptorRequired.intercept(TransactionalInterceptorRequired.java:32)
	at io.quarkus.narayana.jta.runtime.interceptor.TransactionalInterceptorRequired_Bean.intercept(Unknown Source)
	at io.quarkus.arc.impl.InterceptorInvocation.invoke(InterceptorInvocation.java:42)
	at io.quarkus.arc.impl.AroundInvokeInvocationContext.perform(AroundInvokeInvocationContext.java:30)
	at io.quarkus.arc.impl.InvocationContexts.performAroundInvoke(InvocationContexts.java:27)
	at org.acme.service.BrandServiceTest_Subclass.setUp(Unknown Source)
	at java.base/java.lang.reflect.Method.invoke(Method.java:580)
	at io.quarkus.test.junit.QuarkusTestExtension.runExtensionMethod(QuarkusTestExtension.java:1000)
	at io.quarkus.test.junit.QuarkusTestExtension.interceptBeforeEachMethod(QuarkusTestExtension.java:829)
	at java.base/java.util.ArrayList.forEach(ArrayList.java:1597)
	at java.base/java.util.ArrayList.forEach(ArrayList.java:1597)
Caused by: org.h2.jdbc.JdbcSQLIntegrityConstraintViolationException: Referential integrity constraint violation: "FKA3A4MPSFDF4D2Y6R8RA3SC8MV: PUBLIC.PRODUCTS FOREIGN KEY(BRAND_ID) REFERENCES PUBLIC.BRANDS(ID) (CAST(7 AS BIGINT))"; SQL statement:
delete from brands b1_0 [23503-230]
	at org.h2.message.DbException.getJdbcSQLException(DbException.java:520)
	at org.h2.message.DbException.getJdbcSQLException(DbException.java:489)
	at org.h2.message.DbException.get(DbException.java:223)
	at org.h2.message.DbException.get(DbException.java:199)
	at org.h2.constraint.ConstraintReferential.checkRow(ConstraintReferential.java:362)
	at org.h2.constraint.ConstraintReferential.checkRowRefTable(ConstraintReferential.java:379)
	at org.h2.constraint.ConstraintReferential.checkRow(ConstraintReferential.java:253)
	at org.h2.table.Table.fireConstraints(Table.java:1227)
	at org.h2.table.Table.fireAfterRow(Table.java:1245)
	at org.h2.command.dml.Delete.update(Delete.java:92)
	at org.h2.command.dml.DataChangeStatement.update(DataChangeStatement.java:74)
	at org.h2.command.CommandContainer.update(CommandContainer.java:139)
	at org.h2.command.Command.executeUpdate(Command.java:304)
	at org.h2.command.Command.executeUpdate(Command.java:248)
	at org.h2.jdbc.JdbcPreparedStatement.executeUpdateInternal(JdbcPreparedStatement.java:213)
	at org.h2.jdbc.JdbcPreparedStatement.executeUpdate(JdbcPreparedStatement.java:172)
	at io.agroal.pool.wrapper.PreparedStatementWrapper.executeUpdate(PreparedStatementWrapper.java:90)
	at org.hibernate.sql.exec.internal.StandardJdbcMutationExecutor.execute(StandardJdbcMutationExecutor.java:77)
	... 25 more
]]></error>
    <system-out><![CDATA[2025-07-02 14:26:57,783 DEBUG [org.hib.SQL] (main) delete from brands b1_0
2025-07-02 14:26:57,783 WARN  [org.hib.orm.jdb.error] (main) HHH000247: ErrorCode: 23503, SQLState: 23503
2025-07-02 14:26:57,783 WARN  [org.hib.orm.jdb.error] (main) Referential integrity constraint violation: "FKA3A4MPSFDF4D2Y6R8RA3SC8MV: PUBLIC.PRODUCTS FOREIGN KEY(BRAND_ID) REFERENCES PUBLIC.BRANDS(ID) (CAST(7 AS BIGINT))"; SQL statement:
delete from brands b1_0 [23503-230]
]]></system-out>
  </testcase>
  <testcase name="testUpdateBrand" classname="org.acme.service.BrandServiceTest" time="0.004">
    <error message="JDBC exception executing SQL [delete from brands b1_0] [Referential integrity constraint violation: &quot;FKA3A4MPSFDF4D2Y6R8RA3SC8MV: PUBLIC.PRODUCTS FOREIGN KEY(BRAND_ID) REFERENCES PUBLIC.BRANDS(ID) (CAST(7 AS BIGINT))&quot;; SQL statement:&#10;delete from brands b1_0 [23503-230]] [n/a]" type="org.hibernate.exception.ConstraintViolationException"><![CDATA[org.hibernate.exception.ConstraintViolationException: 
JDBC exception executing SQL [delete from brands b1_0] [Referential integrity constraint violation: "FKA3A4MPSFDF4D2Y6R8RA3SC8MV: PUBLIC.PRODUCTS FOREIGN KEY(BRAND_ID) REFERENCES PUBLIC.BRANDS(ID) (CAST(7 AS BIGINT))"; SQL statement:
delete from brands b1_0 [23503-230]] [n/a]
	at org.hibernate.dialect.H2Dialect.lambda$buildSQLExceptionConversionDelegate$3(H2Dialect.java:829)
	at org.hibernate.exception.internal.StandardSQLExceptionConverter.convert(StandardSQLExceptionConverter.java:34)
	at org.hibernate.engine.jdbc.spi.SqlExceptionHelper.convert(SqlExceptionHelper.java:115)
	at org.hibernate.engine.jdbc.spi.SqlExceptionHelper.convert(SqlExceptionHelper.java:101)
	at org.hibernate.sql.exec.internal.StandardJdbcMutationExecutor.handleException(StandardJdbcMutationExecutor.java:102)
	at org.hibernate.sql.exec.internal.StandardJdbcMutationExecutor.execute(StandardJdbcMutationExecutor.java:91)
	at org.hibernate.query.sqm.internal.SimpleDeleteQueryPlan.executeUpdate(SimpleDeleteQueryPlan.java:181)
	at org.hibernate.query.sqm.internal.QuerySqmImpl.doExecuteUpdate(QuerySqmImpl.java:543)
	at org.hibernate.query.sqm.internal.QuerySqmImpl.executeUpdate(QuerySqmImpl.java:515)
	at io.quarkus.hibernate.orm.panache.common.runtime.AbstractJpaOperations.deleteAll(AbstractJpaOperations.java:400)
	at org.acme.entity.Brand.deleteAll(Brand.java)
	at org.acme.service.BrandServiceTest.setUp(BrandServiceTest.java:29)
	at org.acme.service.BrandServiceTest_Subclass.setUp$$superforward(Unknown Source)
	at org.acme.service.BrandServiceTest_Subclass$$function$$1.apply(Unknown Source)
	at io.quarkus.arc.impl.AroundInvokeInvocationContext.proceed(AroundInvokeInvocationContext.java:73)
	at io.quarkus.arc.impl.AroundInvokeInvocationContext.proceed(AroundInvokeInvocationContext.java:62)
	at io.quarkus.narayana.jta.runtime.interceptor.TransactionalInterceptorBase.invokeInOurTx(TransactionalInterceptorBase.java:136)
	at io.quarkus.narayana.jta.runtime.interceptor.TransactionalInterceptorBase.invokeInOurTx(TransactionalInterceptorBase.java:107)
	at io.quarkus.narayana.jta.runtime.interceptor.TransactionalInterceptorRequired.doIntercept(TransactionalInterceptorRequired.java:38)
	at io.quarkus.narayana.jta.runtime.interceptor.TransactionalInterceptorBase.intercept(TransactionalInterceptorBase.java:61)
	at io.quarkus.narayana.jta.runtime.interceptor.TransactionalInterceptorRequired.intercept(TransactionalInterceptorRequired.java:32)
	at io.quarkus.narayana.jta.runtime.interceptor.TransactionalInterceptorRequired_Bean.intercept(Unknown Source)
	at io.quarkus.arc.impl.InterceptorInvocation.invoke(InterceptorInvocation.java:42)
	at io.quarkus.arc.impl.AroundInvokeInvocationContext.perform(AroundInvokeInvocationContext.java:30)
	at io.quarkus.arc.impl.InvocationContexts.performAroundInvoke(InvocationContexts.java:27)
	at org.acme.service.BrandServiceTest_Subclass.setUp(Unknown Source)
	at java.base/java.lang.reflect.Method.invoke(Method.java:580)
	at io.quarkus.test.junit.QuarkusTestExtension.runExtensionMethod(QuarkusTestExtension.java:1000)
	at io.quarkus.test.junit.QuarkusTestExtension.interceptBeforeEachMethod(QuarkusTestExtension.java:829)
	at java.base/java.util.ArrayList.forEach(ArrayList.java:1597)
	at java.base/java.util.ArrayList.forEach(ArrayList.java:1597)
Caused by: org.h2.jdbc.JdbcSQLIntegrityConstraintViolationException: Referential integrity constraint violation: "FKA3A4MPSFDF4D2Y6R8RA3SC8MV: PUBLIC.PRODUCTS FOREIGN KEY(BRAND_ID) REFERENCES PUBLIC.BRANDS(ID) (CAST(7 AS BIGINT))"; SQL statement:
delete from brands b1_0 [23503-230]
	at org.h2.message.DbException.getJdbcSQLException(DbException.java:520)
	at org.h2.message.DbException.getJdbcSQLException(DbException.java:489)
	at org.h2.message.DbException.get(DbException.java:223)
	at org.h2.message.DbException.get(DbException.java:199)
	at org.h2.constraint.ConstraintReferential.checkRow(ConstraintReferential.java:362)
	at org.h2.constraint.ConstraintReferential.checkRowRefTable(ConstraintReferential.java:379)
	at org.h2.constraint.ConstraintReferential.checkRow(ConstraintReferential.java:253)
	at org.h2.table.Table.fireConstraints(Table.java:1227)
	at org.h2.table.Table.fireAfterRow(Table.java:1245)
	at org.h2.command.dml.Delete.update(Delete.java:92)
	at org.h2.command.dml.DataChangeStatement.update(DataChangeStatement.java:74)
	at org.h2.command.CommandContainer.update(CommandContainer.java:139)
	at org.h2.command.Command.executeUpdate(Command.java:304)
	at org.h2.command.Command.executeUpdate(Command.java:248)
	at org.h2.jdbc.JdbcPreparedStatement.executeUpdateInternal(JdbcPreparedStatement.java:213)
	at org.h2.jdbc.JdbcPreparedStatement.executeUpdate(JdbcPreparedStatement.java:172)
	at io.agroal.pool.wrapper.PreparedStatementWrapper.executeUpdate(PreparedStatementWrapper.java:90)
	at org.hibernate.sql.exec.internal.StandardJdbcMutationExecutor.execute(StandardJdbcMutationExecutor.java:77)
	... 25 more
]]></error>
    <system-out><![CDATA[2025-07-02 14:26:57,787 DEBUG [org.hib.SQL] (main) delete from brands b1_0
2025-07-02 14:26:57,788 WARN  [org.hib.orm.jdb.error] (main) HHH000247: ErrorCode: 23503, SQLState: 23503
2025-07-02 14:26:57,788 WARN  [org.hib.orm.jdb.error] (main) Referential integrity constraint violation: "FKA3A4MPSFDF4D2Y6R8RA3SC8MV: PUBLIC.PRODUCTS FOREIGN KEY(BRAND_ID) REFERENCES PUBLIC.BRANDS(ID) (CAST(7 AS BIGINT))"; SQL statement:
delete from brands b1_0 [23503-230]
]]></system-out>
  </testcase>
  <testcase name="testCreateBrand" classname="org.acme.service.BrandServiceTest" time="0.001">
    <error message="JDBC exception executing SQL [delete from brands b1_0] [Referential integrity constraint violation: &quot;FKA3A4MPSFDF4D2Y6R8RA3SC8MV: PUBLIC.PRODUCTS FOREIGN KEY(BRAND_ID) REFERENCES PUBLIC.BRANDS(ID) (CAST(7 AS BIGINT))&quot;; SQL statement:&#10;delete from brands b1_0 [23503-230]] [n/a]" type="org.hibernate.exception.ConstraintViolationException"><![CDATA[org.hibernate.exception.ConstraintViolationException: 
JDBC exception executing SQL [delete from brands b1_0] [Referential integrity constraint violation: "FKA3A4MPSFDF4D2Y6R8RA3SC8MV: PUBLIC.PRODUCTS FOREIGN KEY(BRAND_ID) REFERENCES PUBLIC.BRANDS(ID) (CAST(7 AS BIGINT))"; SQL statement:
delete from brands b1_0 [23503-230]] [n/a]
	at org.hibernate.dialect.H2Dialect.lambda$buildSQLExceptionConversionDelegate$3(H2Dialect.java:829)
	at org.hibernate.exception.internal.StandardSQLExceptionConverter.convert(StandardSQLExceptionConverter.java:34)
	at org.hibernate.engine.jdbc.spi.SqlExceptionHelper.convert(SqlExceptionHelper.java:115)
	at org.hibernate.engine.jdbc.spi.SqlExceptionHelper.convert(SqlExceptionHelper.java:101)
	at org.hibernate.sql.exec.internal.StandardJdbcMutationExecutor.handleException(StandardJdbcMutationExecutor.java:102)
	at org.hibernate.sql.exec.internal.StandardJdbcMutationExecutor.execute(StandardJdbcMutationExecutor.java:91)
	at org.hibernate.query.sqm.internal.SimpleDeleteQueryPlan.executeUpdate(SimpleDeleteQueryPlan.java:181)
	at org.hibernate.query.sqm.internal.QuerySqmImpl.doExecuteUpdate(QuerySqmImpl.java:543)
	at org.hibernate.query.sqm.internal.QuerySqmImpl.executeUpdate(QuerySqmImpl.java:515)
	at io.quarkus.hibernate.orm.panache.common.runtime.AbstractJpaOperations.deleteAll(AbstractJpaOperations.java:400)
	at org.acme.entity.Brand.deleteAll(Brand.java)
	at org.acme.service.BrandServiceTest.setUp(BrandServiceTest.java:29)
	at org.acme.service.BrandServiceTest_Subclass.setUp$$superforward(Unknown Source)
	at org.acme.service.BrandServiceTest_Subclass$$function$$1.apply(Unknown Source)
	at io.quarkus.arc.impl.AroundInvokeInvocationContext.proceed(AroundInvokeInvocationContext.java:73)
	at io.quarkus.arc.impl.AroundInvokeInvocationContext.proceed(AroundInvokeInvocationContext.java:62)
	at io.quarkus.narayana.jta.runtime.interceptor.TransactionalInterceptorBase.invokeInOurTx(TransactionalInterceptorBase.java:136)
	at io.quarkus.narayana.jta.runtime.interceptor.TransactionalInterceptorBase.invokeInOurTx(TransactionalInterceptorBase.java:107)
	at io.quarkus.narayana.jta.runtime.interceptor.TransactionalInterceptorRequired.doIntercept(TransactionalInterceptorRequired.java:38)
	at io.quarkus.narayana.jta.runtime.interceptor.TransactionalInterceptorBase.intercept(TransactionalInterceptorBase.java:61)
	at io.quarkus.narayana.jta.runtime.interceptor.TransactionalInterceptorRequired.intercept(TransactionalInterceptorRequired.java:32)
	at io.quarkus.narayana.jta.runtime.interceptor.TransactionalInterceptorRequired_Bean.intercept(Unknown Source)
	at io.quarkus.arc.impl.InterceptorInvocation.invoke(InterceptorInvocation.java:42)
	at io.quarkus.arc.impl.AroundInvokeInvocationContext.perform(AroundInvokeInvocationContext.java:30)
	at io.quarkus.arc.impl.InvocationContexts.performAroundInvoke(InvocationContexts.java:27)
	at org.acme.service.BrandServiceTest_Subclass.setUp(Unknown Source)
	at java.base/java.lang.reflect.Method.invoke(Method.java:580)
	at io.quarkus.test.junit.QuarkusTestExtension.runExtensionMethod(QuarkusTestExtension.java:1000)
	at io.quarkus.test.junit.QuarkusTestExtension.interceptBeforeEachMethod(QuarkusTestExtension.java:829)
	at java.base/java.util.ArrayList.forEach(ArrayList.java:1597)
	at java.base/java.util.ArrayList.forEach(ArrayList.java:1597)
Caused by: org.h2.jdbc.JdbcSQLIntegrityConstraintViolationException: Referential integrity constraint violation: "FKA3A4MPSFDF4D2Y6R8RA3SC8MV: PUBLIC.PRODUCTS FOREIGN KEY(BRAND_ID) REFERENCES PUBLIC.BRANDS(ID) (CAST(7 AS BIGINT))"; SQL statement:
delete from brands b1_0 [23503-230]
	at org.h2.message.DbException.getJdbcSQLException(DbException.java:520)
	at org.h2.message.DbException.getJdbcSQLException(DbException.java:489)
	at org.h2.message.DbException.get(DbException.java:223)
	at org.h2.message.DbException.get(DbException.java:199)
	at org.h2.constraint.ConstraintReferential.checkRow(ConstraintReferential.java:362)
	at org.h2.constraint.ConstraintReferential.checkRowRefTable(ConstraintReferential.java:379)
	at org.h2.constraint.ConstraintReferential.checkRow(ConstraintReferential.java:253)
	at org.h2.table.Table.fireConstraints(Table.java:1227)
	at org.h2.table.Table.fireAfterRow(Table.java:1245)
	at org.h2.command.dml.Delete.update(Delete.java:92)
	at org.h2.command.dml.DataChangeStatement.update(DataChangeStatement.java:74)
	at org.h2.command.CommandContainer.update(CommandContainer.java:139)
	at org.h2.command.Command.executeUpdate(Command.java:304)
	at org.h2.command.Command.executeUpdate(Command.java:248)
	at org.h2.jdbc.JdbcPreparedStatement.executeUpdateInternal(JdbcPreparedStatement.java:213)
	at org.h2.jdbc.JdbcPreparedStatement.executeUpdate(JdbcPreparedStatement.java:172)
	at io.agroal.pool.wrapper.PreparedStatementWrapper.executeUpdate(PreparedStatementWrapper.java:90)
	at org.hibernate.sql.exec.internal.StandardJdbcMutationExecutor.execute(StandardJdbcMutationExecutor.java:77)
	... 25 more
]]></error>
    <system-out><![CDATA[2025-07-02 14:26:57,791 DEBUG [org.hib.SQL] (main) delete from brands b1_0
2025-07-02 14:26:57,792 WARN  [org.hib.orm.jdb.error] (main) HHH000247: ErrorCode: 23503, SQLState: 23503
2025-07-02 14:26:57,792 WARN  [org.hib.orm.jdb.error] (main) Referential integrity constraint violation: "FKA3A4MPSFDF4D2Y6R8RA3SC8MV: PUBLIC.PRODUCTS FOREIGN KEY(BRAND_ID) REFERENCES PUBLIC.BRANDS(ID) (CAST(7 AS BIGINT))"; SQL statement:
delete from brands b1_0 [23503-230]
]]></system-out>
  </testcase>
  <testcase name="testGetBrandStatistics" classname="org.acme.service.BrandServiceTest" time="0.002">
    <error message="JDBC exception executing SQL [delete from brands b1_0] [Referential integrity constraint violation: &quot;FKA3A4MPSFDF4D2Y6R8RA3SC8MV: PUBLIC.PRODUCTS FOREIGN KEY(BRAND_ID) REFERENCES PUBLIC.BRANDS(ID) (CAST(7 AS BIGINT))&quot;; SQL statement:&#10;delete from brands b1_0 [23503-230]] [n/a]" type="org.hibernate.exception.ConstraintViolationException"><![CDATA[org.hibernate.exception.ConstraintViolationException: 
JDBC exception executing SQL [delete from brands b1_0] [Referential integrity constraint violation: "FKA3A4MPSFDF4D2Y6R8RA3SC8MV: PUBLIC.PRODUCTS FOREIGN KEY(BRAND_ID) REFERENCES PUBLIC.BRANDS(ID) (CAST(7 AS BIGINT))"; SQL statement:
delete from brands b1_0 [23503-230]] [n/a]
	at org.hibernate.dialect.H2Dialect.lambda$buildSQLExceptionConversionDelegate$3(H2Dialect.java:829)
	at org.hibernate.exception.internal.StandardSQLExceptionConverter.convert(StandardSQLExceptionConverter.java:34)
	at org.hibernate.engine.jdbc.spi.SqlExceptionHelper.convert(SqlExceptionHelper.java:115)
	at org.hibernate.engine.jdbc.spi.SqlExceptionHelper.convert(SqlExceptionHelper.java:101)
	at org.hibernate.sql.exec.internal.StandardJdbcMutationExecutor.handleException(StandardJdbcMutationExecutor.java:102)
	at org.hibernate.sql.exec.internal.StandardJdbcMutationExecutor.execute(StandardJdbcMutationExecutor.java:91)
	at org.hibernate.query.sqm.internal.SimpleDeleteQueryPlan.executeUpdate(SimpleDeleteQueryPlan.java:181)
	at org.hibernate.query.sqm.internal.QuerySqmImpl.doExecuteUpdate(QuerySqmImpl.java:543)
	at org.hibernate.query.sqm.internal.QuerySqmImpl.executeUpdate(QuerySqmImpl.java:515)
	at io.quarkus.hibernate.orm.panache.common.runtime.AbstractJpaOperations.deleteAll(AbstractJpaOperations.java:400)
	at org.acme.entity.Brand.deleteAll(Brand.java)
	at org.acme.service.BrandServiceTest.setUp(BrandServiceTest.java:29)
	at org.acme.service.BrandServiceTest_Subclass.setUp$$superforward(Unknown Source)
	at org.acme.service.BrandServiceTest_Subclass$$function$$1.apply(Unknown Source)
	at io.quarkus.arc.impl.AroundInvokeInvocationContext.proceed(AroundInvokeInvocationContext.java:73)
	at io.quarkus.arc.impl.AroundInvokeInvocationContext.proceed(AroundInvokeInvocationContext.java:62)
	at io.quarkus.narayana.jta.runtime.interceptor.TransactionalInterceptorBase.invokeInOurTx(TransactionalInterceptorBase.java:136)
	at io.quarkus.narayana.jta.runtime.interceptor.TransactionalInterceptorBase.invokeInOurTx(TransactionalInterceptorBase.java:107)
	at io.quarkus.narayana.jta.runtime.interceptor.TransactionalInterceptorRequired.doIntercept(TransactionalInterceptorRequired.java:38)
	at io.quarkus.narayana.jta.runtime.interceptor.TransactionalInterceptorBase.intercept(TransactionalInterceptorBase.java:61)
	at io.quarkus.narayana.jta.runtime.interceptor.TransactionalInterceptorRequired.intercept(TransactionalInterceptorRequired.java:32)
	at io.quarkus.narayana.jta.runtime.interceptor.TransactionalInterceptorRequired_Bean.intercept(Unknown Source)
	at io.quarkus.arc.impl.InterceptorInvocation.invoke(InterceptorInvocation.java:42)
	at io.quarkus.arc.impl.AroundInvokeInvocationContext.perform(AroundInvokeInvocationContext.java:30)
	at io.quarkus.arc.impl.InvocationContexts.performAroundInvoke(InvocationContexts.java:27)
	at org.acme.service.BrandServiceTest_Subclass.setUp(Unknown Source)
	at java.base/java.lang.reflect.Method.invoke(Method.java:580)
	at io.quarkus.test.junit.QuarkusTestExtension.runExtensionMethod(QuarkusTestExtension.java:1000)
	at io.quarkus.test.junit.QuarkusTestExtension.interceptBeforeEachMethod(QuarkusTestExtension.java:829)
	at java.base/java.util.ArrayList.forEach(ArrayList.java:1597)
	at java.base/java.util.ArrayList.forEach(ArrayList.java:1597)
Caused by: org.h2.jdbc.JdbcSQLIntegrityConstraintViolationException: Referential integrity constraint violation: "FKA3A4MPSFDF4D2Y6R8RA3SC8MV: PUBLIC.PRODUCTS FOREIGN KEY(BRAND_ID) REFERENCES PUBLIC.BRANDS(ID) (CAST(7 AS BIGINT))"; SQL statement:
delete from brands b1_0 [23503-230]
	at org.h2.message.DbException.getJdbcSQLException(DbException.java:520)
	at org.h2.message.DbException.getJdbcSQLException(DbException.java:489)
	at org.h2.message.DbException.get(DbException.java:223)
	at org.h2.message.DbException.get(DbException.java:199)
	at org.h2.constraint.ConstraintReferential.checkRow(ConstraintReferential.java:362)
	at org.h2.constraint.ConstraintReferential.checkRowRefTable(ConstraintReferential.java:379)
	at org.h2.constraint.ConstraintReferential.checkRow(ConstraintReferential.java:253)
	at org.h2.table.Table.fireConstraints(Table.java:1227)
	at org.h2.table.Table.fireAfterRow(Table.java:1245)
	at org.h2.command.dml.Delete.update(Delete.java:92)
	at org.h2.command.dml.DataChangeStatement.update(DataChangeStatement.java:74)
	at org.h2.command.CommandContainer.update(CommandContainer.java:139)
	at org.h2.command.Command.executeUpdate(Command.java:304)
	at org.h2.command.Command.executeUpdate(Command.java:248)
	at org.h2.jdbc.JdbcPreparedStatement.executeUpdateInternal(JdbcPreparedStatement.java:213)
	at org.h2.jdbc.JdbcPreparedStatement.executeUpdate(JdbcPreparedStatement.java:172)
	at io.agroal.pool.wrapper.PreparedStatementWrapper.executeUpdate(PreparedStatementWrapper.java:90)
	at org.hibernate.sql.exec.internal.StandardJdbcMutationExecutor.execute(StandardJdbcMutationExecutor.java:77)
	... 25 more
]]></error>
    <system-out><![CDATA[2025-07-02 14:26:57,794 DEBUG [org.hib.SQL] (main) delete from brands b1_0
2025-07-02 14:26:57,794 WARN  [org.hib.orm.jdb.error] (main) HHH000247: ErrorCode: 23503, SQLState: 23503
2025-07-02 14:26:57,794 WARN  [org.hib.orm.jdb.error] (main) Referential integrity constraint violation: "FKA3A4MPSFDF4D2Y6R8RA3SC8MV: PUBLIC.PRODUCTS FOREIGN KEY(BRAND_ID) REFERENCES PUBLIC.BRANDS(ID) (CAST(7 AS BIGINT))"; SQL statement:
delete from brands b1_0 [23503-230]
]]></system-out>
  </testcase>
  <testcase name="testBulkActivateBrands" classname="org.acme.service.BrandServiceTest" time="0.001">
    <error message="JDBC exception executing SQL [delete from brands b1_0] [Referential integrity constraint violation: &quot;FKA3A4MPSFDF4D2Y6R8RA3SC8MV: PUBLIC.PRODUCTS FOREIGN KEY(BRAND_ID) REFERENCES PUBLIC.BRANDS(ID) (CAST(7 AS BIGINT))&quot;; SQL statement:&#10;delete from brands b1_0 [23503-230]] [n/a]" type="org.hibernate.exception.ConstraintViolationException"><![CDATA[org.hibernate.exception.ConstraintViolationException: 
JDBC exception executing SQL [delete from brands b1_0] [Referential integrity constraint violation: "FKA3A4MPSFDF4D2Y6R8RA3SC8MV: PUBLIC.PRODUCTS FOREIGN KEY(BRAND_ID) REFERENCES PUBLIC.BRANDS(ID) (CAST(7 AS BIGINT))"; SQL statement:
delete from brands b1_0 [23503-230]] [n/a]
	at org.hibernate.dialect.H2Dialect.lambda$buildSQLExceptionConversionDelegate$3(H2Dialect.java:829)
	at org.hibernate.exception.internal.StandardSQLExceptionConverter.convert(StandardSQLExceptionConverter.java:34)
	at org.hibernate.engine.jdbc.spi.SqlExceptionHelper.convert(SqlExceptionHelper.java:115)
	at org.hibernate.engine.jdbc.spi.SqlExceptionHelper.convert(SqlExceptionHelper.java:101)
	at org.hibernate.sql.exec.internal.StandardJdbcMutationExecutor.handleException(StandardJdbcMutationExecutor.java:102)
	at org.hibernate.sql.exec.internal.StandardJdbcMutationExecutor.execute(StandardJdbcMutationExecutor.java:91)
	at org.hibernate.query.sqm.internal.SimpleDeleteQueryPlan.executeUpdate(SimpleDeleteQueryPlan.java:181)
	at org.hibernate.query.sqm.internal.QuerySqmImpl.doExecuteUpdate(QuerySqmImpl.java:543)
	at org.hibernate.query.sqm.internal.QuerySqmImpl.executeUpdate(QuerySqmImpl.java:515)
	at io.quarkus.hibernate.orm.panache.common.runtime.AbstractJpaOperations.deleteAll(AbstractJpaOperations.java:400)
	at org.acme.entity.Brand.deleteAll(Brand.java)
	at org.acme.service.BrandServiceTest.setUp(BrandServiceTest.java:29)
	at org.acme.service.BrandServiceTest_Subclass.setUp$$superforward(Unknown Source)
	at org.acme.service.BrandServiceTest_Subclass$$function$$1.apply(Unknown Source)
	at io.quarkus.arc.impl.AroundInvokeInvocationContext.proceed(AroundInvokeInvocationContext.java:73)
	at io.quarkus.arc.impl.AroundInvokeInvocationContext.proceed(AroundInvokeInvocationContext.java:62)
	at io.quarkus.narayana.jta.runtime.interceptor.TransactionalInterceptorBase.invokeInOurTx(TransactionalInterceptorBase.java:136)
	at io.quarkus.narayana.jta.runtime.interceptor.TransactionalInterceptorBase.invokeInOurTx(TransactionalInterceptorBase.java:107)
	at io.quarkus.narayana.jta.runtime.interceptor.TransactionalInterceptorRequired.doIntercept(TransactionalInterceptorRequired.java:38)
	at io.quarkus.narayana.jta.runtime.interceptor.TransactionalInterceptorBase.intercept(TransactionalInterceptorBase.java:61)
	at io.quarkus.narayana.jta.runtime.interceptor.TransactionalInterceptorRequired.intercept(TransactionalInterceptorRequired.java:32)
	at io.quarkus.narayana.jta.runtime.interceptor.TransactionalInterceptorRequired_Bean.intercept(Unknown Source)
	at io.quarkus.arc.impl.InterceptorInvocation.invoke(InterceptorInvocation.java:42)
	at io.quarkus.arc.impl.AroundInvokeInvocationContext.perform(AroundInvokeInvocationContext.java:30)
	at io.quarkus.arc.impl.InvocationContexts.performAroundInvoke(InvocationContexts.java:27)
	at org.acme.service.BrandServiceTest_Subclass.setUp(Unknown Source)
	at java.base/java.lang.reflect.Method.invoke(Method.java:580)
	at io.quarkus.test.junit.QuarkusTestExtension.runExtensionMethod(QuarkusTestExtension.java:1000)
	at io.quarkus.test.junit.QuarkusTestExtension.interceptBeforeEachMethod(QuarkusTestExtension.java:829)
	at java.base/java.util.ArrayList.forEach(ArrayList.java:1597)
	at java.base/java.util.ArrayList.forEach(ArrayList.java:1597)
Caused by: org.h2.jdbc.JdbcSQLIntegrityConstraintViolationException: Referential integrity constraint violation: "FKA3A4MPSFDF4D2Y6R8RA3SC8MV: PUBLIC.PRODUCTS FOREIGN KEY(BRAND_ID) REFERENCES PUBLIC.BRANDS(ID) (CAST(7 AS BIGINT))"; SQL statement:
delete from brands b1_0 [23503-230]
	at org.h2.message.DbException.getJdbcSQLException(DbException.java:520)
	at org.h2.message.DbException.getJdbcSQLException(DbException.java:489)
	at org.h2.message.DbException.get(DbException.java:223)
	at org.h2.message.DbException.get(DbException.java:199)
	at org.h2.constraint.ConstraintReferential.checkRow(ConstraintReferential.java:362)
	at org.h2.constraint.ConstraintReferential.checkRowRefTable(ConstraintReferential.java:379)
	at org.h2.constraint.ConstraintReferential.checkRow(ConstraintReferential.java:253)
	at org.h2.table.Table.fireConstraints(Table.java:1227)
	at org.h2.table.Table.fireAfterRow(Table.java:1245)
	at org.h2.command.dml.Delete.update(Delete.java:92)
	at org.h2.command.dml.DataChangeStatement.update(DataChangeStatement.java:74)
	at org.h2.command.CommandContainer.update(CommandContainer.java:139)
	at org.h2.command.Command.executeUpdate(Command.java:304)
	at org.h2.command.Command.executeUpdate(Command.java:248)
	at org.h2.jdbc.JdbcPreparedStatement.executeUpdateInternal(JdbcPreparedStatement.java:213)
	at org.h2.jdbc.JdbcPreparedStatement.executeUpdate(JdbcPreparedStatement.java:172)
	at io.agroal.pool.wrapper.PreparedStatementWrapper.executeUpdate(PreparedStatementWrapper.java:90)
	at org.hibernate.sql.exec.internal.StandardJdbcMutationExecutor.execute(StandardJdbcMutationExecutor.java:77)
	... 25 more
]]></error>
    <system-out><![CDATA[2025-07-02 14:26:57,795 DEBUG [org.hib.SQL] (main) delete from brands b1_0
2025-07-02 14:26:57,796 WARN  [org.hib.orm.jdb.error] (main) HHH000247: ErrorCode: 23503, SQLState: 23503
2025-07-02 14:26:57,796 WARN  [org.hib.orm.jdb.error] (main) Referential integrity constraint violation: "FKA3A4MPSFDF4D2Y6R8RA3SC8MV: PUBLIC.PRODUCTS FOREIGN KEY(BRAND_ID) REFERENCES PUBLIC.BRANDS(ID) (CAST(7 AS BIGINT))"; SQL statement:
delete from brands b1_0 [23503-230]
]]></system-out>
  </testcase>
  <testcase name="testUpdateBrandWithDuplicateName" classname="org.acme.service.BrandServiceTest" time="0.002">
    <error message="JDBC exception executing SQL [delete from brands b1_0] [Referential integrity constraint violation: &quot;FKA3A4MPSFDF4D2Y6R8RA3SC8MV: PUBLIC.PRODUCTS FOREIGN KEY(BRAND_ID) REFERENCES PUBLIC.BRANDS(ID) (CAST(7 AS BIGINT))&quot;; SQL statement:&#10;delete from brands b1_0 [23503-230]] [n/a]" type="org.hibernate.exception.ConstraintViolationException"><![CDATA[org.hibernate.exception.ConstraintViolationException: 
JDBC exception executing SQL [delete from brands b1_0] [Referential integrity constraint violation: "FKA3A4MPSFDF4D2Y6R8RA3SC8MV: PUBLIC.PRODUCTS FOREIGN KEY(BRAND_ID) REFERENCES PUBLIC.BRANDS(ID) (CAST(7 AS BIGINT))"; SQL statement:
delete from brands b1_0 [23503-230]] [n/a]
	at org.hibernate.dialect.H2Dialect.lambda$buildSQLExceptionConversionDelegate$3(H2Dialect.java:829)
	at org.hibernate.exception.internal.StandardSQLExceptionConverter.convert(StandardSQLExceptionConverter.java:34)
	at org.hibernate.engine.jdbc.spi.SqlExceptionHelper.convert(SqlExceptionHelper.java:115)
	at org.hibernate.engine.jdbc.spi.SqlExceptionHelper.convert(SqlExceptionHelper.java:101)
	at org.hibernate.sql.exec.internal.StandardJdbcMutationExecutor.handleException(StandardJdbcMutationExecutor.java:102)
	at org.hibernate.sql.exec.internal.StandardJdbcMutationExecutor.execute(StandardJdbcMutationExecutor.java:91)
	at org.hibernate.query.sqm.internal.SimpleDeleteQueryPlan.executeUpdate(SimpleDeleteQueryPlan.java:181)
	at org.hibernate.query.sqm.internal.QuerySqmImpl.doExecuteUpdate(QuerySqmImpl.java:543)
	at org.hibernate.query.sqm.internal.QuerySqmImpl.executeUpdate(QuerySqmImpl.java:515)
	at io.quarkus.hibernate.orm.panache.common.runtime.AbstractJpaOperations.deleteAll(AbstractJpaOperations.java:400)
	at org.acme.entity.Brand.deleteAll(Brand.java)
	at org.acme.service.BrandServiceTest.setUp(BrandServiceTest.java:29)
	at org.acme.service.BrandServiceTest_Subclass.setUp$$superforward(Unknown Source)
	at org.acme.service.BrandServiceTest_Subclass$$function$$1.apply(Unknown Source)
	at io.quarkus.arc.impl.AroundInvokeInvocationContext.proceed(AroundInvokeInvocationContext.java:73)
	at io.quarkus.arc.impl.AroundInvokeInvocationContext.proceed(AroundInvokeInvocationContext.java:62)
	at io.quarkus.narayana.jta.runtime.interceptor.TransactionalInterceptorBase.invokeInOurTx(TransactionalInterceptorBase.java:136)
	at io.quarkus.narayana.jta.runtime.interceptor.TransactionalInterceptorBase.invokeInOurTx(TransactionalInterceptorBase.java:107)
	at io.quarkus.narayana.jta.runtime.interceptor.TransactionalInterceptorRequired.doIntercept(TransactionalInterceptorRequired.java:38)
	at io.quarkus.narayana.jta.runtime.interceptor.TransactionalInterceptorBase.intercept(TransactionalInterceptorBase.java:61)
	at io.quarkus.narayana.jta.runtime.interceptor.TransactionalInterceptorRequired.intercept(TransactionalInterceptorRequired.java:32)
	at io.quarkus.narayana.jta.runtime.interceptor.TransactionalInterceptorRequired_Bean.intercept(Unknown Source)
	at io.quarkus.arc.impl.InterceptorInvocation.invoke(InterceptorInvocation.java:42)
	at io.quarkus.arc.impl.AroundInvokeInvocationContext.perform(AroundInvokeInvocationContext.java:30)
	at io.quarkus.arc.impl.InvocationContexts.performAroundInvoke(InvocationContexts.java:27)
	at org.acme.service.BrandServiceTest_Subclass.setUp(Unknown Source)
	at java.base/java.lang.reflect.Method.invoke(Method.java:580)
	at io.quarkus.test.junit.QuarkusTestExtension.runExtensionMethod(QuarkusTestExtension.java:1000)
	at io.quarkus.test.junit.QuarkusTestExtension.interceptBeforeEachMethod(QuarkusTestExtension.java:829)
	at java.base/java.util.ArrayList.forEach(ArrayList.java:1597)
	at java.base/java.util.ArrayList.forEach(ArrayList.java:1597)
Caused by: org.h2.jdbc.JdbcSQLIntegrityConstraintViolationException: Referential integrity constraint violation: "FKA3A4MPSFDF4D2Y6R8RA3SC8MV: PUBLIC.PRODUCTS FOREIGN KEY(BRAND_ID) REFERENCES PUBLIC.BRANDS(ID) (CAST(7 AS BIGINT))"; SQL statement:
delete from brands b1_0 [23503-230]
	at org.h2.message.DbException.getJdbcSQLException(DbException.java:520)
	at org.h2.message.DbException.getJdbcSQLException(DbException.java:489)
	at org.h2.message.DbException.get(DbException.java:223)
	at org.h2.message.DbException.get(DbException.java:199)
	at org.h2.constraint.ConstraintReferential.checkRow(ConstraintReferential.java:362)
	at org.h2.constraint.ConstraintReferential.checkRowRefTable(ConstraintReferential.java:379)
	at org.h2.constraint.ConstraintReferential.checkRow(ConstraintReferential.java:253)
	at org.h2.table.Table.fireConstraints(Table.java:1227)
	at org.h2.table.Table.fireAfterRow(Table.java:1245)
	at org.h2.command.dml.Delete.update(Delete.java:92)
	at org.h2.command.dml.DataChangeStatement.update(DataChangeStatement.java:74)
	at org.h2.command.CommandContainer.update(CommandContainer.java:139)
	at org.h2.command.Command.executeUpdate(Command.java:304)
	at org.h2.command.Command.executeUpdate(Command.java:248)
	at org.h2.jdbc.JdbcPreparedStatement.executeUpdateInternal(JdbcPreparedStatement.java:213)
	at org.h2.jdbc.JdbcPreparedStatement.executeUpdate(JdbcPreparedStatement.java:172)
	at io.agroal.pool.wrapper.PreparedStatementWrapper.executeUpdate(PreparedStatementWrapper.java:90)
	at org.hibernate.sql.exec.internal.StandardJdbcMutationExecutor.execute(StandardJdbcMutationExecutor.java:77)
	... 25 more
]]></error>
    <system-out><![CDATA[2025-07-02 14:26:57,799 DEBUG [org.hib.SQL] (main) delete from brands b1_0
2025-07-02 14:26:57,799 WARN  [org.hib.orm.jdb.error] (main) HHH000247: ErrorCode: 23503, SQLState: 23503
2025-07-02 14:26:57,799 WARN  [org.hib.orm.jdb.error] (main) Referential integrity constraint violation: "FKA3A4MPSFDF4D2Y6R8RA3SC8MV: PUBLIC.PRODUCTS FOREIGN KEY(BRAND_ID) REFERENCES PUBLIC.BRANDS(ID) (CAST(7 AS BIGINT))"; SQL statement:
delete from brands b1_0 [23503-230]
]]></system-out>
  </testcase>
  <testcase name="testActivateBrand" classname="org.acme.service.BrandServiceTest" time="0.001">
    <error message="JDBC exception executing SQL [delete from brands b1_0] [Referential integrity constraint violation: &quot;FKA3A4MPSFDF4D2Y6R8RA3SC8MV: PUBLIC.PRODUCTS FOREIGN KEY(BRAND_ID) REFERENCES PUBLIC.BRANDS(ID) (CAST(7 AS BIGINT))&quot;; SQL statement:&#10;delete from brands b1_0 [23503-230]] [n/a]" type="org.hibernate.exception.ConstraintViolationException"><![CDATA[org.hibernate.exception.ConstraintViolationException: 
JDBC exception executing SQL [delete from brands b1_0] [Referential integrity constraint violation: "FKA3A4MPSFDF4D2Y6R8RA3SC8MV: PUBLIC.PRODUCTS FOREIGN KEY(BRAND_ID) REFERENCES PUBLIC.BRANDS(ID) (CAST(7 AS BIGINT))"; SQL statement:
delete from brands b1_0 [23503-230]] [n/a]
	at org.hibernate.dialect.H2Dialect.lambda$buildSQLExceptionConversionDelegate$3(H2Dialect.java:829)
	at org.hibernate.exception.internal.StandardSQLExceptionConverter.convert(StandardSQLExceptionConverter.java:34)
	at org.hibernate.engine.jdbc.spi.SqlExceptionHelper.convert(SqlExceptionHelper.java:115)
	at org.hibernate.engine.jdbc.spi.SqlExceptionHelper.convert(SqlExceptionHelper.java:101)
	at org.hibernate.sql.exec.internal.StandardJdbcMutationExecutor.handleException(StandardJdbcMutationExecutor.java:102)
	at org.hibernate.sql.exec.internal.StandardJdbcMutationExecutor.execute(StandardJdbcMutationExecutor.java:91)
	at org.hibernate.query.sqm.internal.SimpleDeleteQueryPlan.executeUpdate(SimpleDeleteQueryPlan.java:181)
	at org.hibernate.query.sqm.internal.QuerySqmImpl.doExecuteUpdate(QuerySqmImpl.java:543)
	at org.hibernate.query.sqm.internal.QuerySqmImpl.executeUpdate(QuerySqmImpl.java:515)
	at io.quarkus.hibernate.orm.panache.common.runtime.AbstractJpaOperations.deleteAll(AbstractJpaOperations.java:400)
	at org.acme.entity.Brand.deleteAll(Brand.java)
	at org.acme.service.BrandServiceTest.setUp(BrandServiceTest.java:29)
	at org.acme.service.BrandServiceTest_Subclass.setUp$$superforward(Unknown Source)
	at org.acme.service.BrandServiceTest_Subclass$$function$$1.apply(Unknown Source)
	at io.quarkus.arc.impl.AroundInvokeInvocationContext.proceed(AroundInvokeInvocationContext.java:73)
	at io.quarkus.arc.impl.AroundInvokeInvocationContext.proceed(AroundInvokeInvocationContext.java:62)
	at io.quarkus.narayana.jta.runtime.interceptor.TransactionalInterceptorBase.invokeInOurTx(TransactionalInterceptorBase.java:136)
	at io.quarkus.narayana.jta.runtime.interceptor.TransactionalInterceptorBase.invokeInOurTx(TransactionalInterceptorBase.java:107)
	at io.quarkus.narayana.jta.runtime.interceptor.TransactionalInterceptorRequired.doIntercept(TransactionalInterceptorRequired.java:38)
	at io.quarkus.narayana.jta.runtime.interceptor.TransactionalInterceptorBase.intercept(TransactionalInterceptorBase.java:61)
	at io.quarkus.narayana.jta.runtime.interceptor.TransactionalInterceptorRequired.intercept(TransactionalInterceptorRequired.java:32)
	at io.quarkus.narayana.jta.runtime.interceptor.TransactionalInterceptorRequired_Bean.intercept(Unknown Source)
	at io.quarkus.arc.impl.InterceptorInvocation.invoke(InterceptorInvocation.java:42)
	at io.quarkus.arc.impl.AroundInvokeInvocationContext.perform(AroundInvokeInvocationContext.java:30)
	at io.quarkus.arc.impl.InvocationContexts.performAroundInvoke(InvocationContexts.java:27)
	at org.acme.service.BrandServiceTest_Subclass.setUp(Unknown Source)
	at java.base/java.lang.reflect.Method.invoke(Method.java:580)
	at io.quarkus.test.junit.QuarkusTestExtension.runExtensionMethod(QuarkusTestExtension.java:1000)
	at io.quarkus.test.junit.QuarkusTestExtension.interceptBeforeEachMethod(QuarkusTestExtension.java:829)
	at java.base/java.util.ArrayList.forEach(ArrayList.java:1597)
	at java.base/java.util.ArrayList.forEach(ArrayList.java:1597)
Caused by: org.h2.jdbc.JdbcSQLIntegrityConstraintViolationException: Referential integrity constraint violation: "FKA3A4MPSFDF4D2Y6R8RA3SC8MV: PUBLIC.PRODUCTS FOREIGN KEY(BRAND_ID) REFERENCES PUBLIC.BRANDS(ID) (CAST(7 AS BIGINT))"; SQL statement:
delete from brands b1_0 [23503-230]
	at org.h2.message.DbException.getJdbcSQLException(DbException.java:520)
	at org.h2.message.DbException.getJdbcSQLException(DbException.java:489)
	at org.h2.message.DbException.get(DbException.java:223)
	at org.h2.message.DbException.get(DbException.java:199)
	at org.h2.constraint.ConstraintReferential.checkRow(ConstraintReferential.java:362)
	at org.h2.constraint.ConstraintReferential.checkRowRefTable(ConstraintReferential.java:379)
	at org.h2.constraint.ConstraintReferential.checkRow(ConstraintReferential.java:253)
	at org.h2.table.Table.fireConstraints(Table.java:1227)
	at org.h2.table.Table.fireAfterRow(Table.java:1245)
	at org.h2.command.dml.Delete.update(Delete.java:92)
	at org.h2.command.dml.DataChangeStatement.update(DataChangeStatement.java:74)
	at org.h2.command.CommandContainer.update(CommandContainer.java:139)
	at org.h2.command.Command.executeUpdate(Command.java:304)
	at org.h2.command.Command.executeUpdate(Command.java:248)
	at org.h2.jdbc.JdbcPreparedStatement.executeUpdateInternal(JdbcPreparedStatement.java:213)
	at org.h2.jdbc.JdbcPreparedStatement.executeUpdate(JdbcPreparedStatement.java:172)
	at io.agroal.pool.wrapper.PreparedStatementWrapper.executeUpdate(PreparedStatementWrapper.java:90)
	at org.hibernate.sql.exec.internal.StandardJdbcMutationExecutor.execute(StandardJdbcMutationExecutor.java:77)
	... 25 more
]]></error>
    <system-out><![CDATA[2025-07-02 14:26:57,801 DEBUG [org.hib.SQL] (main) delete from brands b1_0
2025-07-02 14:26:57,802 WARN  [org.hib.orm.jdb.error] (main) HHH000247: ErrorCode: 23503, SQLState: 23503
2025-07-02 14:26:57,802 WARN  [org.hib.orm.jdb.error] (main) Referential integrity constraint violation: "FKA3A4MPSFDF4D2Y6R8RA3SC8MV: PUBLIC.PRODUCTS FOREIGN KEY(BRAND_ID) REFERENCES PUBLIC.BRANDS(ID) (CAST(7 AS BIGINT))"; SQL statement:
delete from brands b1_0 [23503-230]
]]></system-out>
  </testcase>
  <testcase name="testSearchBrandsByName" classname="org.acme.service.BrandServiceTest" time="0.002">
    <error message="JDBC exception executing SQL [delete from brands b1_0] [Referential integrity constraint violation: &quot;FKA3A4MPSFDF4D2Y6R8RA3SC8MV: PUBLIC.PRODUCTS FOREIGN KEY(BRAND_ID) REFERENCES PUBLIC.BRANDS(ID) (CAST(7 AS BIGINT))&quot;; SQL statement:&#10;delete from brands b1_0 [23503-230]] [n/a]" type="org.hibernate.exception.ConstraintViolationException"><![CDATA[org.hibernate.exception.ConstraintViolationException: 
JDBC exception executing SQL [delete from brands b1_0] [Referential integrity constraint violation: "FKA3A4MPSFDF4D2Y6R8RA3SC8MV: PUBLIC.PRODUCTS FOREIGN KEY(BRAND_ID) REFERENCES PUBLIC.BRANDS(ID) (CAST(7 AS BIGINT))"; SQL statement:
delete from brands b1_0 [23503-230]] [n/a]
	at org.hibernate.dialect.H2Dialect.lambda$buildSQLExceptionConversionDelegate$3(H2Dialect.java:829)
	at org.hibernate.exception.internal.StandardSQLExceptionConverter.convert(StandardSQLExceptionConverter.java:34)
	at org.hibernate.engine.jdbc.spi.SqlExceptionHelper.convert(SqlExceptionHelper.java:115)
	at org.hibernate.engine.jdbc.spi.SqlExceptionHelper.convert(SqlExceptionHelper.java:101)
	at org.hibernate.sql.exec.internal.StandardJdbcMutationExecutor.handleException(StandardJdbcMutationExecutor.java:102)
	at org.hibernate.sql.exec.internal.StandardJdbcMutationExecutor.execute(StandardJdbcMutationExecutor.java:91)
	at org.hibernate.query.sqm.internal.SimpleDeleteQueryPlan.executeUpdate(SimpleDeleteQueryPlan.java:181)
	at org.hibernate.query.sqm.internal.QuerySqmImpl.doExecuteUpdate(QuerySqmImpl.java:543)
	at org.hibernate.query.sqm.internal.QuerySqmImpl.executeUpdate(QuerySqmImpl.java:515)
	at io.quarkus.hibernate.orm.panache.common.runtime.AbstractJpaOperations.deleteAll(AbstractJpaOperations.java:400)
	at org.acme.entity.Brand.deleteAll(Brand.java)
	at org.acme.service.BrandServiceTest.setUp(BrandServiceTest.java:29)
	at org.acme.service.BrandServiceTest_Subclass.setUp$$superforward(Unknown Source)
	at org.acme.service.BrandServiceTest_Subclass$$function$$1.apply(Unknown Source)
	at io.quarkus.arc.impl.AroundInvokeInvocationContext.proceed(AroundInvokeInvocationContext.java:73)
	at io.quarkus.arc.impl.AroundInvokeInvocationContext.proceed(AroundInvokeInvocationContext.java:62)
	at io.quarkus.narayana.jta.runtime.interceptor.TransactionalInterceptorBase.invokeInOurTx(TransactionalInterceptorBase.java:136)
	at io.quarkus.narayana.jta.runtime.interceptor.TransactionalInterceptorBase.invokeInOurTx(TransactionalInterceptorBase.java:107)
	at io.quarkus.narayana.jta.runtime.interceptor.TransactionalInterceptorRequired.doIntercept(TransactionalInterceptorRequired.java:38)
	at io.quarkus.narayana.jta.runtime.interceptor.TransactionalInterceptorBase.intercept(TransactionalInterceptorBase.java:61)
	at io.quarkus.narayana.jta.runtime.interceptor.TransactionalInterceptorRequired.intercept(TransactionalInterceptorRequired.java:32)
	at io.quarkus.narayana.jta.runtime.interceptor.TransactionalInterceptorRequired_Bean.intercept(Unknown Source)
	at io.quarkus.arc.impl.InterceptorInvocation.invoke(InterceptorInvocation.java:42)
	at io.quarkus.arc.impl.AroundInvokeInvocationContext.perform(AroundInvokeInvocationContext.java:30)
	at io.quarkus.arc.impl.InvocationContexts.performAroundInvoke(InvocationContexts.java:27)
	at org.acme.service.BrandServiceTest_Subclass.setUp(Unknown Source)
	at java.base/java.lang.reflect.Method.invoke(Method.java:580)
	at io.quarkus.test.junit.QuarkusTestExtension.runExtensionMethod(QuarkusTestExtension.java:1000)
	at io.quarkus.test.junit.QuarkusTestExtension.interceptBeforeEachMethod(QuarkusTestExtension.java:829)
	at java.base/java.util.ArrayList.forEach(ArrayList.java:1597)
	at java.base/java.util.ArrayList.forEach(ArrayList.java:1597)
Caused by: org.h2.jdbc.JdbcSQLIntegrityConstraintViolationException: Referential integrity constraint violation: "FKA3A4MPSFDF4D2Y6R8RA3SC8MV: PUBLIC.PRODUCTS FOREIGN KEY(BRAND_ID) REFERENCES PUBLIC.BRANDS(ID) (CAST(7 AS BIGINT))"; SQL statement:
delete from brands b1_0 [23503-230]
	at org.h2.message.DbException.getJdbcSQLException(DbException.java:520)
	at org.h2.message.DbException.getJdbcSQLException(DbException.java:489)
	at org.h2.message.DbException.get(DbException.java:223)
	at org.h2.message.DbException.get(DbException.java:199)
	at org.h2.constraint.ConstraintReferential.checkRow(ConstraintReferential.java:362)
	at org.h2.constraint.ConstraintReferential.checkRowRefTable(ConstraintReferential.java:379)
	at org.h2.constraint.ConstraintReferential.checkRow(ConstraintReferential.java:253)
	at org.h2.table.Table.fireConstraints(Table.java:1227)
	at org.h2.table.Table.fireAfterRow(Table.java:1245)
	at org.h2.command.dml.Delete.update(Delete.java:92)
	at org.h2.command.dml.DataChangeStatement.update(DataChangeStatement.java:74)
	at org.h2.command.CommandContainer.update(CommandContainer.java:139)
	at org.h2.command.Command.executeUpdate(Command.java:304)
	at org.h2.command.Command.executeUpdate(Command.java:248)
	at org.h2.jdbc.JdbcPreparedStatement.executeUpdateInternal(JdbcPreparedStatement.java:213)
	at org.h2.jdbc.JdbcPreparedStatement.executeUpdate(JdbcPreparedStatement.java:172)
	at io.agroal.pool.wrapper.PreparedStatementWrapper.executeUpdate(PreparedStatementWrapper.java:90)
	at org.hibernate.sql.exec.internal.StandardJdbcMutationExecutor.execute(StandardJdbcMutationExecutor.java:77)
	... 25 more
]]></error>
    <system-out><![CDATA[2025-07-02 14:26:57,804 DEBUG [org.hib.SQL] (main) delete from brands b1_0
2025-07-02 14:26:57,804 WARN  [org.hib.orm.jdb.error] (main) HHH000247: ErrorCode: 23503, SQLState: 23503
2025-07-02 14:26:57,804 WARN  [org.hib.orm.jdb.error] (main) Referential integrity constraint violation: "FKA3A4MPSFDF4D2Y6R8RA3SC8MV: PUBLIC.PRODUCTS FOREIGN KEY(BRAND_ID) REFERENCES PUBLIC.BRANDS(ID) (CAST(7 AS BIGINT))"; SQL statement:
delete from brands b1_0 [23503-230]
]]></system-out>
  </testcase>
  <testcase name="testBulkDeactivateBrands" classname="org.acme.service.BrandServiceTest" time="0.002">
    <error message="JDBC exception executing SQL [delete from brands b1_0] [Referential integrity constraint violation: &quot;FKA3A4MPSFDF4D2Y6R8RA3SC8MV: PUBLIC.PRODUCTS FOREIGN KEY(BRAND_ID) REFERENCES PUBLIC.BRANDS(ID) (CAST(7 AS BIGINT))&quot;; SQL statement:&#10;delete from brands b1_0 [23503-230]] [n/a]" type="org.hibernate.exception.ConstraintViolationException"><![CDATA[org.hibernate.exception.ConstraintViolationException: 
JDBC exception executing SQL [delete from brands b1_0] [Referential integrity constraint violation: "FKA3A4MPSFDF4D2Y6R8RA3SC8MV: PUBLIC.PRODUCTS FOREIGN KEY(BRAND_ID) REFERENCES PUBLIC.BRANDS(ID) (CAST(7 AS BIGINT))"; SQL statement:
delete from brands b1_0 [23503-230]] [n/a]
	at org.hibernate.dialect.H2Dialect.lambda$buildSQLExceptionConversionDelegate$3(H2Dialect.java:829)
	at org.hibernate.exception.internal.StandardSQLExceptionConverter.convert(StandardSQLExceptionConverter.java:34)
	at org.hibernate.engine.jdbc.spi.SqlExceptionHelper.convert(SqlExceptionHelper.java:115)
	at org.hibernate.engine.jdbc.spi.SqlExceptionHelper.convert(SqlExceptionHelper.java:101)
	at org.hibernate.sql.exec.internal.StandardJdbcMutationExecutor.handleException(StandardJdbcMutationExecutor.java:102)
	at org.hibernate.sql.exec.internal.StandardJdbcMutationExecutor.execute(StandardJdbcMutationExecutor.java:91)
	at org.hibernate.query.sqm.internal.SimpleDeleteQueryPlan.executeUpdate(SimpleDeleteQueryPlan.java:181)
	at org.hibernate.query.sqm.internal.QuerySqmImpl.doExecuteUpdate(QuerySqmImpl.java:543)
	at org.hibernate.query.sqm.internal.QuerySqmImpl.executeUpdate(QuerySqmImpl.java:515)
	at io.quarkus.hibernate.orm.panache.common.runtime.AbstractJpaOperations.deleteAll(AbstractJpaOperations.java:400)
	at org.acme.entity.Brand.deleteAll(Brand.java)
	at org.acme.service.BrandServiceTest.setUp(BrandServiceTest.java:29)
	at org.acme.service.BrandServiceTest_Subclass.setUp$$superforward(Unknown Source)
	at org.acme.service.BrandServiceTest_Subclass$$function$$1.apply(Unknown Source)
	at io.quarkus.arc.impl.AroundInvokeInvocationContext.proceed(AroundInvokeInvocationContext.java:73)
	at io.quarkus.arc.impl.AroundInvokeInvocationContext.proceed(AroundInvokeInvocationContext.java:62)
	at io.quarkus.narayana.jta.runtime.interceptor.TransactionalInterceptorBase.invokeInOurTx(TransactionalInterceptorBase.java:136)
	at io.quarkus.narayana.jta.runtime.interceptor.TransactionalInterceptorBase.invokeInOurTx(TransactionalInterceptorBase.java:107)
	at io.quarkus.narayana.jta.runtime.interceptor.TransactionalInterceptorRequired.doIntercept(TransactionalInterceptorRequired.java:38)
	at io.quarkus.narayana.jta.runtime.interceptor.TransactionalInterceptorBase.intercept(TransactionalInterceptorBase.java:61)
	at io.quarkus.narayana.jta.runtime.interceptor.TransactionalInterceptorRequired.intercept(TransactionalInterceptorRequired.java:32)
	at io.quarkus.narayana.jta.runtime.interceptor.TransactionalInterceptorRequired_Bean.intercept(Unknown Source)
	at io.quarkus.arc.impl.InterceptorInvocation.invoke(InterceptorInvocation.java:42)
	at io.quarkus.arc.impl.AroundInvokeInvocationContext.perform(AroundInvokeInvocationContext.java:30)
	at io.quarkus.arc.impl.InvocationContexts.performAroundInvoke(InvocationContexts.java:27)
	at org.acme.service.BrandServiceTest_Subclass.setUp(Unknown Source)
	at java.base/java.lang.reflect.Method.invoke(Method.java:580)
	at io.quarkus.test.junit.QuarkusTestExtension.runExtensionMethod(QuarkusTestExtension.java:1000)
	at io.quarkus.test.junit.QuarkusTestExtension.interceptBeforeEachMethod(QuarkusTestExtension.java:829)
	at java.base/java.util.ArrayList.forEach(ArrayList.java:1597)
	at java.base/java.util.ArrayList.forEach(ArrayList.java:1597)
Caused by: org.h2.jdbc.JdbcSQLIntegrityConstraintViolationException: Referential integrity constraint violation: "FKA3A4MPSFDF4D2Y6R8RA3SC8MV: PUBLIC.PRODUCTS FOREIGN KEY(BRAND_ID) REFERENCES PUBLIC.BRANDS(ID) (CAST(7 AS BIGINT))"; SQL statement:
delete from brands b1_0 [23503-230]
	at org.h2.message.DbException.getJdbcSQLException(DbException.java:520)
	at org.h2.message.DbException.getJdbcSQLException(DbException.java:489)
	at org.h2.message.DbException.get(DbException.java:223)
	at org.h2.message.DbException.get(DbException.java:199)
	at org.h2.constraint.ConstraintReferential.checkRow(ConstraintReferential.java:362)
	at org.h2.constraint.ConstraintReferential.checkRowRefTable(ConstraintReferential.java:379)
	at org.h2.constraint.ConstraintReferential.checkRow(ConstraintReferential.java:253)
	at org.h2.table.Table.fireConstraints(Table.java:1227)
	at org.h2.table.Table.fireAfterRow(Table.java:1245)
	at org.h2.command.dml.Delete.update(Delete.java:92)
	at org.h2.command.dml.DataChangeStatement.update(DataChangeStatement.java:74)
	at org.h2.command.CommandContainer.update(CommandContainer.java:139)
	at org.h2.command.Command.executeUpdate(Command.java:304)
	at org.h2.command.Command.executeUpdate(Command.java:248)
	at org.h2.jdbc.JdbcPreparedStatement.executeUpdateInternal(JdbcPreparedStatement.java:213)
	at org.h2.jdbc.JdbcPreparedStatement.executeUpdate(JdbcPreparedStatement.java:172)
	at io.agroal.pool.wrapper.PreparedStatementWrapper.executeUpdate(PreparedStatementWrapper.java:90)
	at org.hibernate.sql.exec.internal.StandardJdbcMutationExecutor.execute(StandardJdbcMutationExecutor.java:77)
	... 25 more
]]></error>
    <system-out><![CDATA[2025-07-02 14:26:57,806 DEBUG [org.hib.SQL] (main) delete from brands b1_0
2025-07-02 14:26:57,806 WARN  [org.hib.orm.jdb.error] (main) HHH000247: ErrorCode: 23503, SQLState: 23503
2025-07-02 14:26:57,806 WARN  [org.hib.orm.jdb.error] (main) Referential integrity constraint violation: "FKA3A4MPSFDF4D2Y6R8RA3SC8MV: PUBLIC.PRODUCTS FOREIGN KEY(BRAND_ID) REFERENCES PUBLIC.BRANDS(ID) (CAST(7 AS BIGINT))"; SQL statement:
delete from brands b1_0 [23503-230]
]]></system-out>
  </testcase>
  <testcase name="testFindBrandByName" classname="org.acme.service.BrandServiceTest" time="0.002">
    <error message="JDBC exception executing SQL [delete from brands b1_0] [Referential integrity constraint violation: &quot;FKA3A4MPSFDF4D2Y6R8RA3SC8MV: PUBLIC.PRODUCTS FOREIGN KEY(BRAND_ID) REFERENCES PUBLIC.BRANDS(ID) (CAST(7 AS BIGINT))&quot;; SQL statement:&#10;delete from brands b1_0 [23503-230]] [n/a]" type="org.hibernate.exception.ConstraintViolationException"><![CDATA[org.hibernate.exception.ConstraintViolationException: 
JDBC exception executing SQL [delete from brands b1_0] [Referential integrity constraint violation: "FKA3A4MPSFDF4D2Y6R8RA3SC8MV: PUBLIC.PRODUCTS FOREIGN KEY(BRAND_ID) REFERENCES PUBLIC.BRANDS(ID) (CAST(7 AS BIGINT))"; SQL statement:
delete from brands b1_0 [23503-230]] [n/a]
	at org.hibernate.dialect.H2Dialect.lambda$buildSQLExceptionConversionDelegate$3(H2Dialect.java:829)
	at org.hibernate.exception.internal.StandardSQLExceptionConverter.convert(StandardSQLExceptionConverter.java:34)
	at org.hibernate.engine.jdbc.spi.SqlExceptionHelper.convert(SqlExceptionHelper.java:115)
	at org.hibernate.engine.jdbc.spi.SqlExceptionHelper.convert(SqlExceptionHelper.java:101)
	at org.hibernate.sql.exec.internal.StandardJdbcMutationExecutor.handleException(StandardJdbcMutationExecutor.java:102)
	at org.hibernate.sql.exec.internal.StandardJdbcMutationExecutor.execute(StandardJdbcMutationExecutor.java:91)
	at org.hibernate.query.sqm.internal.SimpleDeleteQueryPlan.executeUpdate(SimpleDeleteQueryPlan.java:181)
	at org.hibernate.query.sqm.internal.QuerySqmImpl.doExecuteUpdate(QuerySqmImpl.java:543)
	at org.hibernate.query.sqm.internal.QuerySqmImpl.executeUpdate(QuerySqmImpl.java:515)
	at io.quarkus.hibernate.orm.panache.common.runtime.AbstractJpaOperations.deleteAll(AbstractJpaOperations.java:400)
	at org.acme.entity.Brand.deleteAll(Brand.java)
	at org.acme.service.BrandServiceTest.setUp(BrandServiceTest.java:29)
	at org.acme.service.BrandServiceTest_Subclass.setUp$$superforward(Unknown Source)
	at org.acme.service.BrandServiceTest_Subclass$$function$$1.apply(Unknown Source)
	at io.quarkus.arc.impl.AroundInvokeInvocationContext.proceed(AroundInvokeInvocationContext.java:73)
	at io.quarkus.arc.impl.AroundInvokeInvocationContext.proceed(AroundInvokeInvocationContext.java:62)
	at io.quarkus.narayana.jta.runtime.interceptor.TransactionalInterceptorBase.invokeInOurTx(TransactionalInterceptorBase.java:136)
	at io.quarkus.narayana.jta.runtime.interceptor.TransactionalInterceptorBase.invokeInOurTx(TransactionalInterceptorBase.java:107)
	at io.quarkus.narayana.jta.runtime.interceptor.TransactionalInterceptorRequired.doIntercept(TransactionalInterceptorRequired.java:38)
	at io.quarkus.narayana.jta.runtime.interceptor.TransactionalInterceptorBase.intercept(TransactionalInterceptorBase.java:61)
	at io.quarkus.narayana.jta.runtime.interceptor.TransactionalInterceptorRequired.intercept(TransactionalInterceptorRequired.java:32)
	at io.quarkus.narayana.jta.runtime.interceptor.TransactionalInterceptorRequired_Bean.intercept(Unknown Source)
	at io.quarkus.arc.impl.InterceptorInvocation.invoke(InterceptorInvocation.java:42)
	at io.quarkus.arc.impl.AroundInvokeInvocationContext.perform(AroundInvokeInvocationContext.java:30)
	at io.quarkus.arc.impl.InvocationContexts.performAroundInvoke(InvocationContexts.java:27)
	at org.acme.service.BrandServiceTest_Subclass.setUp(Unknown Source)
	at java.base/java.lang.reflect.Method.invoke(Method.java:580)
	at io.quarkus.test.junit.QuarkusTestExtension.runExtensionMethod(QuarkusTestExtension.java:1000)
	at io.quarkus.test.junit.QuarkusTestExtension.interceptBeforeEachMethod(QuarkusTestExtension.java:829)
	at java.base/java.util.ArrayList.forEach(ArrayList.java:1597)
	at java.base/java.util.ArrayList.forEach(ArrayList.java:1597)
Caused by: org.h2.jdbc.JdbcSQLIntegrityConstraintViolationException: Referential integrity constraint violation: "FKA3A4MPSFDF4D2Y6R8RA3SC8MV: PUBLIC.PRODUCTS FOREIGN KEY(BRAND_ID) REFERENCES PUBLIC.BRANDS(ID) (CAST(7 AS BIGINT))"; SQL statement:
delete from brands b1_0 [23503-230]
	at org.h2.message.DbException.getJdbcSQLException(DbException.java:520)
	at org.h2.message.DbException.getJdbcSQLException(DbException.java:489)
	at org.h2.message.DbException.get(DbException.java:223)
	at org.h2.message.DbException.get(DbException.java:199)
	at org.h2.constraint.ConstraintReferential.checkRow(ConstraintReferential.java:362)
	at org.h2.constraint.ConstraintReferential.checkRowRefTable(ConstraintReferential.java:379)
	at org.h2.constraint.ConstraintReferential.checkRow(ConstraintReferential.java:253)
	at org.h2.table.Table.fireConstraints(Table.java:1227)
	at org.h2.table.Table.fireAfterRow(Table.java:1245)
	at org.h2.command.dml.Delete.update(Delete.java:92)
	at org.h2.command.dml.DataChangeStatement.update(DataChangeStatement.java:74)
	at org.h2.command.CommandContainer.update(CommandContainer.java:139)
	at org.h2.command.Command.executeUpdate(Command.java:304)
	at org.h2.command.Command.executeUpdate(Command.java:248)
	at org.h2.jdbc.JdbcPreparedStatement.executeUpdateInternal(JdbcPreparedStatement.java:213)
	at org.h2.jdbc.JdbcPreparedStatement.executeUpdate(JdbcPreparedStatement.java:172)
	at io.agroal.pool.wrapper.PreparedStatementWrapper.executeUpdate(PreparedStatementWrapper.java:90)
	at org.hibernate.sql.exec.internal.StandardJdbcMutationExecutor.execute(StandardJdbcMutationExecutor.java:77)
	... 25 more
]]></error>
    <system-out><![CDATA[2025-07-02 14:26:57,809 DEBUG [org.hib.SQL] (main) delete from brands b1_0
2025-07-02 14:26:57,809 WARN  [org.hib.orm.jdb.error] (main) HHH000247: ErrorCode: 23503, SQLState: 23503
2025-07-02 14:26:57,809 WARN  [org.hib.orm.jdb.error] (main) Referential integrity constraint violation: "FKA3A4MPSFDF4D2Y6R8RA3SC8MV: PUBLIC.PRODUCTS FOREIGN KEY(BRAND_ID) REFERENCES PUBLIC.BRANDS(ID) (CAST(7 AS BIGINT))"; SQL statement:
delete from brands b1_0 [23503-230]
]]></system-out>
  </testcase>
  <testcase name="testFindBrandByIdNotFound" classname="org.acme.service.BrandServiceTest" time="0.003">
    <error message="JDBC exception executing SQL [delete from brands b1_0] [Referential integrity constraint violation: &quot;FKA3A4MPSFDF4D2Y6R8RA3SC8MV: PUBLIC.PRODUCTS FOREIGN KEY(BRAND_ID) REFERENCES PUBLIC.BRANDS(ID) (CAST(7 AS BIGINT))&quot;; SQL statement:&#10;delete from brands b1_0 [23503-230]] [n/a]" type="org.hibernate.exception.ConstraintViolationException"><![CDATA[org.hibernate.exception.ConstraintViolationException: 
JDBC exception executing SQL [delete from brands b1_0] [Referential integrity constraint violation: "FKA3A4MPSFDF4D2Y6R8RA3SC8MV: PUBLIC.PRODUCTS FOREIGN KEY(BRAND_ID) REFERENCES PUBLIC.BRANDS(ID) (CAST(7 AS BIGINT))"; SQL statement:
delete from brands b1_0 [23503-230]] [n/a]
	at org.hibernate.dialect.H2Dialect.lambda$buildSQLExceptionConversionDelegate$3(H2Dialect.java:829)
	at org.hibernate.exception.internal.StandardSQLExceptionConverter.convert(StandardSQLExceptionConverter.java:34)
	at org.hibernate.engine.jdbc.spi.SqlExceptionHelper.convert(SqlExceptionHelper.java:115)
	at org.hibernate.engine.jdbc.spi.SqlExceptionHelper.convert(SqlExceptionHelper.java:101)
	at org.hibernate.sql.exec.internal.StandardJdbcMutationExecutor.handleException(StandardJdbcMutationExecutor.java:102)
	at org.hibernate.sql.exec.internal.StandardJdbcMutationExecutor.execute(StandardJdbcMutationExecutor.java:91)
	at org.hibernate.query.sqm.internal.SimpleDeleteQueryPlan.executeUpdate(SimpleDeleteQueryPlan.java:181)
	at org.hibernate.query.sqm.internal.QuerySqmImpl.doExecuteUpdate(QuerySqmImpl.java:543)
	at org.hibernate.query.sqm.internal.QuerySqmImpl.executeUpdate(QuerySqmImpl.java:515)
	at io.quarkus.hibernate.orm.panache.common.runtime.AbstractJpaOperations.deleteAll(AbstractJpaOperations.java:400)
	at org.acme.entity.Brand.deleteAll(Brand.java)
	at org.acme.service.BrandServiceTest.setUp(BrandServiceTest.java:29)
	at org.acme.service.BrandServiceTest_Subclass.setUp$$superforward(Unknown Source)
	at org.acme.service.BrandServiceTest_Subclass$$function$$1.apply(Unknown Source)
	at io.quarkus.arc.impl.AroundInvokeInvocationContext.proceed(AroundInvokeInvocationContext.java:73)
	at io.quarkus.arc.impl.AroundInvokeInvocationContext.proceed(AroundInvokeInvocationContext.java:62)
	at io.quarkus.narayana.jta.runtime.interceptor.TransactionalInterceptorBase.invokeInOurTx(TransactionalInterceptorBase.java:136)
	at io.quarkus.narayana.jta.runtime.interceptor.TransactionalInterceptorBase.invokeInOurTx(TransactionalInterceptorBase.java:107)
	at io.quarkus.narayana.jta.runtime.interceptor.TransactionalInterceptorRequired.doIntercept(TransactionalInterceptorRequired.java:38)
	at io.quarkus.narayana.jta.runtime.interceptor.TransactionalInterceptorBase.intercept(TransactionalInterceptorBase.java:61)
	at io.quarkus.narayana.jta.runtime.interceptor.TransactionalInterceptorRequired.intercept(TransactionalInterceptorRequired.java:32)
	at io.quarkus.narayana.jta.runtime.interceptor.TransactionalInterceptorRequired_Bean.intercept(Unknown Source)
	at io.quarkus.arc.impl.InterceptorInvocation.invoke(InterceptorInvocation.java:42)
	at io.quarkus.arc.impl.AroundInvokeInvocationContext.perform(AroundInvokeInvocationContext.java:30)
	at io.quarkus.arc.impl.InvocationContexts.performAroundInvoke(InvocationContexts.java:27)
	at org.acme.service.BrandServiceTest_Subclass.setUp(Unknown Source)
	at java.base/java.lang.reflect.Method.invoke(Method.java:580)
	at io.quarkus.test.junit.QuarkusTestExtension.runExtensionMethod(QuarkusTestExtension.java:1000)
	at io.quarkus.test.junit.QuarkusTestExtension.interceptBeforeEachMethod(QuarkusTestExtension.java:829)
	at java.base/java.util.ArrayList.forEach(ArrayList.java:1597)
	at java.base/java.util.ArrayList.forEach(ArrayList.java:1597)
Caused by: org.h2.jdbc.JdbcSQLIntegrityConstraintViolationException: Referential integrity constraint violation: "FKA3A4MPSFDF4D2Y6R8RA3SC8MV: PUBLIC.PRODUCTS FOREIGN KEY(BRAND_ID) REFERENCES PUBLIC.BRANDS(ID) (CAST(7 AS BIGINT))"; SQL statement:
delete from brands b1_0 [23503-230]
	at org.h2.message.DbException.getJdbcSQLException(DbException.java:520)
	at org.h2.message.DbException.getJdbcSQLException(DbException.java:489)
	at org.h2.message.DbException.get(DbException.java:223)
	at org.h2.message.DbException.get(DbException.java:199)
	at org.h2.constraint.ConstraintReferential.checkRow(ConstraintReferential.java:362)
	at org.h2.constraint.ConstraintReferential.checkRowRefTable(ConstraintReferential.java:379)
	at org.h2.constraint.ConstraintReferential.checkRow(ConstraintReferential.java:253)
	at org.h2.table.Table.fireConstraints(Table.java:1227)
	at org.h2.table.Table.fireAfterRow(Table.java:1245)
	at org.h2.command.dml.Delete.update(Delete.java:92)
	at org.h2.command.dml.DataChangeStatement.update(DataChangeStatement.java:74)
	at org.h2.command.CommandContainer.update(CommandContainer.java:139)
	at org.h2.command.Command.executeUpdate(Command.java:304)
	at org.h2.command.Command.executeUpdate(Command.java:248)
	at org.h2.jdbc.JdbcPreparedStatement.executeUpdateInternal(JdbcPreparedStatement.java:213)
	at org.h2.jdbc.JdbcPreparedStatement.executeUpdate(JdbcPreparedStatement.java:172)
	at io.agroal.pool.wrapper.PreparedStatementWrapper.executeUpdate(PreparedStatementWrapper.java:90)
	at org.hibernate.sql.exec.internal.StandardJdbcMutationExecutor.execute(StandardJdbcMutationExecutor.java:77)
	... 25 more
]]></error>
    <system-out><![CDATA[2025-07-02 14:26:57,811 DEBUG [org.hib.SQL] (main) delete from brands b1_0
2025-07-02 14:26:57,812 WARN  [org.hib.orm.jdb.error] (main) HHH000247: ErrorCode: 23503, SQLState: 23503
2025-07-02 14:26:57,812 WARN  [org.hib.orm.jdb.error] (main) Referential integrity constraint violation: "FKA3A4MPSFDF4D2Y6R8RA3SC8MV: PUBLIC.PRODUCTS FOREIGN KEY(BRAND_ID) REFERENCES PUBLIC.BRANDS(ID) (CAST(7 AS BIGINT))"; SQL statement:
delete from brands b1_0 [23503-230]
]]></system-out>
  </testcase>
  <testcase name="testFindBrandById" classname="org.acme.service.BrandServiceTest" time="0.002">
    <error message="JDBC exception executing SQL [delete from brands b1_0] [Referential integrity constraint violation: &quot;FKA3A4MPSFDF4D2Y6R8RA3SC8MV: PUBLIC.PRODUCTS FOREIGN KEY(BRAND_ID) REFERENCES PUBLIC.BRANDS(ID) (CAST(7 AS BIGINT))&quot;; SQL statement:&#10;delete from brands b1_0 [23503-230]] [n/a]" type="org.hibernate.exception.ConstraintViolationException"><![CDATA[org.hibernate.exception.ConstraintViolationException: 
JDBC exception executing SQL [delete from brands b1_0] [Referential integrity constraint violation: "FKA3A4MPSFDF4D2Y6R8RA3SC8MV: PUBLIC.PRODUCTS FOREIGN KEY(BRAND_ID) REFERENCES PUBLIC.BRANDS(ID) (CAST(7 AS BIGINT))"; SQL statement:
delete from brands b1_0 [23503-230]] [n/a]
	at org.hibernate.dialect.H2Dialect.lambda$buildSQLExceptionConversionDelegate$3(H2Dialect.java:829)
	at org.hibernate.exception.internal.StandardSQLExceptionConverter.convert(StandardSQLExceptionConverter.java:34)
	at org.hibernate.engine.jdbc.spi.SqlExceptionHelper.convert(SqlExceptionHelper.java:115)
	at org.hibernate.engine.jdbc.spi.SqlExceptionHelper.convert(SqlExceptionHelper.java:101)
	at org.hibernate.sql.exec.internal.StandardJdbcMutationExecutor.handleException(StandardJdbcMutationExecutor.java:102)
	at org.hibernate.sql.exec.internal.StandardJdbcMutationExecutor.execute(StandardJdbcMutationExecutor.java:91)
	at org.hibernate.query.sqm.internal.SimpleDeleteQueryPlan.executeUpdate(SimpleDeleteQueryPlan.java:181)
	at org.hibernate.query.sqm.internal.QuerySqmImpl.doExecuteUpdate(QuerySqmImpl.java:543)
	at org.hibernate.query.sqm.internal.QuerySqmImpl.executeUpdate(QuerySqmImpl.java:515)
	at io.quarkus.hibernate.orm.panache.common.runtime.AbstractJpaOperations.deleteAll(AbstractJpaOperations.java:400)
	at org.acme.entity.Brand.deleteAll(Brand.java)
	at org.acme.service.BrandServiceTest.setUp(BrandServiceTest.java:29)
	at org.acme.service.BrandServiceTest_Subclass.setUp$$superforward(Unknown Source)
	at org.acme.service.BrandServiceTest_Subclass$$function$$1.apply(Unknown Source)
	at io.quarkus.arc.impl.AroundInvokeInvocationContext.proceed(AroundInvokeInvocationContext.java:73)
	at io.quarkus.arc.impl.AroundInvokeInvocationContext.proceed(AroundInvokeInvocationContext.java:62)
	at io.quarkus.narayana.jta.runtime.interceptor.TransactionalInterceptorBase.invokeInOurTx(TransactionalInterceptorBase.java:136)
	at io.quarkus.narayana.jta.runtime.interceptor.TransactionalInterceptorBase.invokeInOurTx(TransactionalInterceptorBase.java:107)
	at io.quarkus.narayana.jta.runtime.interceptor.TransactionalInterceptorRequired.doIntercept(TransactionalInterceptorRequired.java:38)
	at io.quarkus.narayana.jta.runtime.interceptor.TransactionalInterceptorBase.intercept(TransactionalInterceptorBase.java:61)
	at io.quarkus.narayana.jta.runtime.interceptor.TransactionalInterceptorRequired.intercept(TransactionalInterceptorRequired.java:32)
	at io.quarkus.narayana.jta.runtime.interceptor.TransactionalInterceptorRequired_Bean.intercept(Unknown Source)
	at io.quarkus.arc.impl.InterceptorInvocation.invoke(InterceptorInvocation.java:42)
	at io.quarkus.arc.impl.AroundInvokeInvocationContext.perform(AroundInvokeInvocationContext.java:30)
	at io.quarkus.arc.impl.InvocationContexts.performAroundInvoke(InvocationContexts.java:27)
	at org.acme.service.BrandServiceTest_Subclass.setUp(Unknown Source)
	at java.base/java.lang.reflect.Method.invoke(Method.java:580)
	at io.quarkus.test.junit.QuarkusTestExtension.runExtensionMethod(QuarkusTestExtension.java:1000)
	at io.quarkus.test.junit.QuarkusTestExtension.interceptBeforeEachMethod(QuarkusTestExtension.java:829)
	at java.base/java.util.ArrayList.forEach(ArrayList.java:1597)
	at java.base/java.util.ArrayList.forEach(ArrayList.java:1597)
Caused by: org.h2.jdbc.JdbcSQLIntegrityConstraintViolationException: Referential integrity constraint violation: "FKA3A4MPSFDF4D2Y6R8RA3SC8MV: PUBLIC.PRODUCTS FOREIGN KEY(BRAND_ID) REFERENCES PUBLIC.BRANDS(ID) (CAST(7 AS BIGINT))"; SQL statement:
delete from brands b1_0 [23503-230]
	at org.h2.message.DbException.getJdbcSQLException(DbException.java:520)
	at org.h2.message.DbException.getJdbcSQLException(DbException.java:489)
	at org.h2.message.DbException.get(DbException.java:223)
	at org.h2.message.DbException.get(DbException.java:199)
	at org.h2.constraint.ConstraintReferential.checkRow(ConstraintReferential.java:362)
	at org.h2.constraint.ConstraintReferential.checkRowRefTable(ConstraintReferential.java:379)
	at org.h2.constraint.ConstraintReferential.checkRow(ConstraintReferential.java:253)
	at org.h2.table.Table.fireConstraints(Table.java:1227)
	at org.h2.table.Table.fireAfterRow(Table.java:1245)
	at org.h2.command.dml.Delete.update(Delete.java:92)
	at org.h2.command.dml.DataChangeStatement.update(DataChangeStatement.java:74)
	at org.h2.command.CommandContainer.update(CommandContainer.java:139)
	at org.h2.command.Command.executeUpdate(Command.java:304)
	at org.h2.command.Command.executeUpdate(Command.java:248)
	at org.h2.jdbc.JdbcPreparedStatement.executeUpdateInternal(JdbcPreparedStatement.java:213)
	at org.h2.jdbc.JdbcPreparedStatement.executeUpdate(JdbcPreparedStatement.java:172)
	at io.agroal.pool.wrapper.PreparedStatementWrapper.executeUpdate(PreparedStatementWrapper.java:90)
	at org.hibernate.sql.exec.internal.StandardJdbcMutationExecutor.execute(StandardJdbcMutationExecutor.java:77)
	... 25 more
]]></error>
    <system-out><![CDATA[2025-07-02 14:26:57,814 DEBUG [org.hib.SQL] (main) delete from brands b1_0
2025-07-02 14:26:57,814 WARN  [org.hib.orm.jdb.error] (main) HHH000247: ErrorCode: 23503, SQLState: 23503
2025-07-02 14:26:57,814 WARN  [org.hib.orm.jdb.error] (main) Referential integrity constraint violation: "FKA3A4MPSFDF4D2Y6R8RA3SC8MV: PUBLIC.PRODUCTS FOREIGN KEY(BRAND_ID) REFERENCES PUBLIC.BRANDS(ID) (CAST(7 AS BIGINT))"; SQL statement:
delete from brands b1_0 [23503-230]
]]></system-out>
  </testcase>
  <testcase name="testCreateBrandWithDuplicateName" classname="org.acme.service.BrandServiceTest" time="0.001">
    <error message="JDBC exception executing SQL [delete from brands b1_0] [Referential integrity constraint violation: &quot;FKA3A4MPSFDF4D2Y6R8RA3SC8MV: PUBLIC.PRODUCTS FOREIGN KEY(BRAND_ID) REFERENCES PUBLIC.BRANDS(ID) (CAST(7 AS BIGINT))&quot;; SQL statement:&#10;delete from brands b1_0 [23503-230]] [n/a]" type="org.hibernate.exception.ConstraintViolationException"><![CDATA[org.hibernate.exception.ConstraintViolationException: 
JDBC exception executing SQL [delete from brands b1_0] [Referential integrity constraint violation: "FKA3A4MPSFDF4D2Y6R8RA3SC8MV: PUBLIC.PRODUCTS FOREIGN KEY(BRAND_ID) REFERENCES PUBLIC.BRANDS(ID) (CAST(7 AS BIGINT))"; SQL statement:
delete from brands b1_0 [23503-230]] [n/a]
	at org.hibernate.dialect.H2Dialect.lambda$buildSQLExceptionConversionDelegate$3(H2Dialect.java:829)
	at org.hibernate.exception.internal.StandardSQLExceptionConverter.convert(StandardSQLExceptionConverter.java:34)
	at org.hibernate.engine.jdbc.spi.SqlExceptionHelper.convert(SqlExceptionHelper.java:115)
	at org.hibernate.engine.jdbc.spi.SqlExceptionHelper.convert(SqlExceptionHelper.java:101)
	at org.hibernate.sql.exec.internal.StandardJdbcMutationExecutor.handleException(StandardJdbcMutationExecutor.java:102)
	at org.hibernate.sql.exec.internal.StandardJdbcMutationExecutor.execute(StandardJdbcMutationExecutor.java:91)
	at org.hibernate.query.sqm.internal.SimpleDeleteQueryPlan.executeUpdate(SimpleDeleteQueryPlan.java:181)
	at org.hibernate.query.sqm.internal.QuerySqmImpl.doExecuteUpdate(QuerySqmImpl.java:543)
	at org.hibernate.query.sqm.internal.QuerySqmImpl.executeUpdate(QuerySqmImpl.java:515)
	at io.quarkus.hibernate.orm.panache.common.runtime.AbstractJpaOperations.deleteAll(AbstractJpaOperations.java:400)
	at org.acme.entity.Brand.deleteAll(Brand.java)
	at org.acme.service.BrandServiceTest.setUp(BrandServiceTest.java:29)
	at org.acme.service.BrandServiceTest_Subclass.setUp$$superforward(Unknown Source)
	at org.acme.service.BrandServiceTest_Subclass$$function$$1.apply(Unknown Source)
	at io.quarkus.arc.impl.AroundInvokeInvocationContext.proceed(AroundInvokeInvocationContext.java:73)
	at io.quarkus.arc.impl.AroundInvokeInvocationContext.proceed(AroundInvokeInvocationContext.java:62)
	at io.quarkus.narayana.jta.runtime.interceptor.TransactionalInterceptorBase.invokeInOurTx(TransactionalInterceptorBase.java:136)
	at io.quarkus.narayana.jta.runtime.interceptor.TransactionalInterceptorBase.invokeInOurTx(TransactionalInterceptorBase.java:107)
	at io.quarkus.narayana.jta.runtime.interceptor.TransactionalInterceptorRequired.doIntercept(TransactionalInterceptorRequired.java:38)
	at io.quarkus.narayana.jta.runtime.interceptor.TransactionalInterceptorBase.intercept(TransactionalInterceptorBase.java:61)
	at io.quarkus.narayana.jta.runtime.interceptor.TransactionalInterceptorRequired.intercept(TransactionalInterceptorRequired.java:32)
	at io.quarkus.narayana.jta.runtime.interceptor.TransactionalInterceptorRequired_Bean.intercept(Unknown Source)
	at io.quarkus.arc.impl.InterceptorInvocation.invoke(InterceptorInvocation.java:42)
	at io.quarkus.arc.impl.AroundInvokeInvocationContext.perform(AroundInvokeInvocationContext.java:30)
	at io.quarkus.arc.impl.InvocationContexts.performAroundInvoke(InvocationContexts.java:27)
	at org.acme.service.BrandServiceTest_Subclass.setUp(Unknown Source)
	at java.base/java.lang.reflect.Method.invoke(Method.java:580)
	at io.quarkus.test.junit.QuarkusTestExtension.runExtensionMethod(QuarkusTestExtension.java:1000)
	at io.quarkus.test.junit.QuarkusTestExtension.interceptBeforeEachMethod(QuarkusTestExtension.java:829)
	at java.base/java.util.ArrayList.forEach(ArrayList.java:1597)
	at java.base/java.util.ArrayList.forEach(ArrayList.java:1597)
Caused by: org.h2.jdbc.JdbcSQLIntegrityConstraintViolationException: Referential integrity constraint violation: "FKA3A4MPSFDF4D2Y6R8RA3SC8MV: PUBLIC.PRODUCTS FOREIGN KEY(BRAND_ID) REFERENCES PUBLIC.BRANDS(ID) (CAST(7 AS BIGINT))"; SQL statement:
delete from brands b1_0 [23503-230]
	at org.h2.message.DbException.getJdbcSQLException(DbException.java:520)
	at org.h2.message.DbException.getJdbcSQLException(DbException.java:489)
	at org.h2.message.DbException.get(DbException.java:223)
	at org.h2.message.DbException.get(DbException.java:199)
	at org.h2.constraint.ConstraintReferential.checkRow(ConstraintReferential.java:362)
	at org.h2.constraint.ConstraintReferential.checkRowRefTable(ConstraintReferential.java:379)
	at org.h2.constraint.ConstraintReferential.checkRow(ConstraintReferential.java:253)
	at org.h2.table.Table.fireConstraints(Table.java:1227)
	at org.h2.table.Table.fireAfterRow(Table.java:1245)
	at org.h2.command.dml.Delete.update(Delete.java:92)
	at org.h2.command.dml.DataChangeStatement.update(DataChangeStatement.java:74)
	at org.h2.command.CommandContainer.update(CommandContainer.java:139)
	at org.h2.command.Command.executeUpdate(Command.java:304)
	at org.h2.command.Command.executeUpdate(Command.java:248)
	at org.h2.jdbc.JdbcPreparedStatement.executeUpdateInternal(JdbcPreparedStatement.java:213)
	at org.h2.jdbc.JdbcPreparedStatement.executeUpdate(JdbcPreparedStatement.java:172)
	at io.agroal.pool.wrapper.PreparedStatementWrapper.executeUpdate(PreparedStatementWrapper.java:90)
	at org.hibernate.sql.exec.internal.StandardJdbcMutationExecutor.execute(StandardJdbcMutationExecutor.java:77)
	... 25 more
]]></error>
    <system-out><![CDATA[2025-07-02 14:26:57,817 DEBUG [org.hib.SQL] (main) delete from brands b1_0
2025-07-02 14:26:57,817 WARN  [org.hib.orm.jdb.error] (main) HHH000247: ErrorCode: 23503, SQLState: 23503
2025-07-02 14:26:57,817 WARN  [org.hib.orm.jdb.error] (main) Referential integrity constraint violation: "FKA3A4MPSFDF4D2Y6R8RA3SC8MV: PUBLIC.PRODUCTS FOREIGN KEY(BRAND_ID) REFERENCES PUBLIC.BRANDS(ID) (CAST(7 AS BIGINT))"; SQL statement:
delete from brands b1_0 [23503-230]
]]></system-out>
  </testcase>
  <testcase name="testFindBrandByNameNotFound" classname="org.acme.service.BrandServiceTest" time="0.001">
    <error message="JDBC exception executing SQL [delete from brands b1_0] [Referential integrity constraint violation: &quot;FKA3A4MPSFDF4D2Y6R8RA3SC8MV: PUBLIC.PRODUCTS FOREIGN KEY(BRAND_ID) REFERENCES PUBLIC.BRANDS(ID) (CAST(7 AS BIGINT))&quot;; SQL statement:&#10;delete from brands b1_0 [23503-230]] [n/a]" type="org.hibernate.exception.ConstraintViolationException"><![CDATA[org.hibernate.exception.ConstraintViolationException: 
JDBC exception executing SQL [delete from brands b1_0] [Referential integrity constraint violation: "FKA3A4MPSFDF4D2Y6R8RA3SC8MV: PUBLIC.PRODUCTS FOREIGN KEY(BRAND_ID) REFERENCES PUBLIC.BRANDS(ID) (CAST(7 AS BIGINT))"; SQL statement:
delete from brands b1_0 [23503-230]] [n/a]
	at org.hibernate.dialect.H2Dialect.lambda$buildSQLExceptionConversionDelegate$3(H2Dialect.java:829)
	at org.hibernate.exception.internal.StandardSQLExceptionConverter.convert(StandardSQLExceptionConverter.java:34)
	at org.hibernate.engine.jdbc.spi.SqlExceptionHelper.convert(SqlExceptionHelper.java:115)
	at org.hibernate.engine.jdbc.spi.SqlExceptionHelper.convert(SqlExceptionHelper.java:101)
	at org.hibernate.sql.exec.internal.StandardJdbcMutationExecutor.handleException(StandardJdbcMutationExecutor.java:102)
	at org.hibernate.sql.exec.internal.StandardJdbcMutationExecutor.execute(StandardJdbcMutationExecutor.java:91)
	at org.hibernate.query.sqm.internal.SimpleDeleteQueryPlan.executeUpdate(SimpleDeleteQueryPlan.java:181)
	at org.hibernate.query.sqm.internal.QuerySqmImpl.doExecuteUpdate(QuerySqmImpl.java:543)
	at org.hibernate.query.sqm.internal.QuerySqmImpl.executeUpdate(QuerySqmImpl.java:515)
	at io.quarkus.hibernate.orm.panache.common.runtime.AbstractJpaOperations.deleteAll(AbstractJpaOperations.java:400)
	at org.acme.entity.Brand.deleteAll(Brand.java)
	at org.acme.service.BrandServiceTest.setUp(BrandServiceTest.java:29)
	at org.acme.service.BrandServiceTest_Subclass.setUp$$superforward(Unknown Source)
	at org.acme.service.BrandServiceTest_Subclass$$function$$1.apply(Unknown Source)
	at io.quarkus.arc.impl.AroundInvokeInvocationContext.proceed(AroundInvokeInvocationContext.java:73)
	at io.quarkus.arc.impl.AroundInvokeInvocationContext.proceed(AroundInvokeInvocationContext.java:62)
	at io.quarkus.narayana.jta.runtime.interceptor.TransactionalInterceptorBase.invokeInOurTx(TransactionalInterceptorBase.java:136)
	at io.quarkus.narayana.jta.runtime.interceptor.TransactionalInterceptorBase.invokeInOurTx(TransactionalInterceptorBase.java:107)
	at io.quarkus.narayana.jta.runtime.interceptor.TransactionalInterceptorRequired.doIntercept(TransactionalInterceptorRequired.java:38)
	at io.quarkus.narayana.jta.runtime.interceptor.TransactionalInterceptorBase.intercept(TransactionalInterceptorBase.java:61)
	at io.quarkus.narayana.jta.runtime.interceptor.TransactionalInterceptorRequired.intercept(TransactionalInterceptorRequired.java:32)
	at io.quarkus.narayana.jta.runtime.interceptor.TransactionalInterceptorRequired_Bean.intercept(Unknown Source)
	at io.quarkus.arc.impl.InterceptorInvocation.invoke(InterceptorInvocation.java:42)
	at io.quarkus.arc.impl.AroundInvokeInvocationContext.perform(AroundInvokeInvocationContext.java:30)
	at io.quarkus.arc.impl.InvocationContexts.performAroundInvoke(InvocationContexts.java:27)
	at org.acme.service.BrandServiceTest_Subclass.setUp(Unknown Source)
	at java.base/java.lang.reflect.Method.invoke(Method.java:580)
	at io.quarkus.test.junit.QuarkusTestExtension.runExtensionMethod(QuarkusTestExtension.java:1000)
	at io.quarkus.test.junit.QuarkusTestExtension.interceptBeforeEachMethod(QuarkusTestExtension.java:829)
	at java.base/java.util.ArrayList.forEach(ArrayList.java:1597)
	at java.base/java.util.ArrayList.forEach(ArrayList.java:1597)
Caused by: org.h2.jdbc.JdbcSQLIntegrityConstraintViolationException: Referential integrity constraint violation: "FKA3A4MPSFDF4D2Y6R8RA3SC8MV: PUBLIC.PRODUCTS FOREIGN KEY(BRAND_ID) REFERENCES PUBLIC.BRANDS(ID) (CAST(7 AS BIGINT))"; SQL statement:
delete from brands b1_0 [23503-230]
	at org.h2.message.DbException.getJdbcSQLException(DbException.java:520)
	at org.h2.message.DbException.getJdbcSQLException(DbException.java:489)
	at org.h2.message.DbException.get(DbException.java:223)
	at org.h2.message.DbException.get(DbException.java:199)
	at org.h2.constraint.ConstraintReferential.checkRow(ConstraintReferential.java:362)
	at org.h2.constraint.ConstraintReferential.checkRowRefTable(ConstraintReferential.java:379)
	at org.h2.constraint.ConstraintReferential.checkRow(ConstraintReferential.java:253)
	at org.h2.table.Table.fireConstraints(Table.java:1227)
	at org.h2.table.Table.fireAfterRow(Table.java:1245)
	at org.h2.command.dml.Delete.update(Delete.java:92)
	at org.h2.command.dml.DataChangeStatement.update(DataChangeStatement.java:74)
	at org.h2.command.CommandContainer.update(CommandContainer.java:139)
	at org.h2.command.Command.executeUpdate(Command.java:304)
	at org.h2.command.Command.executeUpdate(Command.java:248)
	at org.h2.jdbc.JdbcPreparedStatement.executeUpdateInternal(JdbcPreparedStatement.java:213)
	at org.h2.jdbc.JdbcPreparedStatement.executeUpdate(JdbcPreparedStatement.java:172)
	at io.agroal.pool.wrapper.PreparedStatementWrapper.executeUpdate(PreparedStatementWrapper.java:90)
	at org.hibernate.sql.exec.internal.StandardJdbcMutationExecutor.execute(StandardJdbcMutationExecutor.java:77)
	... 25 more
]]></error>
    <system-out><![CDATA[2025-07-02 14:26:57,818 DEBUG [org.hib.SQL] (main) delete from brands b1_0
2025-07-02 14:26:57,819 WARN  [org.hib.orm.jdb.error] (main) HHH000247: ErrorCode: 23503, SQLState: 23503
2025-07-02 14:26:57,819 WARN  [org.hib.orm.jdb.error] (main) Referential integrity constraint violation: "FKA3A4MPSFDF4D2Y6R8RA3SC8MV: PUBLIC.PRODUCTS FOREIGN KEY(BRAND_ID) REFERENCES PUBLIC.BRANDS(ID) (CAST(7 AS BIGINT))"; SQL statement:
delete from brands b1_0 [23503-230]
]]></system-out>
  </testcase>
</testsuite>